============================= test session starts ==============================
platform linux -- Python 3.8.5, pytest-6.2.3, py-1.10.0, pluggy-0.13.1
rootdir: /dc-app-performance-toolkit/app
plugins: apiritif-0.9.6
collected 8 items

selenium_ui/confluence_ui.py first driver inits
node_id:36057380
1624546084406,350,selenium_login:open_login_page,Success,True
1624546084997,511,selenium_login:login_and_view_dashboard,Success,True
1624546084997,942,selenium_login,Success,True
.test_0_selenium_a_login,Total:1 Passed:1 Failed:0
1624546085915,901,selenium_view_page,Success,True
.test_1_selenium_view_page,Total:2 Passed:2 Failed:0
1624546087952,2035,selenium_create_page:open_create_page_editor,Success,True
1624546088701,649,selenium_create_page:save_created_page,Success,True
1624546088701,2785,selenium_create_page,Success,True
.test_1_selenium_create_page,Total:3 Passed:3 Failed:0
1624546089778,1075,selenium_edit_page:open_create_page_editor,Success,True
1624546090457,660,selenium_edit_page:save_edited_page,Success,True
1624546090457,1754,selenium_edit_page,Success,True
.test_1_selenium_edit_page,Total:4 Passed:4 Failed:0
1624546091433,634,selenium_create_comment:write_comment,Success,True
1624546092076,642,selenium_create_comment:save_comment,Success,True
1624546092076,1617,selenium_create_comment,Success,True
.test_1_selenium_create_comment,Total:5 Passed:5 Failed:0
1624546093758,1681,selenium_view_blog,Success,True
.test_1_selenium_view_blog,Total:6 Passed:6 Failed:0
1624546093934,174,selenium_view_dashboard,Success,True
.test_1_selenium_view_dashboard,Total:7 Passed:7 Failed:0
1624546094042,106,selenium_log_out,Success,True
.test_2_selenium_z_log_out,Total:8 Passed:8 Failed:0


=============================== warnings summary ===============================
../../usr/local/lib/python3.8/dist-packages/_pytest/config/__init__.py:1114
  /usr/local/lib/python3.8/dist-packages/_pytest/config/__init__.py:1114: PytestAssertRewriteWarning: Module already imported so cannot be rewritten: apiritif
    self._mark_plugins_for_rewrite(hook)

-- Docs: https://docs.pytest.org/en/stable/warnings.html
======================== 8 passed, 1 warning in 11.15s =========================
============================= test session starts ==============================
platform linux -- Python 3.8.5, pytest-6.2.3, py-1.10.0, pluggy-0.13.1
rootdir: /dc-app-performance-toolkit/app
plugins: apiritif-0.9.6
collected 8 items

selenium_ui/confluence_ui.py get driver from global
clear browser cookies
node_id:36057380
1624546094226,115,selenium_login:open_login_page,Success,True
1624546094551,250,selenium_login:login_and_view_dashboard,Success,True
1624546094551,440,selenium_login,Success,True
.test_0_selenium_a_login,Total:9 Passed:9 Failed:0
1624546094917,350,selenium_view_page,Success,True
.test_1_selenium_view_page,Total:10 Passed:10 Failed:0
1624546095617,697,selenium_create_page:open_create_page_editor,Success,True
1624546096302,586,selenium_create_page:save_created_page,Success,True
1624546096302,1383,selenium_create_page,Success,True
.test_1_selenium_create_page,Total:11 Passed:11 Failed:0
1624546098375,2071,selenium_edit_page:open_create_page_editor,Success,True
1624546099082,688,selenium_edit_page:save_edited_page,Success,True
1624546099082,2778,selenium_edit_page,Success,True
.test_1_selenium_edit_page,Total:12 Passed:12 Failed:0
1624546099987,626,selenium_create_comment:write_comment,Success,True
1624546100589,602,selenium_create_comment:save_comment,Success,True
1624546100589,1505,selenium_create_comment,Success,True
.test_1_selenium_create_comment,Total:13 Passed:13 Failed:0
1624546101648,1058,selenium_view_blog,Success,True
.test_1_selenium_view_blog,Total:14 Passed:14 Failed:0
1624546101821,171,selenium_view_dashboard,Success,True
.test_1_selenium_view_dashboard,Total:15 Passed:15 Failed:0
1624546101928,105,selenium_log_out,Success,True
.test_2_selenium_z_log_out,Total:16 Passed:16 Failed:0


=============================== warnings summary ===============================
../../usr/local/lib/python3.8/dist-packages/_pytest/config/__init__.py:1114
  /usr/local/lib/python3.8/dist-packages/_pytest/config/__init__.py:1114: PytestAssertRewriteWarning: Module already imported so cannot be rewritten: apiritif
    self._mark_plugins_for_rewrite(hook)

-- Docs: https://docs.pytest.org/en/stable/warnings.html
========================= 8 passed, 1 warning in 7.85s =========================
============================= test session starts ==============================
platform linux -- Python 3.8.5, pytest-6.2.3, py-1.10.0, pluggy-0.13.1
rootdir: /dc-app-performance-toolkit/app
plugins: apiritif-0.9.6
collected 8 items

selenium_ui/confluence_ui.py get driver from global
clear browser cookies
node_id:36057380
1624546102107,116,selenium_login:open_login_page,Success,True
1624546102437,262,selenium_login:login_and_view_dashboard,Success,True
1624546102437,446,selenium_login,Success,True
.test_0_selenium_a_login,Total:17 Passed:17 Failed:0
1624546102912,460,selenium_view_page,Success,True
.test_1_selenium_view_page,Total:18 Passed:18 Failed:0
1624546103705,791,selenium_create_page:open_create_page_editor,Success,True
1624546104404,599,selenium_create_page:save_created_page,Success,True
1624546104404,1491,selenium_create_page,Success,True
.test_1_selenium_create_page,Total:19 Passed:19 Failed:0
1624546105777,1371,selenium_edit_page:open_create_page_editor,Success,True
1624546106644,846,selenium_edit_page:save_edited_page,Success,True
1624546106644,2238,selenium_edit_page,Success,True
.test_1_selenium_edit_page,Total:20 Passed:20 Failed:0
1624546107699,684,selenium_create_comment:write_comment,Success,True
1624546107838,138,selenium_create_comment:save_comment,Success,True
1624546107838,1192,selenium_create_comment,Success,True
.test_1_selenium_create_comment,Total:21 Passed:21 Failed:0
1624546108264,424,selenium_view_blog,Success,True
.test_1_selenium_view_blog,Total:22 Passed:22 Failed:0
1624546108434,168,selenium_view_dashboard,Success,True
.test_1_selenium_view_dashboard,Total:23 Passed:23 Failed:0
1624546108544,108,selenium_log_out,Success,True
.test_2_selenium_z_log_out,Total:24 Passed:24 Failed:0


=============================== warnings summary ===============================
../../usr/local/lib/python3.8/dist-packages/_pytest/config/__init__.py:1114
  /usr/local/lib/python3.8/dist-packages/_pytest/config/__init__.py:1114: PytestAssertRewriteWarning: Module already imported so cannot be rewritten: apiritif
    self._mark_plugins_for_rewrite(hook)

-- Docs: https://docs.pytest.org/en/stable/warnings.html
========================= 8 passed, 1 warning in 6.58s =========================
============================= test session starts ==============================
platform linux -- Python 3.8.5, pytest-6.2.3, py-1.10.0, pluggy-0.13.1
rootdir: /dc-app-performance-toolkit/app
plugins: apiritif-0.9.6
collected 8 items

selenium_ui/confluence_ui.py get driver from global
clear browser cookies
node_id:36057380
1624546108726,114,selenium_login:open_login_page,Success,True
1624546109057,262,selenium_login:login_and_view_dashboard,Success,True
1624546109058,445,selenium_login,Success,True
.test_0_selenium_a_login,Total:25 Passed:25 Failed:0
1624546109452,357,selenium_view_page,Success,True
.test_1_selenium_view_page,Total:26 Passed:26 Failed:0
1624546110150,696,selenium_create_page:open_create_page_editor,Success,True
1624546110876,622,selenium_create_page:save_created_page,Success,True
1624546110877,1423,selenium_create_page,Success,True
.test_1_selenium_create_page,Total:27 Passed:27 Failed:0
1624546112981,2103,selenium_edit_page:open_create_page_editor,Success,True
1624546113660,657,selenium_edit_page:save_edited_page,Success,True
1624546113660,2782,selenium_edit_page,Success,True
.test_1_selenium_edit_page,Total:28 Passed:28 Failed:0
1624546114303,333,selenium_create_comment:write_comment,Success,True
1624546114927,623,selenium_create_comment:save_comment,Success,True
1624546114927,1265,selenium_create_comment,Success,True
.test_1_selenium_create_comment,Total:29 Passed:29 Failed:0
1624546116349,1420,selenium_view_blog,Success,True
.test_1_selenium_view_blog,Total:30 Passed:30 Failed:0
1624546116635,284,selenium_view_dashboard,Success,True
.test_1_selenium_view_dashboard,Total:31 Passed:31 Failed:0
1624546116744,108,selenium_log_out,Success,True
.test_2_selenium_z_log_out,Total:32 Passed:32 Failed:0


=============================== warnings summary ===============================
../../usr/local/lib/python3.8/dist-packages/_pytest/config/__init__.py:1114
  /usr/local/lib/python3.8/dist-packages/_pytest/config/__init__.py:1114: PytestAssertRewriteWarning: Module already imported so cannot be rewritten: apiritif
    self._mark_plugins_for_rewrite(hook)

-- Docs: https://docs.pytest.org/en/stable/warnings.html
========================= 8 passed, 1 warning in 8.17s =========================
============================= test session starts ==============================
platform linux -- Python 3.8.5, pytest-6.2.3, py-1.10.0, pluggy-0.13.1
rootdir: /dc-app-performance-toolkit/app
plugins: apiritif-0.9.6
collected 8 items

selenium_ui/confluence_ui.py get driver from global
clear browser cookies
node_id:36057380
1624546116935,115,selenium_login:open_login_page,Success,True
1624546117326,320,selenium_login:login_and_view_dashboard,Success,True
1624546117326,506,selenium_login,Success,True
.test_0_selenium_a_login,Total:33 Passed:33 Failed:0
1624546118212,870,selenium_view_page,Success,True
.test_1_selenium_view_page,Total:34 Passed:34 Failed:0
1624546118951,737,selenium_create_page:open_create_page_editor,Success,True
1624546119692,604,selenium_create_page:save_created_page,Success,True
1624546119692,1478,selenium_create_page,Success,True
.test_1_selenium_create_page,Total:35 Passed:35 Failed:0
1624546122375,2682,selenium_edit_page:open_create_page_editor,Success,True
1624546123302,907,selenium_edit_page:save_edited_page,Success,True
1624546123302,3608,selenium_edit_page,Success,True
.test_1_selenium_edit_page,Total:36 Passed:36 Failed:0
1624546124466,639,selenium_create_comment:write_comment,Success,True
1624546125079,612,selenium_create_comment:save_comment,Success,True
1624546125079,1776,selenium_create_comment,Success,True
.test_1_selenium_create_comment,Total:37 Passed:37 Failed:0
1624546125759,679,selenium_view_blog,Success,True
.test_1_selenium_view_blog,Total:38 Passed:38 Failed:0
1624546125997,236,selenium_view_dashboard,Success,True
.test_1_selenium_view_dashboard,Total:39 Passed:39 Failed:0
1624546126103,104,selenium_log_out,Success,True
.test_2_selenium_z_log_out,Total:40 Passed:40 Failed:0


=============================== warnings summary ===============================
../../usr/local/lib/python3.8/dist-packages/_pytest/config/__init__.py:1114
  /usr/local/lib/python3.8/dist-packages/_pytest/config/__init__.py:1114: PytestAssertRewriteWarning: Module already imported so cannot be rewritten: apiritif
    self._mark_plugins_for_rewrite(hook)

-- Docs: https://docs.pytest.org/en/stable/warnings.html
========================= 8 passed, 1 warning in 9.32s =========================
============================= test session starts ==============================
platform linux -- Python 3.8.5, pytest-6.2.3, py-1.10.0, pluggy-0.13.1
rootdir: /dc-app-performance-toolkit/app
plugins: apiritif-0.9.6
collected 8 items

selenium_ui/confluence_ui.py get driver from global
clear browser cookies
node_id:36057380
1624546126292,112,selenium_login:open_login_page,Success,True
1624546126673,311,selenium_login:login_and_view_dashboard,Success,True
1624546126673,493,selenium_login,Success,True
.test_0_selenium_a_login,Total:41 Passed:41 Failed:0
1624546127177,489,selenium_view_page,Success,True
.test_1_selenium_view_page,Total:42 Passed:42 Failed:0
1624546127937,758,selenium_create_page:open_create_page_editor,Success,True
1624546128667,623,selenium_create_page:save_created_page,Success,True
1624546128668,1489,selenium_create_page,Success,True
.test_1_selenium_create_page,Total:43 Passed:43 Failed:0
1624546130803,2134,selenium_edit_page:open_create_page_editor,Success,True
1624546131639,816,selenium_edit_page:save_edited_page,Success,True
1624546131639,2970,selenium_edit_page,Success,True
.test_1_selenium_edit_page,Total:44 Passed:44 Failed:0
1624546132837,810,selenium_create_comment:write_comment,Success,True
1624546133478,640,selenium_create_comment:save_comment,Success,True
1624546133478,1837,selenium_create_comment,Success,True
.test_1_selenium_create_comment,Total:45 Passed:45 Failed:0
1624546133926,446,selenium_view_blog,Success,True
.test_1_selenium_view_blog,Total:46 Passed:46 Failed:0
1624546134260,332,selenium_view_dashboard,Success,True
.test_1_selenium_view_dashboard,Total:47 Passed:47 Failed:0
1624546134363,101,selenium_log_out,Success,True
.test_2_selenium_z_log_out,Total:48 Passed:48 Failed:0


=============================== warnings summary ===============================
../../usr/local/lib/python3.8/dist-packages/_pytest/config/__init__.py:1114
  /usr/local/lib/python3.8/dist-packages/_pytest/config/__init__.py:1114: PytestAssertRewriteWarning: Module already imported so cannot be rewritten: apiritif
    self._mark_plugins_for_rewrite(hook)

-- Docs: https://docs.pytest.org/en/stable/warnings.html
========================= 8 passed, 1 warning in 8.22s =========================
============================= test session starts ==============================
platform linux -- Python 3.8.5, pytest-6.2.3, py-1.10.0, pluggy-0.13.1
rootdir: /dc-app-performance-toolkit/app
plugins: apiritif-0.9.6
collected 8 items

selenium_ui/confluence_ui.py get driver from global
clear browser cookies
node_id:36057380
1624546134556,121,selenium_login:open_login_page,Success,True
1624546134934,310,selenium_login:login_and_view_dashboard,Success,True
1624546134935,500,selenium_login,Success,True
.test_0_selenium_a_login,Total:49 Passed:49 Failed:0
1624546135320,370,selenium_view_page,Success,True
.test_1_selenium_view_page,Total:50 Passed:50 Failed:0
1624546136104,782,selenium_create_page:open_create_page_editor,Success,True
1624546136810,603,selenium_create_page:save_created_page,Success,True
1624546136810,1488,selenium_create_page,Success,True
.test_1_selenium_create_page,Total:51 Passed:51 Failed:0
1624546137831,1019,selenium_edit_page:open_create_page_editor,Success,True
1624546138493,643,selenium_edit_page:save_edited_page,Success,True
1624546138493,1681,selenium_edit_page,Success,True
.test_1_selenium_edit_page,Total:52 Passed:52 Failed:0
1624546139403,623,selenium_create_comment:write_comment,Success,True
1624546140015,611,selenium_create_comment:save_comment,Success,True
1624546140015,1520,selenium_create_comment,Success,True
.test_1_selenium_create_comment,Total:53 Passed:53 Failed:0
1624546140820,803,selenium_view_blog,Success,True
.test_1_selenium_view_blog,Total:54 Passed:54 Failed:0
1624546141139,317,selenium_view_dashboard,Success,True
.test_1_selenium_view_dashboard,Total:55 Passed:55 Failed:0
1624546141245,104,selenium_log_out,Success,True
.test_2_selenium_z_log_out,Total:56 Passed:56 Failed:0


=============================== warnings summary ===============================
../../usr/local/lib/python3.8/dist-packages/_pytest/config/__init__.py:1114
  /usr/local/lib/python3.8/dist-packages/_pytest/config/__init__.py:1114: PytestAssertRewriteWarning: Module already imported so cannot be rewritten: apiritif
    self._mark_plugins_for_rewrite(hook)

-- Docs: https://docs.pytest.org/en/stable/warnings.html
========================= 8 passed, 1 warning in 6.85s =========================
============================= test session starts ==============================
platform linux -- Python 3.8.5, pytest-6.2.3, py-1.10.0, pluggy-0.13.1
rootdir: /dc-app-performance-toolkit/app
plugins: apiritif-0.9.6
collected 8 items

selenium_ui/confluence_ui.py get driver from global
clear browser cookies
node_id:36057380
1624546141428,116,selenium_login:open_login_page,Success,True
1624546141756,258,selenium_login:login_and_view_dashboard,Success,True
1624546141756,443,selenium_login,Success,True
.test_0_selenium_a_login,Total:57 Passed:57 Failed:0
1624546142138,367,selenium_view_page,Success,True
.test_1_selenium_view_page,Total:58 Passed:58 Failed:0
1624546142819,679,selenium_create_page:open_create_page_editor,Success,True
1624546143513,592,selenium_create_page:save_created_page,Success,True
1624546143513,1373,selenium_create_page,Success,True
.test_1_selenium_create_page,Total:59 Passed:59 Failed:0
1624546145577,2062,selenium_edit_page:open_create_page_editor,Success,True
1624546146253,658,selenium_edit_page:save_edited_page,Success,True
1624546146253,2739,selenium_edit_page,Success,True
.test_1_selenium_edit_page,Total:60 Passed:60 Failed:0
1624546147239,662,selenium_create_comment:write_comment,Success,True
1624546147369,130,selenium_create_comment:save_comment,Success,True
1624546147369,1114,selenium_create_comment,Success,True
.test_1_selenium_create_comment,Total:61 Passed:61 Failed:0
1624546148106,735,selenium_view_blog,Success,True
.test_1_selenium_view_blog,Total:62 Passed:62 Failed:0
1624546148353,245,selenium_view_dashboard,Success,True
.test_1_selenium_view_dashboard,Total:63 Passed:63 Failed:0
1624546148456,102,selenium_log_out,Success,True
.test_2_selenium_z_log_out,Total:64 Passed:64 Failed:0


=============================== warnings summary ===============================
../../usr/local/lib/python3.8/dist-packages/_pytest/config/__init__.py:1114
  /usr/local/lib/python3.8/dist-packages/_pytest/config/__init__.py:1114: PytestAssertRewriteWarning: Module already imported so cannot be rewritten: apiritif
    self._mark_plugins_for_rewrite(hook)

-- Docs: https://docs.pytest.org/en/stable/warnings.html
========================= 8 passed, 1 warning in 7.18s =========================
============================= test session starts ==============================
platform linux -- Python 3.8.5, pytest-6.2.3, py-1.10.0, pluggy-0.13.1
rootdir: /dc-app-performance-toolkit/app
plugins: apiritif-0.9.6
collected 8 items

selenium_ui/confluence_ui.py get driver from global
clear browser cookies
node_id:36057380
1624546148636,116,selenium_login:open_login_page,Success,True
1624546148960,253,selenium_login:login_and_view_dashboard,Success,True
1624546148960,440,selenium_login,Success,True
.test_0_selenium_a_login,Total:65 Passed:65 Failed:0
1624546149377,361,selenium_view_page,Success,True
.test_1_selenium_view_page,Total:66 Passed:66 Failed:0
1624546150096,717,selenium_create_page:open_create_page_editor,Success,True
1624546150792,590,selenium_create_page:save_created_page,Success,True
1624546150792,1414,selenium_create_page,Success,True
.test_1_selenium_create_page,Total:67 Passed:67 Failed:0
1624546151808,1013,selenium_edit_page:open_create_page_editor,Success,True
1624546152511,684,selenium_edit_page:save_edited_page,Success,True
1624546152511,1716,selenium_edit_page,Success,True
.test_1_selenium_edit_page,Total:68 Passed:68 Failed:0
1624546153538,742,selenium_create_comment:write_comment,Success,True
1624546153665,126,selenium_create_comment:save_comment,Success,True
1624546153665,1152,selenium_create_comment,Success,True
.test_1_selenium_create_comment,Total:69 Passed:69 Failed:0
1624546154380,714,selenium_view_blog,Success,True
.test_1_selenium_view_blog,Total:70 Passed:70 Failed:0
1624546154701,318,selenium_view_dashboard,Success,True
.test_1_selenium_view_dashboard,Total:71 Passed:71 Failed:0
1624546154810,108,selenium_log_out,Success,True
.test_2_selenium_z_log_out,Total:72 Passed:72 Failed:0


=============================== warnings summary ===============================
../../usr/local/lib/python3.8/dist-packages/_pytest/config/__init__.py:1114
  /usr/local/lib/python3.8/dist-packages/_pytest/config/__init__.py:1114: PytestAssertRewriteWarning: Module already imported so cannot be rewritten: apiritif
    self._mark_plugins_for_rewrite(hook)

-- Docs: https://docs.pytest.org/en/stable/warnings.html
========================= 8 passed, 1 warning in 6.32s =========================
============================= test session starts ==============================
platform linux -- Python 3.8.5, pytest-6.2.3, py-1.10.0, pluggy-0.13.1
rootdir: /dc-app-performance-toolkit/app
plugins: apiritif-0.9.6
collected 8 items

selenium_ui/confluence_ui.py get driver from global
clear browser cookies
node_id:36057380
1624546154994,116,selenium_login:open_login_page,Success,True
1624546155321,256,selenium_login:login_and_view_dashboard,Success,True
1624546155321,443,selenium_login,Success,True
.test_0_selenium_a_login,Total:73 Passed:73 Failed:0
1624546155743,406,selenium_view_page,Success,True
.test_1_selenium_view_page,Total:74 Passed:74 Failed:0
1624546156478,733,selenium_create_page:open_create_page_editor,Success,True
1624546157222,641,selenium_create_page:save_created_page,Success,True
1624546157222,1477,selenium_create_page,Success,True
.test_1_selenium_create_page,Total:75 Passed:75 Failed:0
1624546159282,2058,selenium_edit_page:open_create_page_editor,Success,True
1624546160036,735,selenium_edit_page:save_edited_page,Success,True
1624546160036,2813,selenium_edit_page,Success,True
.test_1_selenium_edit_page,Total:76 Passed:76 Failed:0
1624546161028,641,selenium_create_comment:write_comment,Success,True
1624546161669,640,selenium_create_comment:save_comment,Success,True
1624546161669,1631,selenium_create_comment,Success,True
.test_1_selenium_create_comment,Total:77 Passed:77 Failed:0
1624546162695,1024,selenium_view_blog,Success,True
.test_1_selenium_view_blog,Total:78 Passed:78 Failed:0
1624546162875,178,selenium_view_dashboard,Success,True
.test_1_selenium_view_dashboard,Total:79 Passed:79 Failed:0
1624546162985,108,selenium_log_out,Success,True
.test_2_selenium_z_log_out,Total:80 Passed:80 Failed:0


=============================== warnings summary ===============================
../../usr/local/lib/python3.8/dist-packages/_pytest/config/__init__.py:1114
  /usr/local/lib/python3.8/dist-packages/_pytest/config/__init__.py:1114: PytestAssertRewriteWarning: Module already imported so cannot be rewritten: apiritif
    self._mark_plugins_for_rewrite(hook)

-- Docs: https://docs.pytest.org/en/stable/warnings.html
========================= 8 passed, 1 warning in 8.14s =========================
============================= test session starts ==============================
platform linux -- Python 3.8.5, pytest-6.2.3, py-1.10.0, pluggy-0.13.1
rootdir: /dc-app-performance-toolkit/app
plugins: apiritif-0.9.6
collected 8 items

selenium_ui/confluence_ui.py get driver from global
clear browser cookies
node_id:36057380
1624546163164,113,selenium_login:open_login_page,Success,True
1624546163553,318,selenium_login:login_and_view_dashboard,Success,True
1624546163553,502,selenium_login,Success,True
.test_0_selenium_a_login,Total:81 Passed:81 Failed:0
1624546163957,388,selenium_view_page,Success,True
.test_1_selenium_view_page,Total:82 Passed:82 Failed:0
1624546164676,717,selenium_create_page:open_create_page_editor,Success,True
1624546165423,636,selenium_create_page:save_created_page,Success,True
1624546165423,1464,selenium_create_page,Success,True
.test_1_selenium_create_page,Total:83 Passed:83 Failed:0
1624546167522,2097,selenium_edit_page:open_create_page_editor,Success,True
1624546168154,613,selenium_edit_page:save_edited_page,Success,True
1624546168154,2730,selenium_edit_page,Success,True
.test_1_selenium_edit_page,Total:84 Passed:84 Failed:0
1624546168870,302,selenium_create_comment:write_comment,Success,True
1624546169512,641,selenium_create_comment:save_comment,Success,True
1624546169512,1356,selenium_create_comment,Success,True
.test_1_selenium_create_comment,Total:85 Passed:85 Failed:0
1624546169987,473,selenium_view_blog,Success,True
.test_1_selenium_view_blog,Total:86 Passed:86 Failed:0
1624546170204,215,selenium_view_dashboard,Success,True
.test_1_selenium_view_dashboard,Total:87 Passed:87 Failed:0
1624546170315,109,selenium_log_out,Success,True
.test_2_selenium_z_log_out,Total:88 Passed:88 Failed:0


=============================== warnings summary ===============================
../../usr/local/lib/python3.8/dist-packages/_pytest/config/__init__.py:1114
  /usr/local/lib/python3.8/dist-packages/_pytest/config/__init__.py:1114: PytestAssertRewriteWarning: Module already imported so cannot be rewritten: apiritif
    self._mark_plugins_for_rewrite(hook)

-- Docs: https://docs.pytest.org/en/stable/warnings.html
========================= 8 passed, 1 warning in 7.29s =========================
============================= test session starts ==============================
platform linux -- Python 3.8.5, pytest-6.2.3, py-1.10.0, pluggy-0.13.1
rootdir: /dc-app-performance-toolkit/app
plugins: apiritif-0.9.6
collected 8 items

selenium_ui/confluence_ui.py get driver from global
clear browser cookies
node_id:36057380
1624546170526,115,selenium_login:open_login_page,Success,True
1624546170888,292,selenium_login:login_and_view_dashboard,Success,True
1624546170888,477,selenium_login,Success,True
.test_0_selenium_a_login,Total:89 Passed:89 Failed:0
1624546171262,345,selenium_view_page,Success,True
.test_1_selenium_view_page,Total:90 Passed:90 Failed:0
1624546171960,697,selenium_create_page:open_create_page_editor,Success,True
1624546172680,612,selenium_create_page:save_created_page,Success,True
1624546172680,1417,selenium_create_page,Success,True
.test_1_selenium_create_page,Total:91 Passed:91 Failed:0
1624546174761,2079,selenium_edit_page:open_create_page_editor,Success,True
1624546175477,696,selenium_edit_page:save_edited_page,Success,True
1624546175477,2795,selenium_edit_page,Success,True
.test_1_selenium_edit_page,Total:92 Passed:92 Failed:0
1624546176423,668,selenium_create_comment:write_comment,Success,True
1624546177072,648,selenium_create_comment:save_comment,Success,True
1624546177072,1594,selenium_create_comment,Success,True
.test_1_selenium_create_comment,Total:93 Passed:93 Failed:0
1624546177556,482,selenium_view_blog,Success,True
.test_1_selenium_view_blog,Total:94 Passed:94 Failed:0
1624546177927,369,selenium_view_dashboard,Success,True
.test_1_selenium_view_dashboard,Total:95 Passed:95 Failed:0
1624546178037,108,selenium_log_out,Success,True
.test_2_selenium_z_log_out,Total:96 Passed:96 Failed:0


=============================== warnings summary ===============================
../../usr/local/lib/python3.8/dist-packages/_pytest/config/__init__.py:1114
  /usr/local/lib/python3.8/dist-packages/_pytest/config/__init__.py:1114: PytestAssertRewriteWarning: Module already imported so cannot be rewritten: apiritif
    self._mark_plugins_for_rewrite(hook)

-- Docs: https://docs.pytest.org/en/stable/warnings.html
========================= 8 passed, 1 warning in 7.69s =========================
============================= test session starts ==============================
platform linux -- Python 3.8.5, pytest-6.2.3, py-1.10.0, pluggy-0.13.1
rootdir: /dc-app-performance-toolkit/app
plugins: apiritif-0.9.6
collected 8 items

selenium_ui/confluence_ui.py get driver from global
clear browser cookies
node_id:36057380
1624546178218,115,selenium_login:open_login_page,Success,True
1624546178605,317,selenium_login:login_and_view_dashboard,Success,True
1624546178605,503,selenium_login,Success,True
.test_0_selenium_a_login,Total:97 Passed:97 Failed:0
1624546178948,327,selenium_view_page,Success,True
.test_1_selenium_view_page,Total:98 Passed:98 Failed:0
1624546179634,684,selenium_create_page:open_create_page_editor,Success,True
1624546180337,596,selenium_create_page:save_created_page,Success,True
1624546180337,1387,selenium_create_page,Success,True
.test_1_selenium_create_page,Total:99 Passed:99 Failed:0
1624546181350,1011,selenium_edit_page:open_create_page_editor,Success,True
1624546182025,657,selenium_edit_page:save_edited_page,Success,True
1624546182025,1686,selenium_edit_page,Success,True
.test_1_selenium_edit_page,Total:100 Passed:100 Failed:0
1624546182633,265,selenium_create_comment:write_comment,Success,True
1624546183247,614,selenium_create_comment:save_comment,Success,True
1624546183247,1221,selenium_create_comment,Success,True
.test_1_selenium_create_comment,Total:101 Passed:101 Failed:0
1624546183924,675,selenium_view_blog,Success,True
.test_1_selenium_view_blog,Total:102 Passed:102 Failed:0
1624546184176,249,selenium_view_dashboard,Success,True
.test_1_selenium_view_dashboard,Total:103 Passed:103 Failed:0
1624546184288,111,selenium_log_out,Success,True
.test_2_selenium_z_log_out,Total:104 Passed:104 Failed:0


=============================== warnings summary ===============================
../../usr/local/lib/python3.8/dist-packages/_pytest/config/__init__.py:1114
  /usr/local/lib/python3.8/dist-packages/_pytest/config/__init__.py:1114: PytestAssertRewriteWarning: Module already imported so cannot be rewritten: apiritif
    self._mark_plugins_for_rewrite(hook)

-- Docs: https://docs.pytest.org/en/stable/warnings.html
========================= 8 passed, 1 warning in 6.22s =========================
============================= test session starts ==============================
platform linux -- Python 3.8.5, pytest-6.2.3, py-1.10.0, pluggy-0.13.1
rootdir: /dc-app-performance-toolkit/app
plugins: apiritif-0.9.6
collected 8 items

selenium_ui/confluence_ui.py get driver from global
clear browser cookies
node_id:36057380
1624546184556,200,selenium_login:open_login_page,Success,True
1624546184936,309,selenium_login:login_and_view_dashboard,Success,True
1624546184936,580,selenium_login,Success,True
.test_0_selenium_a_login,Total:105 Passed:105 Failed:0
1624546185279,327,selenium_view_page,Success,True
.test_1_selenium_view_page,Total:106 Passed:106 Failed:0
1624546185996,715,selenium_create_page:open_create_page_editor,Success,True
1624546186698,601,selenium_create_page:save_created_page,Success,True
1624546186698,1417,selenium_create_page,Success,True
.test_1_selenium_create_page,Total:107 Passed:107 Failed:0
1624546187719,1019,selenium_edit_page:open_create_page_editor,Success,True
1624546188436,699,selenium_edit_page:save_edited_page,Success,True
1624546188437,1737,selenium_edit_page,Success,True
.test_1_selenium_edit_page,Total:108 Passed:108 Failed:0
1624546189042,303,selenium_create_comment:write_comment,Success,True
1624546189185,142,selenium_create_comment:save_comment,Success,True
1624546189185,747,selenium_create_comment,Success,True
.test_1_selenium_create_comment,Total:109 Passed:109 Failed:0
1624546190563,1376,selenium_view_blog,Success,True
.test_1_selenium_view_blog,Total:110 Passed:110 Failed:0
1624546190912,347,selenium_view_dashboard,Success,True
.test_1_selenium_view_dashboard,Total:111 Passed:111 Failed:0
1624546191022,108,selenium_log_out,Success,True
.test_2_selenium_z_log_out,Total:112 Passed:112 Failed:0


=============================== warnings summary ===============================
../../usr/local/lib/python3.8/dist-packages/_pytest/config/__init__.py:1114
  /usr/local/lib/python3.8/dist-packages/_pytest/config/__init__.py:1114: PytestAssertRewriteWarning: Module already imported so cannot be rewritten: apiritif
    self._mark_plugins_for_rewrite(hook)

-- Docs: https://docs.pytest.org/en/stable/warnings.html
========================= 8 passed, 1 warning in 6.70s =========================
============================= test session starts ==============================
platform linux -- Python 3.8.5, pytest-6.2.3, py-1.10.0, pluggy-0.13.1
rootdir: /dc-app-performance-toolkit/app
plugins: apiritif-0.9.6
collected 8 items

selenium_ui/confluence_ui.py get driver from global
clear browser cookies
node_id:36057380
1624546191216,124,selenium_login:open_login_page,Success,True
1624546191588,299,selenium_login:login_and_view_dashboard,Success,True
1624546191588,496,selenium_login,Success,True
.test_0_selenium_a_login,Total:113 Passed:113 Failed:0
1624546192269,665,selenium_view_page,Success,True
.test_1_selenium_view_page,Total:114 Passed:114 Failed:0
1624546193074,803,selenium_create_page:open_create_page_editor,Success,True
1624546193827,609,selenium_create_page:save_created_page,Success,True
1624546193827,1556,selenium_create_page,Success,True
.test_1_selenium_create_page,Total:115 Passed:115 Failed:0
1624546195790,1962,selenium_edit_page:open_create_page_editor,Success,True
1624546197148,1339,selenium_edit_page:save_edited_page,Success,True
1624546197149,3320,selenium_edit_page,Success,True
.test_1_selenium_edit_page,Total:116 Passed:116 Failed:0
1624546198348,773,selenium_create_comment:write_comment,Success,True
1624546199001,652,selenium_create_comment:save_comment,Success,True
1624546199001,1851,selenium_create_comment,Success,True
.test_1_selenium_create_comment,Total:117 Passed:117 Failed:0
1624546199862,859,selenium_view_blog,Success,True
.test_1_selenium_view_blog,Total:118 Passed:118 Failed:0
1624546200182,317,selenium_view_dashboard,Success,True
.test_1_selenium_view_dashboard,Total:119 Passed:119 Failed:0
1624546200289,105,selenium_log_out,Success,True
.test_2_selenium_z_log_out,Total:120 Passed:120 Failed:0


=============================== warnings summary ===============================
../../usr/local/lib/python3.8/dist-packages/_pytest/config/__init__.py:1114
  /usr/local/lib/python3.8/dist-packages/_pytest/config/__init__.py:1114: PytestAssertRewriteWarning: Module already imported so cannot be rewritten: apiritif
    self._mark_plugins_for_rewrite(hook)

-- Docs: https://docs.pytest.org/en/stable/warnings.html
========================= 8 passed, 1 warning in 9.23s =========================
============================= test session starts ==============================
platform linux -- Python 3.8.5, pytest-6.2.3, py-1.10.0, pluggy-0.13.1
rootdir: /dc-app-performance-toolkit/app
plugins: apiritif-0.9.6
collected 8 items

selenium_ui/confluence_ui.py get driver from global
clear browser cookies
node_id:36057380
1624546200471,112,selenium_login:open_login_page,Success,True
1624546200901,362,selenium_login:login_and_view_dashboard,Success,True
1624546200901,542,selenium_login,Success,True
.test_0_selenium_a_login,Total:121 Passed:121 Failed:0
1624546201275,358,selenium_view_page,Success,True
.test_1_selenium_view_page,Total:122 Passed:122 Failed:0
1624546202060,784,selenium_create_page:open_create_page_editor,Success,True
1624546202789,621,selenium_create_page:save_created_page,Success,True
1624546202789,1513,selenium_create_page,Success,True
.test_1_selenium_create_page,Total:123 Passed:123 Failed:0
1624546204885,2094,selenium_edit_page:open_create_page_editor,Success,True
1624546205500,596,selenium_edit_page:save_edited_page,Success,True
1624546205500,2709,selenium_edit_page,Success,True
.test_1_selenium_edit_page,Total:124 Passed:124 Failed:0
1624546206469,672,selenium_create_comment:write_comment,Success,True
1624546207079,609,selenium_create_comment:save_comment,Success,True
1624546207079,1578,selenium_create_comment,Success,True
.test_1_selenium_create_comment,Total:125 Passed:125 Failed:0
1624546207921,841,selenium_view_blog,Success,True
.test_1_selenium_view_blog,Total:126 Passed:126 Failed:0
1624546208252,329,selenium_view_dashboard,Success,True
.test_1_selenium_view_dashboard,Total:127 Passed:127 Failed:0
1624546208359,105,selenium_log_out,Success,True
.test_2_selenium_z_log_out,Total:128 Passed:128 Failed:0


=============================== warnings summary ===============================
../../usr/local/lib/python3.8/dist-packages/_pytest/config/__init__.py:1114
  /usr/local/lib/python3.8/dist-packages/_pytest/config/__init__.py:1114: PytestAssertRewriteWarning: Module already imported so cannot be rewritten: apiritif
    self._mark_plugins_for_rewrite(hook)

-- Docs: https://docs.pytest.org/en/stable/warnings.html
========================= 8 passed, 1 warning in 8.04s =========================
============================= test session starts ==============================
platform linux -- Python 3.8.5, pytest-6.2.3, py-1.10.0, pluggy-0.13.1
rootdir: /dc-app-performance-toolkit/app
plugins: apiritif-0.9.6
collected 8 items

selenium_ui/confluence_ui.py get driver from global
clear browser cookies
node_id:36057380
1624546208548,121,selenium_login:open_login_page,Success,True
1624546208898,280,selenium_login:login_and_view_dashboard,Success,True
1624546208898,472,selenium_login,Success,True
.test_0_selenium_a_login,Total:129 Passed:129 Failed:0
1624546209330,403,selenium_view_page,Success,True
.test_1_selenium_view_page,Total:130 Passed:130 Failed:0
1624546210094,763,selenium_create_page:open_create_page_editor,Success,True
1624546210787,586,selenium_create_page:save_created_page,Success,True
1624546210787,1455,selenium_create_page,Success,True
.test_1_selenium_create_page,Total:131 Passed:131 Failed:0
1624546211827,1039,selenium_edit_page:open_create_page_editor,Success,True
1624546212584,738,selenium_edit_page:save_edited_page,Success,True
1624546212584,1796,selenium_edit_page,Success,True
.test_1_selenium_edit_page,Total:132 Passed:132 Failed:0
1624546213672,791,selenium_create_comment:write_comment,Success,True
1624546213804,130,selenium_create_comment:save_comment,Success,True
1624546213804,1218,selenium_create_comment,Success,True
.test_1_selenium_create_comment,Total:133 Passed:133 Failed:0
1624546214546,740,selenium_view_blog,Success,True
.test_1_selenium_view_blog,Total:134 Passed:134 Failed:0
1624546214782,234,selenium_view_dashboard,Success,True
.test_1_selenium_view_dashboard,Total:135 Passed:135 Failed:0
1624546214898,115,selenium_log_out,Success,True
.test_2_selenium_z_log_out,Total:136 Passed:136 Failed:0


=============================== warnings summary ===============================
../../usr/local/lib/python3.8/dist-packages/_pytest/config/__init__.py:1114
  /usr/local/lib/python3.8/dist-packages/_pytest/config/__init__.py:1114: PytestAssertRewriteWarning: Module already imported so cannot be rewritten: apiritif
    self._mark_plugins_for_rewrite(hook)

-- Docs: https://docs.pytest.org/en/stable/warnings.html
========================= 8 passed, 1 warning in 6.50s =========================
============================= test session starts ==============================
platform linux -- Python 3.8.5, pytest-6.2.3, py-1.10.0, pluggy-0.13.1
rootdir: /dc-app-performance-toolkit/app
plugins: apiritif-0.9.6
collected 8 items

selenium_ui/confluence_ui.py get driver from global
clear browser cookies
node_id:36057380
1624546215085,117,selenium_login:open_login_page,Success,True
1624546215461,301,selenium_login:login_and_view_dashboard,Success,True
1624546215461,493,selenium_login,Success,True
.test_0_selenium_a_login,Total:137 Passed:137 Failed:0
1624546216085,609,selenium_view_page,Success,True
.test_1_selenium_view_page,Total:138 Passed:138 Failed:0
1624546216821,734,selenium_create_page:open_create_page_editor,Success,True
1624546217621,666,selenium_create_page:save_created_page,Success,True
1624546217621,1534,selenium_create_page,Success,True
.test_1_selenium_create_page,Total:139 Passed:139 Failed:0
1624546219954,2331,selenium_edit_page:open_create_page_editor,Success,True
1624546220734,758,selenium_edit_page:save_edited_page,Success,True
1624546220734,3111,selenium_edit_page,Success,True
.test_1_selenium_edit_page,Total:140 Passed:140 Failed:0
1624546221963,818,selenium_create_comment:write_comment,Success,True
1624546222096,132,selenium_create_comment:save_comment,Success,True
1624546222096,1360,selenium_create_comment,Success,True
.test_1_selenium_create_comment,Total:141 Passed:141 Failed:0
1624546223379,1281,selenium_view_blog,Success,True
.test_1_selenium_view_blog,Total:142 Passed:142 Failed:0
1624546223618,237,selenium_view_dashboard,Success,True
.test_1_selenium_view_dashboard,Total:143 Passed:143 Failed:0
1624546223729,109,selenium_log_out,Success,True
.test_2_selenium_z_log_out,Total:144 Passed:144 Failed:0


=============================== warnings summary ===============================
../../usr/local/lib/python3.8/dist-packages/_pytest/config/__init__.py:1114
  /usr/local/lib/python3.8/dist-packages/_pytest/config/__init__.py:1114: PytestAssertRewriteWarning: Module already imported so cannot be rewritten: apiritif
    self._mark_plugins_for_rewrite(hook)

-- Docs: https://docs.pytest.org/en/stable/warnings.html
========================= 8 passed, 1 warning in 8.80s =========================
============================= test session starts ==============================
platform linux -- Python 3.8.5, pytest-6.2.3, py-1.10.0, pluggy-0.13.1
rootdir: /dc-app-performance-toolkit/app
plugins: apiritif-0.9.6
collected 8 items

selenium_ui/confluence_ui.py get driver from global
clear browser cookies
node_id:36057380
1624546223915,114,selenium_login:open_login_page,Success,True
1624546224300,313,selenium_login:login_and_view_dashboard,Success,True
1624546224300,499,selenium_login,Success,True
.test_0_selenium_a_login,Total:145 Passed:145 Failed:0
1624546224921,606,selenium_view_page,Success,True
.test_1_selenium_view_page,Total:146 Passed:146 Failed:0
1624546225650,728,selenium_create_page:open_create_page_editor,Success,True
1624546226368,617,selenium_create_page:save_created_page,Success,True
1624546226368,1446,selenium_create_page,Success,True
.test_1_selenium_create_page,Total:147 Passed:147 Failed:0
1624546228524,2154,selenium_edit_page:open_create_page_editor,Success,True
1624546229293,748,selenium_edit_page:save_edited_page,Success,True
1624546229294,2924,selenium_edit_page,Success,True
.test_1_selenium_edit_page,Total:148 Passed:148 Failed:0
1624546230080,346,selenium_create_comment:write_comment,Success,True
1624546230213,133,selenium_create_comment:save_comment,Success,True
1624546230213,918,selenium_create_comment,Success,True
.test_1_selenium_create_comment,Total:149 Passed:149 Failed:0
1624546231102,886,selenium_view_blog,Success,True
.test_1_selenium_view_blog,Total:150 Passed:150 Failed:0
1624546231482,379,selenium_view_dashboard,Success,True
.test_1_selenium_view_dashboard,Total:151 Passed:151 Failed:0
1624546231591,107,selenium_log_out,Success,True
.test_2_selenium_z_log_out,Total:152 Passed:152 Failed:0


=============================== warnings summary ===============================
../../usr/local/lib/python3.8/dist-packages/_pytest/config/__init__.py:1114
  /usr/local/lib/python3.8/dist-packages/_pytest/config/__init__.py:1114: PytestAssertRewriteWarning: Module already imported so cannot be rewritten: apiritif
    self._mark_plugins_for_rewrite(hook)

-- Docs: https://docs.pytest.org/en/stable/warnings.html
========================= 8 passed, 1 warning in 7.83s =========================
============================= test session starts ==============================
platform linux -- Python 3.8.5, pytest-6.2.3, py-1.10.0, pluggy-0.13.1
rootdir: /dc-app-performance-toolkit/app
plugins: apiritif-0.9.6
collected 8 items

selenium_ui/confluence_ui.py get driver from global
clear browser cookies
node_id:36057380
1624546231777,113,selenium_login:open_login_page,Success,True
1624546232138,290,selenium_login:login_and_view_dashboard,Success,True
1624546232138,475,selenium_login,Success,True
.test_0_selenium_a_login,Total:153 Passed:153 Failed:0
1624546232626,465,selenium_view_page,Success,True
.test_1_selenium_view_page,Total:154 Passed:154 Failed:0
1624546233294,666,selenium_create_page:open_create_page_editor,Success,True
1624546234069,671,selenium_create_page:save_created_page,Success,True
1624546234069,1441,selenium_create_page,Success,True
.test_1_selenium_create_page,Total:155 Passed:155 Failed:0
1624546236137,2066,selenium_edit_page:open_create_page_editor,Success,True
1624546236825,666,selenium_edit_page:save_edited_page,Success,True
1624546236825,2754,selenium_edit_page,Success,True
.test_1_selenium_edit_page,Total:156 Passed:156 Failed:0
1624546237437,248,selenium_create_comment:write_comment,Success,True
1624546237561,123,selenium_create_comment:save_comment,Success,True
1624546237561,735,selenium_create_comment,Success,True
.test_1_selenium_create_comment,Total:157 Passed:157 Failed:0
1624546238116,553,selenium_view_blog,Success,True
.test_1_selenium_view_blog,Total:158 Passed:158 Failed:0
1624546238342,224,selenium_view_dashboard,Success,True
.test_1_selenium_view_dashboard,Total:159 Passed:159 Failed:0
1624546238442,99,selenium_log_out,Success,True
.test_2_selenium_z_log_out,Total:160 Passed:160 Failed:0


=============================== warnings summary ===============================
../../usr/local/lib/python3.8/dist-packages/_pytest/config/__init__.py:1114
  /usr/local/lib/python3.8/dist-packages/_pytest/config/__init__.py:1114: PytestAssertRewriteWarning: Module already imported so cannot be rewritten: apiritif
    self._mark_plugins_for_rewrite(hook)

-- Docs: https://docs.pytest.org/en/stable/warnings.html
========================= 8 passed, 1 warning in 6.82s =========================
============================= test session starts ==============================
platform linux -- Python 3.8.5, pytest-6.2.3, py-1.10.0, pluggy-0.13.1
rootdir: /dc-app-performance-toolkit/app
plugins: apiritif-0.9.6
collected 8 items

selenium_ui/confluence_ui.py get driver from global
clear browser cookies
node_id:36057380
1624546238626,117,selenium_login:open_login_page,Success,True
1624546239013,318,selenium_login:login_and_view_dashboard,Success,True
1624546239013,505,selenium_login,Success,True
.test_0_selenium_a_login,Total:161 Passed:161 Failed:0
1624546239543,514,selenium_view_page,Success,True
.test_1_selenium_view_page,Total:162 Passed:162 Failed:0
1624546240299,754,selenium_create_page:open_create_page_editor,Success,True
1624546241035,630,selenium_create_page:save_created_page,Success,True
1624546241035,1490,selenium_create_page,Success,True
.test_1_selenium_create_page,Total:163 Passed:163 Failed:0
1624546243550,2513,selenium_edit_page:open_create_page_editor,Success,True
1624546244557,988,selenium_edit_page:save_edited_page,Success,True
1624546244557,3520,selenium_edit_page,Success,True
.test_1_selenium_edit_page,Total:164 Passed:164 Failed:0
1624546245799,784,selenium_create_comment:write_comment,Success,True
1624546245931,132,selenium_create_comment:save_comment,Success,True
1624546245932,1372,selenium_create_comment,Success,True
.test_1_selenium_create_comment,Total:165 Passed:165 Failed:0
1624546246674,741,selenium_view_blog,Success,True
.test_1_selenium_view_blog,Total:166 Passed:166 Failed:0
1624546246954,278,selenium_view_dashboard,Success,True
.test_1_selenium_view_dashboard,Total:167 Passed:167 Failed:0
1624546247063,107,selenium_log_out,Success,True
.test_2_selenium_z_log_out,Total:168 Passed:168 Failed:0


=============================== warnings summary ===============================
../../usr/local/lib/python3.8/dist-packages/_pytest/config/__init__.py:1114
  /usr/local/lib/python3.8/dist-packages/_pytest/config/__init__.py:1114: PytestAssertRewriteWarning: Module already imported so cannot be rewritten: apiritif
    self._mark_plugins_for_rewrite(hook)

-- Docs: https://docs.pytest.org/en/stable/warnings.html
========================= 8 passed, 1 warning in 8.59s =========================
============================= test session starts ==============================
platform linux -- Python 3.8.5, pytest-6.2.3, py-1.10.0, pluggy-0.13.1
rootdir: /dc-app-performance-toolkit/app
plugins: apiritif-0.9.6
collected 8 items

selenium_ui/confluence_ui.py get driver from global
clear browser cookies
node_id:36057380
1624546247255,118,selenium_login:open_login_page,Success,True
1624546247644,320,selenium_login:login_and_view_dashboard,Success,True
1624546247645,508,selenium_login,Success,True
.test_0_selenium_a_login,Total:169 Passed:169 Failed:0
1624546248129,468,selenium_view_page,Success,True
.test_1_selenium_view_page,Total:170 Passed:170 Failed:0
1624546248898,768,selenium_create_page:open_create_page_editor,Success,True
1624546249596,597,selenium_create_page:save_created_page,Success,True
1624546249596,1465,selenium_create_page,Success,True
.test_1_selenium_create_page,Total:171 Passed:171 Failed:0
1624546250970,1372,selenium_edit_page:open_create_page_editor,Success,True
1624546251877,887,selenium_edit_page:save_edited_page,Success,True
1624546251877,2279,selenium_edit_page,Success,True
.test_1_selenium_edit_page,Total:172 Passed:172 Failed:0
1624546253170,849,selenium_create_comment:write_comment,Success,True
1624546253326,155,selenium_create_comment:save_comment,Success,True
1624546253326,1448,selenium_create_comment,Success,True
.test_1_selenium_create_comment,Total:173 Passed:173 Failed:0
1624546253825,496,selenium_view_blog,Success,True
.test_1_selenium_view_blog,Total:174 Passed:174 Failed:0
1624546254121,294,selenium_view_dashboard,Success,True
.test_1_selenium_view_dashboard,Total:175 Passed:175 Failed:0
1624546254229,106,selenium_log_out,Success,True
.test_2_selenium_z_log_out,Total:176 Passed:176 Failed:0


=============================== warnings summary ===============================
../../usr/local/lib/python3.8/dist-packages/_pytest/config/__init__.py:1114
  /usr/local/lib/python3.8/dist-packages/_pytest/config/__init__.py:1114: PytestAssertRewriteWarning: Module already imported so cannot be rewritten: apiritif
    self._mark_plugins_for_rewrite(hook)

-- Docs: https://docs.pytest.org/en/stable/warnings.html
========================= 8 passed, 1 warning in 7.13s =========================
============================= test session starts ==============================
platform linux -- Python 3.8.5, pytest-6.2.3, py-1.10.0, pluggy-0.13.1
rootdir: /dc-app-performance-toolkit/app
plugins: apiritif-0.9.6
collected 8 items

selenium_ui/confluence_ui.py get driver from global
clear browser cookies
node_id:36057380
1624546254425,118,selenium_login:open_login_page,Success,True
1624546254797,303,selenium_login:login_and_view_dashboard,Success,True
1624546254797,491,selenium_login,Success,True
.test_0_selenium_a_login,Total:177 Passed:177 Failed:0
1624546255146,333,selenium_view_page,Success,True
.test_1_selenium_view_page,Total:178 Passed:178 Failed:0
1624546256006,859,selenium_create_page:open_create_page_editor,Success,True
1624546256708,601,selenium_create_page:save_created_page,Success,True
1624546256708,1561,selenium_create_page,Success,True
.test_1_selenium_create_page,Total:179 Passed:179 Failed:0
1624546258914,2204,selenium_edit_page:open_create_page_editor,Success,True
1624546259641,707,selenium_edit_page:save_edited_page,Success,True
1624546259641,2931,selenium_edit_page,Success,True
.test_1_selenium_edit_page,Total:180 Passed:180 Failed:0
1624546260601,684,selenium_create_comment:write_comment,Success,True
1624546261209,608,selenium_create_comment:save_comment,Success,True
1624546261209,1567,selenium_create_comment,Success,True
.test_1_selenium_create_comment,Total:181 Passed:181 Failed:0
1624546262165,954,selenium_view_blog,Success,True
.test_1_selenium_view_blog,Total:182 Passed:182 Failed:0
1624546262458,290,selenium_view_dashboard,Success,True
.test_1_selenium_view_dashboard,Total:183 Passed:183 Failed:0
1624546262566,106,selenium_log_out,Success,True
.test_2_selenium_z_log_out,Total:184 Passed:184 Failed:0


=============================== warnings summary ===============================
../../usr/local/lib/python3.8/dist-packages/_pytest/config/__init__.py:1114
  /usr/local/lib/python3.8/dist-packages/_pytest/config/__init__.py:1114: PytestAssertRewriteWarning: Module already imported so cannot be rewritten: apiritif
    self._mark_plugins_for_rewrite(hook)

-- Docs: https://docs.pytest.org/en/stable/warnings.html
========================= 8 passed, 1 warning in 8.30s =========================
============================= test session starts ==============================
platform linux -- Python 3.8.5, pytest-6.2.3, py-1.10.0, pluggy-0.13.1
rootdir: /dc-app-performance-toolkit/app
plugins: apiritif-0.9.6
collected 8 items

selenium_ui/confluence_ui.py get driver from global
clear browser cookies
node_id:36057380
1624546262749,112,selenium_login:open_login_page,Success,True
1624546263133,312,selenium_login:login_and_view_dashboard,Success,True
1624546263133,496,selenium_login,Success,True
.test_0_selenium_a_login,Total:185 Passed:185 Failed:0
1624546263497,348,selenium_view_page,Success,True
.test_1_selenium_view_page,Total:186 Passed:186 Failed:0
1624546264181,682,selenium_create_page:open_create_page_editor,Success,True
1624546264885,599,selenium_create_page:save_created_page,Success,True
1624546264885,1386,selenium_create_page,Success,True
.test_1_selenium_create_page,Total:187 Passed:187 Failed:0
1624546266922,2035,selenium_edit_page:open_create_page_editor,Success,True
1624546267643,702,selenium_edit_page:save_edited_page,Success,True
1624546267643,2757,selenium_edit_page,Success,True
.test_1_selenium_edit_page,Total:188 Passed:188 Failed:0
1624546268580,662,selenium_create_comment:write_comment,Success,True
1624546269225,644,selenium_create_comment:save_comment,Success,True
1624546269225,1580,selenium_create_comment,Success,True
.test_1_selenium_create_comment,Total:189 Passed:189 Failed:0
1624546269993,766,selenium_view_blog,Success,True
.test_1_selenium_view_blog,Total:190 Passed:190 Failed:0
1624546270309,314,selenium_view_dashboard,Success,True
.test_1_selenium_view_dashboard,Total:191 Passed:191 Failed:0
1624546270415,104,selenium_log_out,Success,True
.test_2_selenium_z_log_out,Total:192 Passed:192 Failed:0


=============================== warnings summary ===============================
../../usr/local/lib/python3.8/dist-packages/_pytest/config/__init__.py:1114
  /usr/local/lib/python3.8/dist-packages/_pytest/config/__init__.py:1114: PytestAssertRewriteWarning: Module already imported so cannot be rewritten: apiritif
    self._mark_plugins_for_rewrite(hook)

-- Docs: https://docs.pytest.org/en/stable/warnings.html
========================= 8 passed, 1 warning in 7.82s =========================
============================= test session starts ==============================
platform linux -- Python 3.8.5, pytest-6.2.3, py-1.10.0, pluggy-0.13.1
rootdir: /dc-app-performance-toolkit/app
plugins: apiritif-0.9.6
collected 8 items

selenium_ui/confluence_ui.py get driver from global
clear browser cookies
node_id:36057380
1624546270599,116,selenium_login:open_login_page,Success,True
1624546270927,259,selenium_login:login_and_view_dashboard,Success,True
1624546270927,445,selenium_login,Success,True
.test_0_selenium_a_login,Total:193 Passed:193 Failed:0
1624546271359,416,selenium_view_page,Success,True
.test_1_selenium_view_page,Total:194 Passed:194 Failed:0
1624546272080,720,selenium_create_page:open_create_page_editor,Success,True
1624546272850,629,selenium_create_page:save_created_page,Success,True
1624546272850,1490,selenium_create_page,Success,True
.test_1_selenium_create_page,Total:195 Passed:195 Failed:0
1624546274672,1820,selenium_edit_page:open_create_page_editor,Success,True
1624546275749,1058,selenium_edit_page:save_edited_page,Success,True
1624546275749,2897,selenium_edit_page,Success,True
.test_1_selenium_edit_page,Total:196 Passed:196 Failed:0
1624546276938,725,selenium_create_comment:write_comment,Success,True
1624546277553,614,selenium_create_comment:save_comment,Success,True
1624546277553,1802,selenium_create_comment,Success,True
.test_1_selenium_create_comment,Total:197 Passed:197 Failed:0
1624546278046,491,selenium_view_blog,Success,True
.test_1_selenium_view_blog,Total:198 Passed:198 Failed:0
1624546278233,185,selenium_view_dashboard,Success,True
.test_1_selenium_view_dashboard,Total:199 Passed:199 Failed:0
1624546278339,104,selenium_log_out,Success,True
.test_2_selenium_z_log_out,Total:200 Passed:200 Failed:0


=============================== warnings summary ===============================
../../usr/local/lib/python3.8/dist-packages/_pytest/config/__init__.py:1114
  /usr/local/lib/python3.8/dist-packages/_pytest/config/__init__.py:1114: PytestAssertRewriteWarning: Module already imported so cannot be rewritten: apiritif
    self._mark_plugins_for_rewrite(hook)

-- Docs: https://docs.pytest.org/en/stable/warnings.html
========================= 8 passed, 1 warning in 7.89s =========================
============================= test session starts ==============================
platform linux -- Python 3.8.5, pytest-6.2.3, py-1.10.0, pluggy-0.13.1
rootdir: /dc-app-performance-toolkit/app
plugins: apiritif-0.9.6
collected 8 items

selenium_ui/confluence_ui.py get driver from global
clear browser cookies
node_id:36057380
1624546278555,119,selenium_login:open_login_page,Success,True
1624546278942,317,selenium_login:login_and_view_dashboard,Success,True
1624546278942,506,selenium_login,Success,True
.test_0_selenium_a_login,Total:201 Passed:201 Failed:0
1624546279396,438,selenium_view_page,Success,True
.test_1_selenium_view_page,Total:202 Passed:202 Failed:0
1624546280197,798,selenium_create_page:open_create_page_editor,Success,True
1624546280949,629,selenium_create_page:save_created_page,Success,True
1624546280949,1551,selenium_create_page,Success,True
.test_1_selenium_create_page,Total:203 Passed:203 Failed:0
1624546282670,1719,selenium_edit_page:open_create_page_editor,Success,True
1624546283694,1005,selenium_edit_page:save_edited_page,Success,True
1624546283695,2744,selenium_edit_page,Success,True
.test_1_selenium_edit_page,Total:204 Passed:204 Failed:0
1624546284535,339,selenium_create_comment:write_comment,Success,True
1624546285145,610,selenium_create_comment:save_comment,Success,True
1624546285145,1449,selenium_create_comment,Success,True
.test_1_selenium_create_comment,Total:205 Passed:205 Failed:0
1624546285760,613,selenium_view_blog,Success,True
.test_1_selenium_view_blog,Total:206 Passed:206 Failed:0
1624546286134,372,selenium_view_dashboard,Success,True
.test_1_selenium_view_dashboard,Total:207 Passed:207 Failed:0
1624546286245,110,selenium_log_out,Success,True
.test_2_selenium_z_log_out,Total:208 Passed:208 Failed:0


=============================== warnings summary ===============================
../../usr/local/lib/python3.8/dist-packages/_pytest/config/__init__.py:1114
  /usr/local/lib/python3.8/dist-packages/_pytest/config/__init__.py:1114: PytestAssertRewriteWarning: Module already imported so cannot be rewritten: apiritif
    self._mark_plugins_for_rewrite(hook)

-- Docs: https://docs.pytest.org/en/stable/warnings.html
========================= 8 passed, 1 warning in 7.85s =========================
============================= test session starts ==============================
platform linux -- Python 3.8.5, pytest-6.2.3, py-1.10.0, pluggy-0.13.1
rootdir: /dc-app-performance-toolkit/app
plugins: apiritif-0.9.6
collected 8 items

selenium_ui/confluence_ui.py get driver from global
clear browser cookies
node_id:36057380
1624546286439,115,selenium_login:open_login_page,Success,True
1624546286819,305,selenium_login:login_and_view_dashboard,Success,True
1624546286820,496,selenium_login,Success,True
.test_0_selenium_a_login,Total:209 Passed:209 Failed:0
1624546287236,387,selenium_view_page,Success,True
.test_1_selenium_view_page,Total:210 Passed:210 Failed:0
1624546287952,714,selenium_create_page:open_create_page_editor,Success,True
1624546288678,607,selenium_create_page:save_created_page,Success,True
1624546288678,1441,selenium_create_page,Success,True
.test_1_selenium_create_page,Total:211 Passed:211 Failed:0
1624546289721,1040,selenium_edit_page:open_create_page_editor,Success,True
1624546290374,635,selenium_edit_page:save_edited_page,Success,True
1624546290374,1694,selenium_edit_page,Success,True
.test_1_selenium_edit_page,Total:212 Passed:212 Failed:0
1624546291032,262,selenium_create_comment:write_comment,Success,True
1624546291162,129,selenium_create_comment:save_comment,Success,True
1624546291162,786,selenium_create_comment,Success,True
.test_1_selenium_create_comment,Total:213 Passed:213 Failed:0
1624546291864,700,selenium_view_blog,Success,True
.test_1_selenium_view_blog,Total:214 Passed:214 Failed:0
1624546292150,284,selenium_view_dashboard,Success,True
.test_1_selenium_view_dashboard,Total:215 Passed:215 Failed:0
1624546292261,110,selenium_log_out,Success,True
.test_2_selenium_z_log_out,Total:216 Passed:216 Failed:0


=============================== warnings summary ===============================
../../usr/local/lib/python3.8/dist-packages/_pytest/config/__init__.py:1114
  /usr/local/lib/python3.8/dist-packages/_pytest/config/__init__.py:1114: PytestAssertRewriteWarning: Module already imported so cannot be rewritten: apiritif
    self._mark_plugins_for_rewrite(hook)

-- Docs: https://docs.pytest.org/en/stable/warnings.html
========================= 8 passed, 1 warning in 5.98s =========================
============================= test session starts ==============================
platform linux -- Python 3.8.5, pytest-6.2.3, py-1.10.0, pluggy-0.13.1
rootdir: /dc-app-performance-toolkit/app
plugins: apiritif-0.9.6
collected 8 items

selenium_ui/confluence_ui.py get driver from global
clear browser cookies
node_id:36057380
1624546292449,111,selenium_login:open_login_page,Success,True
1624546292842,322,selenium_login:login_and_view_dashboard,Success,True
1624546292842,504,selenium_login,Success,True
.test_0_selenium_a_login,Total:217 Passed:217 Failed:0
1624546293181,323,selenium_view_page,Success,True
.test_1_selenium_view_page,Total:218 Passed:218 Failed:0
1624546293928,745,selenium_create_page:open_create_page_editor,Success,True
1624546294653,617,selenium_create_page:save_created_page,Success,True
1624546294653,1470,selenium_create_page,Success,True
.test_1_selenium_create_page,Total:219 Passed:219 Failed:0
1624546296785,2130,selenium_edit_page:open_create_page_editor,Success,True
1624546297485,682,selenium_edit_page:save_edited_page,Success,True
1624546297485,2831,selenium_edit_page,Success,True
.test_1_selenium_edit_page,Total:220 Passed:220 Failed:0
1624546298538,696,selenium_create_comment:write_comment,Success,True
1624546299187,649,selenium_create_comment:save_comment,Success,True
1624546299187,1700,selenium_create_comment,Success,True
.test_1_selenium_create_comment,Total:221 Passed:221 Failed:0
1624546299685,496,selenium_view_blog,Success,True
.test_1_selenium_view_blog,Total:222 Passed:222 Failed:0
1624546299981,294,selenium_view_dashboard,Success,True
.test_1_selenium_view_dashboard,Total:223 Passed:223 Failed:0
1624546300092,109,selenium_log_out,Success,True
.test_2_selenium_z_log_out,Total:224 Passed:224 Failed:0


=============================== warnings summary ===============================
../../usr/local/lib/python3.8/dist-packages/_pytest/config/__init__.py:1114
  /usr/local/lib/python3.8/dist-packages/_pytest/config/__init__.py:1114: PytestAssertRewriteWarning: Module already imported so cannot be rewritten: apiritif
    self._mark_plugins_for_rewrite(hook)

-- Docs: https://docs.pytest.org/en/stable/warnings.html
========================= 8 passed, 1 warning in 7.80s =========================
============================= test session starts ==============================
platform linux -- Python 3.8.5, pytest-6.2.3, py-1.10.0, pluggy-0.13.1
rootdir: /dc-app-performance-toolkit/app
plugins: apiritif-0.9.6
collected 8 items

selenium_ui/confluence_ui.py get driver from global
clear browser cookies
node_id:36057380
1624546300282,120,selenium_login:open_login_page,Success,True
1624546300671,317,selenium_login:login_and_view_dashboard,Success,True
1624546300671,509,selenium_login,Success,True
.test_0_selenium_a_login,Total:225 Passed:225 Failed:0
1624546301101,415,selenium_view_page,Success,True
.test_1_selenium_view_page,Total:226 Passed:226 Failed:0
1624546301892,789,selenium_create_page:open_create_page_editor,Success,True
1624546302613,605,selenium_create_page:save_created_page,Success,True
1624546302613,1510,selenium_create_page,Success,True
.test_1_selenium_create_page,Total:227 Passed:227 Failed:0
1624546304355,1740,selenium_edit_page:open_create_page_editor,Success,True
1624546305387,1013,selenium_edit_page:save_edited_page,Success,True
1624546305387,2772,selenium_edit_page,Success,True
.test_1_selenium_edit_page,Total:228 Passed:228 Failed:0
1624546306614,812,selenium_create_comment:write_comment,Success,True
1624546307263,648,selenium_create_comment:save_comment,Success,True
1624546307263,1874,selenium_create_comment,Success,True
.test_1_selenium_create_comment,Total:229 Passed:229 Failed:0
1624546307761,496,selenium_view_blog,Success,True
.test_1_selenium_view_blog,Total:230 Passed:230 Failed:0
1624546308049,286,selenium_view_dashboard,Success,True
.test_1_selenium_view_dashboard,Total:231 Passed:231 Failed:0
1624546308159,108,selenium_log_out,Success,True
.test_2_selenium_z_log_out,Total:232 Passed:232 Failed:0


=============================== warnings summary ===============================
../../usr/local/lib/python3.8/dist-packages/_pytest/config/__init__.py:1114
  /usr/local/lib/python3.8/dist-packages/_pytest/config/__init__.py:1114: PytestAssertRewriteWarning: Module already imported so cannot be rewritten: apiritif
    self._mark_plugins_for_rewrite(hook)

-- Docs: https://docs.pytest.org/en/stable/warnings.html
========================= 8 passed, 1 warning in 8.03s =========================
============================= test session starts ==============================
platform linux -- Python 3.8.5, pytest-6.2.3, py-1.10.0, pluggy-0.13.1
rootdir: /dc-app-performance-toolkit/app
plugins: apiritif-0.9.6
collected 8 items

selenium_ui/confluence_ui.py get driver from global
clear browser cookies
node_id:36057380
1624546308347,113,selenium_login:open_login_page,Success,True
1624546308678,260,selenium_login:login_and_view_dashboard,Success,True
1624546308678,444,selenium_login,Success,True
.test_0_selenium_a_login,Total:233 Passed:233 Failed:0
1624546308962,268,selenium_view_page,Success,True
.test_1_selenium_view_page,Total:234 Passed:234 Failed:0
1624546309600,636,selenium_create_page:open_create_page_editor,Success,True
1624546310346,627,selenium_create_page:save_created_page,Success,True
1624546310346,1383,selenium_create_page,Success,True
.test_1_selenium_create_page,Total:235 Passed:235 Failed:0
1624546311304,956,selenium_edit_page:open_create_page_editor,Success,True
1624546312017,694,selenium_edit_page:save_edited_page,Success,True
1624546312017,1669,selenium_edit_page,Success,True
.test_1_selenium_edit_page,Total:236 Passed:236 Failed:0
1624546312923,637,selenium_create_comment:write_comment,Success,True
1624546313532,608,selenium_create_comment:save_comment,Success,True
1624546313532,1513,selenium_create_comment,Success,True
.test_1_selenium_create_comment,Total:237 Passed:237 Failed:0
1624546314018,484,selenium_view_blog,Success,True
.test_1_selenium_view_blog,Total:238 Passed:238 Failed:0
1624546314199,179,selenium_view_dashboard,Success,True
.test_1_selenium_view_dashboard,Total:239 Passed:239 Failed:0
1624546314302,102,selenium_log_out,Success,True
.test_2_selenium_z_log_out,Total:240 Passed:240 Failed:0


=============================== warnings summary ===============================
../../usr/local/lib/python3.8/dist-packages/_pytest/config/__init__.py:1114
  /usr/local/lib/python3.8/dist-packages/_pytest/config/__init__.py:1114: PytestAssertRewriteWarning: Module already imported so cannot be rewritten: apiritif
    self._mark_plugins_for_rewrite(hook)

-- Docs: https://docs.pytest.org/en/stable/warnings.html
========================= 8 passed, 1 warning in 6.11s =========================
============================= test session starts ==============================
platform linux -- Python 3.8.5, pytest-6.2.3, py-1.10.0, pluggy-0.13.1
rootdir: /dc-app-performance-toolkit/app
plugins: apiritif-0.9.6
collected 8 items

selenium_ui/confluence_ui.py get driver from global
clear browser cookies
node_id:36057380
1624546314475,116,selenium_login:open_login_page,Success,True
1624546314799,244,selenium_login:login_and_view_dashboard,Success,True
1624546314800,441,selenium_login,Success,True
.test_0_selenium_a_login,Total:241 Passed:241 Failed:0
1624546315117,302,selenium_view_page,Success,True
.test_1_selenium_view_page,Total:242 Passed:242 Failed:0
1624546315763,644,selenium_create_page:open_create_page_editor,Success,True
1624546316462,598,selenium_create_page:save_created_page,Success,True
1624546316462,1343,selenium_create_page,Success,True
.test_1_selenium_create_page,Total:243 Passed:243 Failed:0
1624546317440,976,selenium_edit_page:open_create_page_editor,Success,True
1624546318176,716,selenium_edit_page:save_edited_page,Success,True
1624546318176,1713,selenium_edit_page,Success,True
.test_1_selenium_edit_page,Total:244 Passed:244 Failed:0
1624546319083,629,selenium_create_comment:write_comment,Success,True
1624546319692,608,selenium_create_comment:save_comment,Success,True
1624546319692,1514,selenium_create_comment,Success,True
.test_1_selenium_create_comment,Total:245 Passed:245 Failed:0
1624546320147,454,selenium_view_blog,Success,True
.test_1_selenium_view_blog,Total:246 Passed:246 Failed:0
1624546320407,258,selenium_view_dashboard,Success,True
.test_1_selenium_view_dashboard,Total:247 Passed:247 Failed:0
1624546320526,117,selenium_log_out,Success,True
.test_2_selenium_z_log_out,Total:248 Passed:248 Failed:0


=============================== warnings summary ===============================
../../usr/local/lib/python3.8/dist-packages/_pytest/config/__init__.py:1114
  /usr/local/lib/python3.8/dist-packages/_pytest/config/__init__.py:1114: PytestAssertRewriteWarning: Module already imported so cannot be rewritten: apiritif
    self._mark_plugins_for_rewrite(hook)

-- Docs: https://docs.pytest.org/en/stable/warnings.html
========================= 8 passed, 1 warning in 6.19s =========================
============================= test session starts ==============================
platform linux -- Python 3.8.5, pytest-6.2.3, py-1.10.0, pluggy-0.13.1
rootdir: /dc-app-performance-toolkit/app
plugins: apiritif-0.9.6
collected 8 items

selenium_ui/confluence_ui.py get driver from global
clear browser cookies
node_id:36057380
1624546320721,131,selenium_login:open_login_page,Success,True
1624546321060,265,selenium_login:login_and_view_dashboard,Success,True
1624546321060,470,selenium_login,Success,True
.test_0_selenium_a_login,Total:249 Passed:249 Failed:0
1624546321509,420,selenium_view_page,Success,True
.test_1_selenium_view_page,Total:250 Passed:250 Failed:0
1624546322361,850,selenium_create_page:open_create_page_editor,Success,True
1624546323063,588,selenium_create_page:save_created_page,Success,True
1624546323063,1552,selenium_create_page,Success,True
.test_1_selenium_create_page,Total:251 Passed:251 Failed:0
1624546324781,1716,selenium_edit_page:open_create_page_editor,Success,True
1624546325858,1058,selenium_edit_page:save_edited_page,Success,True
1624546325858,2794,selenium_edit_page,Success,True
.test_1_selenium_edit_page,Total:252 Passed:252 Failed:0
1624546326748,296,selenium_create_comment:write_comment,Success,True
1624546326883,134,selenium_create_comment:save_comment,Success,True
1624546326883,1022,selenium_create_comment,Success,True
.test_1_selenium_create_comment,Total:253 Passed:253 Failed:0
1624546327417,533,selenium_view_blog,Success,True
.test_1_selenium_view_blog,Total:254 Passed:254 Failed:0
1624546327703,284,selenium_view_dashboard,Success,True
.test_1_selenium_view_dashboard,Total:255 Passed:255 Failed:0
1624546327810,105,selenium_log_out,Success,True
.test_2_selenium_z_log_out,Total:256 Passed:256 Failed:0


=============================== warnings summary ===============================
../../usr/local/lib/python3.8/dist-packages/_pytest/config/__init__.py:1114
  /usr/local/lib/python3.8/dist-packages/_pytest/config/__init__.py:1114: PytestAssertRewriteWarning: Module already imported so cannot be rewritten: apiritif
    self._mark_plugins_for_rewrite(hook)

-- Docs: https://docs.pytest.org/en/stable/warnings.html
========================= 8 passed, 1 warning in 7.25s =========================
============================= test session starts ==============================
platform linux -- Python 3.8.5, pytest-6.2.3, py-1.10.0, pluggy-0.13.1
rootdir: /dc-app-performance-toolkit/app
plugins: apiritif-0.9.6
collected 8 items

selenium_ui/confluence_ui.py get driver from global
clear browser cookies
node_id:36057380
1624546327997,115,selenium_login:open_login_page,Success,True
1624546328378,312,selenium_login:login_and_view_dashboard,Success,True
1624546328378,496,selenium_login,Success,True
.test_0_selenium_a_login,Total:257 Passed:257 Failed:0
1624546328934,540,selenium_view_page,Success,True
.test_1_selenium_view_page,Total:258 Passed:258 Failed:0
1624546329690,755,selenium_create_page:open_create_page_editor,Success,True
1624546330936,625,selenium_create_page:save_created_page,Success,True
1624546330936,2000,selenium_create_page,Success,True
.test_1_selenium_create_page,Total:259 Passed:259 Failed:0
1624546333670,2732,selenium_edit_page:open_create_page_editor,Success,True
1624546334601,911,selenium_edit_page:save_edited_page,Success,True
1624546334601,3664,selenium_edit_page,Success,True
.test_1_selenium_edit_page,Total:260 Passed:260 Failed:0
1624546335896,823,selenium_create_comment:write_comment,Success,True
1624546336543,646,selenium_create_comment:save_comment,Success,True
1624546336543,1940,selenium_create_comment,Success,True
.test_1_selenium_create_comment,Total:261 Passed:261 Failed:0
1624546337065,521,selenium_view_blog,Success,True
.test_1_selenium_view_blog,Total:262 Passed:262 Failed:0
1624546337363,296,selenium_view_dashboard,Success,True
.test_1_selenium_view_dashboard,Total:263 Passed:263 Failed:0
1624546337474,109,selenium_log_out,Success,True
.test_2_selenium_z_log_out,Total:264 Passed:264 Failed:0


=============================== warnings summary ===============================
../../usr/local/lib/python3.8/dist-packages/_pytest/config/__init__.py:1114
  /usr/local/lib/python3.8/dist-packages/_pytest/config/__init__.py:1114: PytestAssertRewriteWarning: Module already imported so cannot be rewritten: apiritif
    self._mark_plugins_for_rewrite(hook)

-- Docs: https://docs.pytest.org/en/stable/warnings.html
========================= 8 passed, 1 warning in 9.63s =========================
============================= test session starts ==============================
platform linux -- Python 3.8.5, pytest-6.2.3, py-1.10.0, pluggy-0.13.1
rootdir: /dc-app-performance-toolkit/app
plugins: apiritif-0.9.6
collected 8 items

selenium_ui/confluence_ui.py get driver from global
clear browser cookies
node_id:36057380
1624546337658,109,selenium_login:open_login_page,Success,True
1624546338039,309,selenium_login:login_and_view_dashboard,Success,True
1624546338040,491,selenium_login,Success,True
.test_0_selenium_a_login,Total:265 Passed:265 Failed:0
1624546338493,431,selenium_view_page,Success,True
.test_1_selenium_view_page,Total:266 Passed:266 Failed:0
1624546339268,773,selenium_create_page:open_create_page_editor,Success,True
1624546340027,609,selenium_create_page:save_created_page,Success,True
1624546340028,1532,selenium_create_page,Success,True
.test_1_selenium_create_page,Total:267 Passed:267 Failed:0
1624546341056,1026,selenium_edit_page:open_create_page_editor,Success,True
1624546341819,742,selenium_edit_page:save_edited_page,Success,True
1624546341819,1790,selenium_edit_page,Success,True
.test_1_selenium_edit_page,Total:268 Passed:268 Failed:0
1624546342889,740,selenium_create_comment:write_comment,Success,True
1624546343492,602,selenium_create_comment:save_comment,Success,True
1624546343492,1671,selenium_create_comment,Success,True
.test_1_selenium_create_comment,Total:269 Passed:269 Failed:0
1624546343942,448,selenium_view_blog,Success,True
.test_1_selenium_view_blog,Total:270 Passed:270 Failed:0
1624546344195,251,selenium_view_dashboard,Success,True
.test_1_selenium_view_dashboard,Total:271 Passed:271 Failed:0
1624546344307,110,selenium_log_out,Success,True
.test_2_selenium_z_log_out,Total:272 Passed:272 Failed:0


=============================== warnings summary ===============================
../../usr/local/lib/python3.8/dist-packages/_pytest/config/__init__.py:1114
  /usr/local/lib/python3.8/dist-packages/_pytest/config/__init__.py:1114: PytestAssertRewriteWarning: Module already imported so cannot be rewritten: apiritif
    self._mark_plugins_for_rewrite(hook)

-- Docs: https://docs.pytest.org/en/stable/warnings.html
========================= 8 passed, 1 warning in 6.80s =========================
============================= test session starts ==============================
platform linux -- Python 3.8.5, pytest-6.2.3, py-1.10.0, pluggy-0.13.1
rootdir: /dc-app-performance-toolkit/app
plugins: apiritif-0.9.6
collected 8 items

selenium_ui/confluence_ui.py get driver from global
clear browser cookies
node_id:36057380
1624546344490,116,selenium_login:open_login_page,Success,True
1624546344868,307,selenium_login:login_and_view_dashboard,Success,True
1624546344868,494,selenium_login,Success,True
.test_0_selenium_a_login,Total:273 Passed:273 Failed:0
1624546345246,362,selenium_view_page,Success,True
.test_1_selenium_view_page,Total:274 Passed:274 Failed:0
1624546345957,709,selenium_create_page:open_create_page_editor,Success,True
1624546346659,590,selenium_create_page:save_created_page,Success,True
1624546346659,1410,selenium_create_page,Success,True
.test_1_selenium_create_page,Total:275 Passed:275 Failed:0
1624546347748,1087,selenium_edit_page:open_create_page_editor,Success,True
1624546348438,670,selenium_edit_page:save_edited_page,Success,True
1624546348438,1777,selenium_edit_page,Success,True
.test_1_selenium_edit_page,Total:276 Passed:276 Failed:0
1624546349367,669,selenium_create_comment:write_comment,Success,True
1624546349971,603,selenium_create_comment:save_comment,Success,True
1624546349971,1531,selenium_create_comment,Success,True
.test_1_selenium_create_comment,Total:277 Passed:277 Failed:0
1624546350469,497,selenium_view_blog,Success,True
.test_1_selenium_view_blog,Total:278 Passed:278 Failed:0
1624546350689,217,selenium_view_dashboard,Success,True
.test_1_selenium_view_dashboard,Total:279 Passed:279 Failed:0
1624546350795,104,selenium_log_out,Success,True
.test_2_selenium_z_log_out,Total:280 Passed:280 Failed:0


=============================== warnings summary ===============================
../../usr/local/lib/python3.8/dist-packages/_pytest/config/__init__.py:1114
  /usr/local/lib/python3.8/dist-packages/_pytest/config/__init__.py:1114: PytestAssertRewriteWarning: Module already imported so cannot be rewritten: apiritif
    self._mark_plugins_for_rewrite(hook)

-- Docs: https://docs.pytest.org/en/stable/warnings.html
========================= 8 passed, 1 warning in 6.45s =========================
============================= test session starts ==============================
platform linux -- Python 3.8.5, pytest-6.2.3, py-1.10.0, pluggy-0.13.1
rootdir: /dc-app-performance-toolkit/app
plugins: apiritif-0.9.6
collected 8 items

selenium_ui/confluence_ui.py get driver from global
clear browser cookies
node_id:36057380
1624546350974,112,selenium_login:open_login_page,Success,True
1624546351370,325,selenium_login:login_and_view_dashboard,Success,True
1624546351370,508,selenium_login,Success,True
.test_0_selenium_a_login,Total:281 Passed:281 Failed:0
1624546351876,492,selenium_view_page,Success,True
.test_1_selenium_view_page,Total:282 Passed:282 Failed:0
1624546352696,818,selenium_create_page:open_create_page_editor,Success,True
1624546353413,606,selenium_create_page:save_created_page,Success,True
1624546353413,1535,selenium_create_page,Success,True
.test_1_selenium_create_page,Total:283 Passed:283 Failed:0
1624546354564,1150,selenium_edit_page:open_create_page_editor,Success,True
1624546355450,866,selenium_edit_page:save_edited_page,Success,True
1624546355450,2035,selenium_edit_page,Success,True
.test_1_selenium_edit_page,Total:284 Passed:284 Failed:0
[...]
.test_0_selenium_a_login,Total:2857 Passed:2857 Failed:0
1624548724455,319,selenium_view_page,Success,True
.test_1_selenium_view_page,Total:2858 Passed:2858 Failed:0
1624548725173,716,selenium_create_page:open_create_page_editor,Success,True
1624548725921,646,selenium_create_page:save_created_page,Success,True
1624548725921,1464,selenium_create_page,Success,True
.test_1_selenium_create_page,Total:2859 Passed:2859 Failed:0
1624548726985,1062,selenium_edit_page:open_create_page_editor,Success,True
1624548727770,765,selenium_edit_page:save_edited_page,Success,True
1624548727770,1847,selenium_edit_page,Success,True
.test_1_selenium_edit_page,Total:2860 Passed:2860 Failed:0
1624548728795,759,selenium_create_comment:write_comment,Success,True
1624548729445,649,selenium_create_comment:save_comment,Success,True
1624548729445,1673,selenium_create_comment,Success,True
.test_1_selenium_create_comment,Total:2861 Passed:2861 Failed:0
1624548729925,478,selenium_view_blog,Success,True
.test_1_selenium_view_blog,Total:2862 Passed:2862 Failed:0
1624548730205,279,selenium_view_dashboard,Success,True
.test_1_selenium_view_dashboard,Total:2863 Passed:2863 Failed:0
1624548730321,114,selenium_log_out,Success,True
.test_2_selenium_z_log_out,Total:2864 Passed:2864 Failed:0


=============================== warnings summary ===============================
../../usr/local/lib/python3.8/dist-packages/_pytest/config/__init__.py:1114
  /usr/local/lib/python3.8/dist-packages/_pytest/config/__init__.py:1114: PytestAssertRewriteWarning: Module already imported so cannot be rewritten: apiritif
    self._mark_plugins_for_rewrite(hook)

-- Docs: https://docs.pytest.org/en/stable/warnings.html
========================= 8 passed, 1 warning in 6.75s =========================
============================= test session starts ==============================
platform linux -- Python 3.8.5, pytest-6.2.3, py-1.10.0, pluggy-0.13.1
rootdir: /dc-app-performance-toolkit/app
plugins: apiritif-0.9.6
collected 8 items

selenium_ui/confluence_ui.py get driver from global
clear browser cookies
node_id:36057380
1624548730497,112,selenium_login:open_login_page,Success,True
1624548730872,300,selenium_login:login_and_view_dashboard,Success,True
1624548730872,487,selenium_login,Success,True
.test_0_selenium_a_login,Total:2865 Passed:2865 Failed:0
1624548731283,395,selenium_view_page,Success,True
.test_1_selenium_view_page,Total:2866 Passed:2866 Failed:0
1624548731961,675,selenium_create_page:open_create_page_editor,Success,True
1624548732685,622,selenium_create_page:save_created_page,Success,True
1624548732685,1400,selenium_create_page,Success,True
.test_1_selenium_create_page,Total:2867 Passed:2867 Failed:0
1624548733708,1021,selenium_edit_page:open_create_page_editor,Success,True
1624548734457,730,selenium_edit_page:save_edited_page,Success,True
1624548734457,1771,selenium_edit_page,Success,True
.test_1_selenium_edit_page,Total:2868 Passed:2868 Failed:0
1624548735572,784,selenium_create_comment:write_comment,Success,True
1624548736179,606,selenium_create_comment:save_comment,Success,True
1624548736179,1720,selenium_create_comment,Success,True
.test_1_selenium_create_comment,Total:2869 Passed:2869 Failed:0
1624548736655,475,selenium_view_blog,Success,True
.test_1_selenium_view_blog,Total:2870 Passed:2870 Failed:0
1624548736885,228,selenium_view_dashboard,Success,True
.test_1_selenium_view_dashboard,Total:2871 Passed:2871 Failed:0
1624548736991,104,selenium_log_out,Success,True
.test_2_selenium_z_log_out,Total:2872 Passed:2872 Failed:0


=============================== warnings summary ===============================
../../usr/local/lib/python3.8/dist-packages/_pytest/config/__init__.py:1114
  /usr/local/lib/python3.8/dist-packages/_pytest/config/__init__.py:1114: PytestAssertRewriteWarning: Module already imported so cannot be rewritten: apiritif
    self._mark_plugins_for_rewrite(hook)

-- Docs: https://docs.pytest.org/en/stable/warnings.html
========================= 8 passed, 1 warning in 6.63s =========================
============================= test session starts ==============================
platform linux -- Python 3.8.5, pytest-6.2.3, py-1.10.0, pluggy-0.13.1
rootdir: /dc-app-performance-toolkit/app
plugins: apiritif-0.9.6
collected 8 items

selenium_ui/confluence_ui.py get driver from global
clear browser cookies
node_id:36057380
1624548737177,112,selenium_login:open_login_page,Success,True
1624548737570,321,selenium_login:login_and_view_dashboard,Success,True
1624548737570,505,selenium_login,Success,True
.test_0_selenium_a_login,Total:2873 Passed:2873 Failed:0
1624548737949,363,selenium_view_page,Success,True
.test_1_selenium_view_page,Total:2874 Passed:2874 Failed:0
1624548738654,703,selenium_create_page:open_create_page_editor,Success,True
1624548739394,636,selenium_create_page:save_created_page,Success,True
1624548739394,1444,selenium_create_page,Success,True
.test_1_selenium_create_page,Total:2875 Passed:2875 Failed:0
1624548740413,1017,selenium_edit_page:open_create_page_editor,Success,True
1624548741188,755,selenium_edit_page:save_edited_page,Success,True
1624548741188,1793,selenium_edit_page,Success,True
.test_1_selenium_edit_page,Total:2876 Passed:2876 Failed:0
1624548742272,775,selenium_create_comment:write_comment,Success,True
1624548742891,619,selenium_create_comment:save_comment,Success,True
1624548742891,1701,selenium_create_comment,Success,True
.test_1_selenium_create_comment,Total:2877 Passed:2877 Failed:0
1624548744060,1167,selenium_view_blog,Success,True
.test_1_selenium_view_blog,Total:2878 Passed:2878 Failed:0
1624548744392,331,selenium_view_dashboard,Success,True
.test_1_selenium_view_dashboard,Total:2879 Passed:2879 Failed:0
1624548744506,112,selenium_log_out,Success,True
.test_2_selenium_z_log_out,Total:2880 Passed:2880 Failed:0


=============================== warnings summary ===============================
../../usr/local/lib/python3.8/dist-packages/_pytest/config/__init__.py:1114
  /usr/local/lib/python3.8/dist-packages/_pytest/config/__init__.py:1114: PytestAssertRewriteWarning: Module already imported so cannot be rewritten: apiritif
    self._mark_plugins_for_rewrite(hook)

-- Docs: https://docs.pytest.org/en/stable/warnings.html
========================= 8 passed, 1 warning in 7.48s =========================
============================= test session starts ==============================
platform linux -- Python 3.8.5, pytest-6.2.3, py-1.10.0, pluggy-0.13.1
rootdir: /dc-app-performance-toolkit/app
plugins: apiritif-0.9.6
collected 8 items

selenium_ui/confluence_ui.py get driver from global
clear browser cookies
node_id:36057380
1624548744696,117,selenium_login:open_login_page,Success,True
1624548745055,289,selenium_login:login_and_view_dashboard,Success,True
1624548745055,476,selenium_login,Success,True
.test_0_selenium_a_login,Total:2881 Passed:2881 Failed:0
1624548745510,433,selenium_view_page,Success,True
.test_1_selenium_view_page,Total:2882 Passed:2882 Failed:0
1624548746440,927,selenium_create_page:open_create_page_editor,Success,True
1624548747150,604,selenium_create_page:save_created_page,Success,True
1624548747151,1639,selenium_create_page,Success,True
.test_1_selenium_create_page,Total:2883 Passed:2883 Failed:0
1624548748262,1110,selenium_edit_page:open_create_page_editor,Success,True
1624548749210,928,selenium_edit_page:save_edited_page,Success,True
1624548749210,2058,selenium_edit_page,Success,True
.test_1_selenium_edit_page,Total:2884 Passed:2884 Failed:0
1624548750267,705,selenium_create_comment:write_comment,Success,True
1624548750401,133,selenium_create_comment:save_comment,Success,True
1624548750401,1189,selenium_create_comment,Success,True
.test_1_selenium_create_comment,Total:2885 Passed:2885 Failed:0
1624548751265,862,selenium_view_blog,Success,True
.test_1_selenium_view_blog,Total:2886 Passed:2886 Failed:0
1624548751579,311,selenium_view_dashboard,Success,True
.test_1_selenium_view_dashboard,Total:2887 Passed:2887 Failed:0
1624548751689,109,selenium_log_out,Success,True
.test_2_selenium_z_log_out,Total:2888 Passed:2888 Failed:0


=============================== warnings summary ===============================
../../usr/local/lib/python3.8/dist-packages/_pytest/config/__init__.py:1114
  /usr/local/lib/python3.8/dist-packages/_pytest/config/__init__.py:1114: PytestAssertRewriteWarning: Module already imported so cannot be rewritten: apiritif
    self._mark_plugins_for_rewrite(hook)

-- Docs: https://docs.pytest.org/en/stable/warnings.html
========================= 8 passed, 1 warning in 7.15s =========================
============================= test session starts ==============================
platform linux -- Python 3.8.5, pytest-6.2.3, py-1.10.0, pluggy-0.13.1
rootdir: /dc-app-performance-toolkit/app
plugins: apiritif-0.9.6
collected 8 items

selenium_ui/confluence_ui.py get driver from global
clear browser cookies
node_id:36057380
1624548751875,115,selenium_login:open_login_page,Success,True
1624548752254,307,selenium_login:login_and_view_dashboard,Success,True
1624548752254,494,selenium_login,Success,True
.test_0_selenium_a_login,Total:2889 Passed:2889 Failed:0
1624548752583,311,selenium_view_page,Success,True
.test_1_selenium_view_page,Total:2890 Passed:2890 Failed:0
1624548753287,702,selenium_create_page:open_create_page_editor,Success,True
1624548753995,602,selenium_create_page:save_created_page,Success,True
1624548753995,1411,selenium_create_page,Success,True
.test_1_selenium_create_page,Total:2891 Passed:2891 Failed:0
1624548755003,1006,selenium_edit_page:open_create_page_editor,Success,True
1624548755750,729,selenium_edit_page:save_edited_page,Success,True
1624548755750,1753,selenium_edit_page,Success,True
.test_1_selenium_edit_page,Total:2892 Passed:2892 Failed:0
1624548756357,312,selenium_create_comment:write_comment,Success,True
1624548756963,606,selenium_create_comment:save_comment,Success,True
1624548756963,1211,selenium_create_comment,Success,True
.test_1_selenium_create_comment,Total:2893 Passed:2893 Failed:0
1624548757873,908,selenium_view_blog,Success,True
.test_1_selenium_view_blog,Total:2894 Passed:2894 Failed:0
1624548758199,325,selenium_view_dashboard,Success,True
.test_1_selenium_view_dashboard,Total:2895 Passed:2895 Failed:0
1624548758307,106,selenium_log_out,Success,True
.test_2_selenium_z_log_out,Total:2896 Passed:2896 Failed:0


=============================== warnings summary ===============================
../../usr/local/lib/python3.8/dist-packages/_pytest/config/__init__.py:1114
  /usr/local/lib/python3.8/dist-packages/_pytest/config/__init__.py:1114: PytestAssertRewriteWarning: Module already imported so cannot be rewritten: apiritif
    self._mark_plugins_for_rewrite(hook)

-- Docs: https://docs.pytest.org/en/stable/warnings.html
========================= 8 passed, 1 warning in 6.58s =========================
============================= test session starts ==============================
platform linux -- Python 3.8.5, pytest-6.2.3, py-1.10.0, pluggy-0.13.1
rootdir: /dc-app-performance-toolkit/app
plugins: apiritif-0.9.6
collected 8 items

selenium_ui/confluence_ui.py get driver from global
clear browser cookies
node_id:36057380
1624548758489,116,selenium_login:open_login_page,Success,True
1624548758863,303,selenium_login:login_and_view_dashboard,Success,True
1624548758863,489,selenium_login,Success,True
.test_0_selenium_a_login,Total:2897 Passed:2897 Failed:0
1624548759350,471,selenium_view_page,Success,True
.test_1_selenium_view_page,Total:2898 Passed:2898 Failed:0
1624548760073,721,selenium_create_page:open_create_page_editor,Success,True
1624548760813,607,selenium_create_page:save_created_page,Success,True
1624548760813,1461,selenium_create_page,Success,True
.test_1_selenium_create_page,Total:2899 Passed:2899 Failed:0
1624548762931,2116,selenium_edit_page:open_create_page_editor,Success,True
1624548763721,771,selenium_edit_page:save_edited_page,Success,True
1624548763721,2907,selenium_edit_page,Success,True
.test_1_selenium_edit_page,Total:2900 Passed:2900 Failed:0
1624548764894,724,selenium_create_comment:write_comment,Success,True
1624548765022,128,selenium_create_comment:save_comment,Success,True
1624548765022,1299,selenium_create_comment,Success,True
.test_1_selenium_create_comment,Total:2901 Passed:2901 Failed:0
1624548765851,827,selenium_view_blog,Success,True
.test_1_selenium_view_blog,Total:2902 Passed:2902 Failed:0
1624548766162,308,selenium_view_dashboard,Success,True
.test_1_selenium_view_dashboard,Total:2903 Passed:2903 Failed:0
1624548766279,115,selenium_log_out,Success,True
.test_2_selenium_z_log_out,Total:2904 Passed:2904 Failed:0


=============================== warnings summary ===============================
../../usr/local/lib/python3.8/dist-packages/_pytest/config/__init__.py:1114
  /usr/local/lib/python3.8/dist-packages/_pytest/config/__init__.py:1114: PytestAssertRewriteWarning: Module already imported so cannot be rewritten: apiritif
    self._mark_plugins_for_rewrite(hook)

-- Docs: https://docs.pytest.org/en/stable/warnings.html
========================= 8 passed, 1 warning in 7.94s =========================
============================= test session starts ==============================
platform linux -- Python 3.8.5, pytest-6.2.3, py-1.10.0, pluggy-0.13.1
rootdir: /dc-app-performance-toolkit/app
plugins: apiritif-0.9.6
collected 8 items

selenium_ui/confluence_ui.py get driver from global
clear browser cookies
node_id:36057380
1624548766474,122,selenium_login:open_login_page,Success,True
1624548766868,316,selenium_login:login_and_view_dashboard,Success,True
1624548766868,515,selenium_login,Success,True
.test_0_selenium_a_login,Total:2905 Passed:2905 Failed:0
1624548767213,330,selenium_view_page,Success,True
.test_1_selenium_view_page,Total:2906 Passed:2906 Failed:0
1624548767913,698,selenium_create_page:open_create_page_editor,Success,True
1624548768625,601,selenium_create_page:save_created_page,Success,True
1624548768625,1410,selenium_create_page,Success,True
.test_1_selenium_create_page,Total:2907 Passed:2907 Failed:0
1624548769686,1059,selenium_edit_page:open_create_page_editor,Success,True
1624548770464,682,selenium_edit_page:save_edited_page,Success,True
1624548770464,1837,selenium_edit_page,Success,True
.test_1_selenium_edit_page,Total:2908 Passed:2908 Failed:0
1624548771470,735,selenium_create_comment:write_comment,Success,True
1624548772110,638,selenium_create_comment:save_comment,Success,True
1624548772110,1644,selenium_create_comment,Success,True
.test_1_selenium_create_comment,Total:2909 Passed:2909 Failed:0
1624548772870,758,selenium_view_blog,Success,True
.test_1_selenium_view_blog,Total:2910 Passed:2910 Failed:0
1624548773199,326,selenium_view_dashboard,Success,True
.test_1_selenium_view_dashboard,Total:2911 Passed:2911 Failed:0
1624548773306,105,selenium_log_out,Success,True
.test_2_selenium_z_log_out,Total:2912 Passed:2912 Failed:0


=============================== warnings summary ===============================
../../usr/local/lib/python3.8/dist-packages/_pytest/config/__init__.py:1114
  /usr/local/lib/python3.8/dist-packages/_pytest/config/__init__.py:1114: PytestAssertRewriteWarning: Module already imported so cannot be rewritten: apiritif
    self._mark_plugins_for_rewrite(hook)

-- Docs: https://docs.pytest.org/en/stable/warnings.html
========================= 8 passed, 1 warning in 6.99s =========================
============================= test session starts ==============================
platform linux -- Python 3.8.5, pytest-6.2.3, py-1.10.0, pluggy-0.13.1
rootdir: /dc-app-performance-toolkit/app
plugins: apiritif-0.9.6
collected 8 items

selenium_ui/confluence_ui.py get driver from global
clear browser cookies
node_id:36057380
1624548773496,122,selenium_login:open_login_page,Success,True
1624548773883,314,selenium_login:login_and_view_dashboard,Success,True
1624548773883,509,selenium_login,Success,True
.test_0_selenium_a_login,Total:2913 Passed:2913 Failed:0
1624548774244,346,selenium_view_page,Success,True
.test_1_selenium_view_page,Total:2914 Passed:2914 Failed:0
1624548774940,694,selenium_create_page:open_create_page_editor,Success,True
1624548775645,599,selenium_create_page:save_created_page,Success,True
1624548775646,1399,selenium_create_page,Success,True
.test_1_selenium_create_page,Total:2915 Passed:2915 Failed:0
1624548776696,1049,selenium_edit_page:open_create_page_editor,Success,True
1624548777463,694,selenium_edit_page:save_edited_page,Success,True
1624548777463,1816,selenium_edit_page,Success,True
.test_1_selenium_edit_page,Total:2916 Passed:2916 Failed:0
1624548778430,672,selenium_create_comment:write_comment,Success,True
1624548778565,135,selenium_create_comment:save_comment,Success,True
1624548778565,1100,selenium_create_comment,Success,True
.test_1_selenium_create_comment,Total:2917 Passed:2917 Failed:0
1624548779554,987,selenium_view_blog,Success,True
.test_1_selenium_view_blog,Total:2918 Passed:2918 Failed:0
1624548779791,236,selenium_view_dashboard,Success,True
.test_1_selenium_view_dashboard,Total:2919 Passed:2919 Failed:0
1624548779894,100,selenium_log_out,Success,True
.test_2_selenium_z_log_out,Total:2920 Passed:2920 Failed:0


=============================== warnings summary ===============================
../../usr/local/lib/python3.8/dist-packages/_pytest/config/__init__.py:1114
  /usr/local/lib/python3.8/dist-packages/_pytest/config/__init__.py:1114: PytestAssertRewriteWarning: Module already imported so cannot be rewritten: apiritif
    self._mark_plugins_for_rewrite(hook)

-- Docs: https://docs.pytest.org/en/stable/warnings.html
========================= 8 passed, 1 warning in 6.55s =========================
============================= test session starts ==============================
platform linux -- Python 3.8.5, pytest-6.2.3, py-1.10.0, pluggy-0.13.1
rootdir: /dc-app-performance-toolkit/app
plugins: apiritif-0.9.6
collected 8 items

selenium_ui/confluence_ui.py get driver from global
clear browser cookies
node_id:36057380
1624548780081,118,selenium_login:open_login_page,Success,True
1624548780459,307,selenium_login:login_and_view_dashboard,Success,True
1624548780459,496,selenium_login,Success,True
.test_0_selenium_a_login,Total:2921 Passed:2921 Failed:0
1624548780927,451,selenium_view_page,Success,True
.test_1_selenium_view_page,Total:2922 Passed:2922 Failed:0
1624548781625,696,selenium_create_page:open_create_page_editor,Success,True
1624548782331,597,selenium_create_page:save_created_page,Success,True
1624548782331,1403,selenium_create_page,Success,True
.test_1_selenium_create_page,Total:2923 Passed:2923 Failed:0
1624548784501,2167,selenium_edit_page:open_create_page_editor,Success,True
1624548785312,787,selenium_edit_page:save_edited_page,Success,True
1624548785312,2979,selenium_edit_page,Success,True
.test_1_selenium_edit_page,Total:2924 Passed:2924 Failed:0
1624548786079,284,selenium_create_comment:write_comment,Success,True
1624548786228,148,selenium_create_comment:save_comment,Success,True
1624548786228,915,selenium_create_comment,Success,True
.test_1_selenium_create_comment,Total:2925 Passed:2925 Failed:0
1624548787090,860,selenium_view_blog,Success,True
.test_1_selenium_view_blog,Total:2926 Passed:2926 Failed:0
1624548787338,247,selenium_view_dashboard,Success,True
.test_1_selenium_view_dashboard,Total:2927 Passed:2927 Failed:0
1624548787447,107,selenium_log_out,Success,True
.test_2_selenium_z_log_out,Total:2928 Passed:2928 Failed:0


=============================== warnings summary ===============================
../../usr/local/lib/python3.8/dist-packages/_pytest/config/__init__.py:1114
  /usr/local/lib/python3.8/dist-packages/_pytest/config/__init__.py:1114: PytestAssertRewriteWarning: Module already imported so cannot be rewritten: apiritif
    self._mark_plugins_for_rewrite(hook)

-- Docs: https://docs.pytest.org/en/stable/warnings.html
========================= 8 passed, 1 warning in 7.52s =========================
