============================= test session starts ==============================
platform linux -- Python 3.8.5, pytest-6.2.3, py-1.10.0, pluggy-0.13.1
rootdir: /dc-app-performance-toolkit/app
plugins: apiritif-0.9.6
collected 8 items

selenium_ui/confluence_ui.py first driver inits
node_id:36057380
1624536491830,312,selenium_login:open_login_page,Success,True
1624536492617,708,selenium_login:login_and_view_dashboard,Success,True
1624536492617,1100,selenium_login,Success,True
.test_0_selenium_a_login,Total:1 Passed:1 Failed:0
1624536493521,881,selenium_view_page,Success,True
.test_1_selenium_view_page,Total:2 Passed:2 Failed:0
1624536495555,2032,selenium_create_page:open_create_page_editor,Success,True
1624536496392,713,selenium_create_page:save_created_page,Success,True
1624536496392,2869,selenium_create_page,Success,True
.test_1_selenium_create_page,Total:3 Passed:3 Failed:0
1624536497448,1055,selenium_edit_page:open_create_page_editor,Success,True
1624536498109,640,selenium_edit_page:save_edited_page,Success,True
1624536498109,1715,selenium_edit_page,Success,True
.test_1_selenium_edit_page,Total:4 Passed:4 Failed:0
1624536499083,655,selenium_create_comment:write_comment,Success,True
1624536499679,596,selenium_create_comment:save_comment,Success,True
1624536499679,1569,selenium_create_comment,Success,True
.test_1_selenium_create_comment,Total:5 Passed:5 Failed:0
1624536500962,1281,selenium_view_blog,Success,True
.test_1_selenium_view_blog,Total:6 Passed:6 Failed:0
1624536501193,229,selenium_view_dashboard,Success,True
.test_1_selenium_view_dashboard,Total:7 Passed:7 Failed:0
1624536501311,117,selenium_log_out,Success,True
.test_2_selenium_z_log_out,Total:8 Passed:8 Failed:0


=============================== warnings summary ===============================
../../usr/local/lib/python3.8/dist-packages/_pytest/config/__init__.py:1114
  /usr/local/lib/python3.8/dist-packages/_pytest/config/__init__.py:1114: PytestAssertRewriteWarning: Module already imported so cannot be rewritten: apiritif
    self._mark_plugins_for_rewrite(hook)

-- Docs: https://docs.pytest.org/en/stable/warnings.html
======================== 8 passed, 1 warning in 10.98s =========================
============================= test session starts ==============================
platform linux -- Python 3.8.5, pytest-6.2.3, py-1.10.0, pluggy-0.13.1
rootdir: /dc-app-performance-toolkit/app
plugins: apiritif-0.9.6
collected 8 items

selenium_ui/confluence_ui.py get driver from global
clear browser cookies
node_id:36057380
1624536501544,106,selenium_login:open_login_page,Success,True
1624536501894,266,selenium_login:login_and_view_dashboard,Success,True
1624536501894,456,selenium_login,Success,True
.test_0_selenium_a_login,Total:9 Passed:9 Failed:0
1624536502224,310,selenium_view_page,Success,True
.test_1_selenium_view_page,Total:10 Passed:10 Failed:0
1624536502825,599,selenium_create_page:open_create_page_editor,Success,True
1624536503528,599,selenium_create_page:save_created_page,Success,True
1624536503528,1302,selenium_create_page,Success,True
.test_1_selenium_create_page,Total:11 Passed:11 Failed:0
1624536504466,936,selenium_edit_page:open_create_page_editor,Success,True
1624536505141,655,selenium_edit_page:save_edited_page,Success,True
1624536505141,1611,selenium_edit_page,Success,True
.test_1_selenium_edit_page,Total:12 Passed:12 Failed:0
1624536505999,605,selenium_create_comment:write_comment,Success,True
1624536506597,597,selenium_create_comment:save_comment,Success,True
1624536506597,1455,selenium_create_comment,Success,True
.test_1_selenium_create_comment,Total:13 Passed:13 Failed:0
1624536507290,691,selenium_view_blog,Success,True
.test_1_selenium_view_blog,Total:14 Passed:14 Failed:0
1624536507462,171,selenium_view_dashboard,Success,True
.test_1_selenium_view_dashboard,Total:15 Passed:15 Failed:0
1624536507662,198,selenium_log_out,Success,True
.test_2_selenium_z_log_out,Total:16 Passed:16 Failed:0


=============================== warnings summary ===============================
../../usr/local/lib/python3.8/dist-packages/_pytest/config/__init__.py:1114
  /usr/local/lib/python3.8/dist-packages/_pytest/config/__init__.py:1114: PytestAssertRewriteWarning: Module already imported so cannot be rewritten: apiritif
    self._mark_plugins_for_rewrite(hook)

-- Docs: https://docs.pytest.org/en/stable/warnings.html
========================= 8 passed, 1 warning in 6.31s =========================
============================= test session starts ==============================
platform linux -- Python 3.8.5, pytest-6.2.3, py-1.10.0, pluggy-0.13.1
rootdir: /dc-app-performance-toolkit/app
plugins: apiritif-0.9.6
collected 8 items

selenium_ui/confluence_ui.py get driver from global
clear browser cookies
node_id:36057380
1624536507831,110,selenium_login:open_login_page,Success,True
1624536508175,274,selenium_login:login_and_view_dashboard,Success,True
1624536508175,454,selenium_login,Success,True
.test_0_selenium_a_login,Total:17 Passed:17 Failed:0
1624536508507,311,selenium_view_page,Success,True
.test_1_selenium_view_page,Total:18 Passed:18 Failed:0
1624536509151,642,selenium_create_page:open_create_page_editor,Success,True
1624536509875,618,selenium_create_page:save_created_page,Success,True
1624536509875,1366,selenium_create_page,Success,True
.test_1_selenium_create_page,Total:19 Passed:19 Failed:0
1624536510795,919,selenium_edit_page:open_create_page_editor,Success,True
1624536511506,692,selenium_edit_page:save_edited_page,Success,True
1624536511506,1629,selenium_edit_page,Success,True
.test_1_selenium_edit_page,Total:20 Passed:20 Failed:0
1624536512368,609,selenium_create_comment:write_comment,Success,True
1624536513009,640,selenium_create_comment:save_comment,Success,True
1624536513009,1502,selenium_create_comment,Success,True
.test_1_selenium_create_comment,Total:21 Passed:21 Failed:0
1624536513346,335,selenium_view_blog,Success,True
.test_1_selenium_view_blog,Total:22 Passed:22 Failed:0
1624536513515,167,selenium_view_dashboard,Success,True
.test_1_selenium_view_dashboard,Total:23 Passed:23 Failed:0
1624536513616,99,selenium_log_out,Success,True
.test_2_selenium_z_log_out,Total:24 Passed:24 Failed:0


=============================== warnings summary ===============================
../../usr/local/lib/python3.8/dist-packages/_pytest/config/__init__.py:1114
  /usr/local/lib/python3.8/dist-packages/_pytest/config/__init__.py:1114: PytestAssertRewriteWarning: Module already imported so cannot be rewritten: apiritif
    self._mark_plugins_for_rewrite(hook)

-- Docs: https://docs.pytest.org/en/stable/warnings.html
========================= 8 passed, 1 warning in 5.92s =========================
============================= test session starts ==============================
platform linux -- Python 3.8.5, pytest-6.2.3, py-1.10.0, pluggy-0.13.1
rootdir: /dc-app-performance-toolkit/app
plugins: apiritif-0.9.6
collected 8 items

selenium_ui/confluence_ui.py get driver from global
clear browser cookies
node_id:36057380
1624536513789,116,selenium_login:open_login_page,Success,True
1624536514113,255,selenium_login:login_and_view_dashboard,Success,True
1624536514113,440,selenium_login,Success,True
.test_0_selenium_a_login,Total:25 Passed:25 Failed:0
1624536515897,1764,selenium_view_page,Success,True
.test_1_selenium_view_page,Total:26 Passed:26 Failed:0
1624536516549,650,selenium_create_page:open_create_page_editor,Success,True
1624536517244,586,selenium_create_page:save_created_page,Success,True
1624536517244,1346,selenium_create_page,Success,True
.test_1_selenium_create_page,Total:27 Passed:27 Failed:0
1624536518567,1321,selenium_edit_page:open_create_page_editor,Success,True
1624536519468,880,selenium_edit_page:save_edited_page,Success,True
1624536519469,2223,selenium_edit_page,Success,True
.test_1_selenium_edit_page,Total:28 Passed:28 Failed:0
1624536520480,655,selenium_create_comment:write_comment,Success,True
1624536521131,650,selenium_create_comment:save_comment,Success,True
1624536521131,1661,selenium_create_comment,Success,True
.test_1_selenium_create_comment,Total:29 Passed:29 Failed:0
1624536521548,415,selenium_view_blog,Success,True
.test_1_selenium_view_blog,Total:30 Passed:30 Failed:0
1624536521735,185,selenium_view_dashboard,Success,True
.test_1_selenium_view_dashboard,Total:31 Passed:31 Failed:0
1624536521842,106,selenium_log_out,Success,True
.test_2_selenium_z_log_out,Total:32 Passed:32 Failed:0


=============================== warnings summary ===============================
../../usr/local/lib/python3.8/dist-packages/_pytest/config/__init__.py:1114
  /usr/local/lib/python3.8/dist-packages/_pytest/config/__init__.py:1114: PytestAssertRewriteWarning: Module already imported so cannot be rewritten: apiritif
    self._mark_plugins_for_rewrite(hook)

-- Docs: https://docs.pytest.org/en/stable/warnings.html
========================= 8 passed, 1 warning in 8.19s =========================
============================= test session starts ==============================
platform linux -- Python 3.8.5, pytest-6.2.3, py-1.10.0, pluggy-0.13.1
rootdir: /dc-app-performance-toolkit/app
plugins: apiritif-0.9.6
collected 8 items

selenium_ui/confluence_ui.py get driver from global
clear browser cookies
node_id:36057380
1624536522017,117,selenium_login:open_login_page,Success,True
1624536522425,335,selenium_login:login_and_view_dashboard,Success,True
1624536522425,525,selenium_login,Success,True
.test_0_selenium_a_login,Total:33 Passed:33 Failed:0
1624536522930,483,selenium_view_page,Success,True
.test_1_selenium_view_page,Total:34 Passed:34 Failed:0
1624536523681,750,selenium_create_page:open_create_page_editor,Success,True
1624536524388,597,selenium_create_page:save_created_page,Success,True
1624536524388,1457,selenium_create_page,Success,True
.test_1_selenium_create_page,Total:35 Passed:35 Failed:0
1624536526430,2040,selenium_edit_page:open_create_page_editor,Success,True
1624536527102,653,selenium_edit_page:save_edited_page,Success,True
1624536527102,2712,selenium_edit_page,Success,True
.test_1_selenium_edit_page,Total:36 Passed:36 Failed:0
1624536527675,259,selenium_create_comment:write_comment,Success,True
1624536527802,126,selenium_create_comment:save_comment,Success,True
1624536527802,698,selenium_create_comment,Success,True
.test_1_selenium_create_comment,Total:37 Passed:37 Failed:0
1624536528297,493,selenium_view_blog,Success,True
.test_1_selenium_view_blog,Total:38 Passed:38 Failed:0
1624536528522,222,selenium_view_dashboard,Success,True
.test_1_selenium_view_dashboard,Total:39 Passed:39 Failed:0
1624536528625,101,selenium_log_out,Success,True
.test_2_selenium_z_log_out,Total:40 Passed:40 Failed:0


=============================== warnings summary ===============================
../../usr/local/lib/python3.8/dist-packages/_pytest/config/__init__.py:1114
  /usr/local/lib/python3.8/dist-packages/_pytest/config/__init__.py:1114: PytestAssertRewriteWarning: Module already imported so cannot be rewritten: apiritif
    self._mark_plugins_for_rewrite(hook)

-- Docs: https://docs.pytest.org/en/stable/warnings.html
========================= 8 passed, 1 warning in 6.75s =========================
============================= test session starts ==============================
platform linux -- Python 3.8.5, pytest-6.2.3, py-1.10.0, pluggy-0.13.1
rootdir: /dc-app-performance-toolkit/app
plugins: apiritif-0.9.6
collected 8 items

selenium_ui/confluence_ui.py get driver from global
clear browser cookies
node_id:36057380
1624536528804,111,selenium_login:open_login_page,Success,True
1624536529205,331,selenium_login:login_and_view_dashboard,Success,True
1624536529205,512,selenium_login,Success,True
.test_0_selenium_a_login,Total:41 Passed:41 Failed:0
1624536529525,296,selenium_view_page,Success,True
.test_1_selenium_view_page,Total:42 Passed:42 Failed:0
1624536530179,652,selenium_create_page:open_create_page_editor,Success,True
1624536530886,598,selenium_create_page:save_created_page,Success,True
1624536530886,1359,selenium_create_page,Success,True
.test_1_selenium_create_page,Total:43 Passed:43 Failed:0
1624536531857,970,selenium_edit_page:open_create_page_editor,Success,True
1624536532524,648,selenium_edit_page:save_edited_page,Success,True
1624536532524,1636,selenium_edit_page,Success,True
.test_1_selenium_edit_page,Total:44 Passed:44 Failed:0
1624536533076,273,selenium_create_comment:write_comment,Success,True
1624536533212,135,selenium_create_comment:save_comment,Success,True
1624536533212,687,selenium_create_comment,Success,True
.test_1_selenium_create_comment,Total:45 Passed:45 Failed:0
1624536534001,788,selenium_view_blog,Success,True
.test_1_selenium_view_blog,Total:46 Passed:46 Failed:0
1624536534273,270,selenium_view_dashboard,Success,True
.test_1_selenium_view_dashboard,Total:47 Passed:47 Failed:0
1624536534381,106,selenium_log_out,Success,True
.test_2_selenium_z_log_out,Total:48 Passed:48 Failed:0


=============================== warnings summary ===============================
../../usr/local/lib/python3.8/dist-packages/_pytest/config/__init__.py:1114
  /usr/local/lib/python3.8/dist-packages/_pytest/config/__init__.py:1114: PytestAssertRewriteWarning: Module already imported so cannot be rewritten: apiritif
    self._mark_plugins_for_rewrite(hook)

-- Docs: https://docs.pytest.org/en/stable/warnings.html
========================= 8 passed, 1 warning in 5.72s =========================
============================= test session starts ==============================
platform linux -- Python 3.8.5, pytest-6.2.3, py-1.10.0, pluggy-0.13.1
rootdir: /dc-app-performance-toolkit/app
plugins: apiritif-0.9.6
collected 8 items

selenium_ui/confluence_ui.py get driver from global
clear browser cookies
node_id:36057380
1624536534560,115,selenium_login:open_login_page,Success,True
1624536534893,265,selenium_login:login_and_view_dashboard,Success,True
1624536534893,448,selenium_login,Success,True
.test_0_selenium_a_login,Total:49 Passed:49 Failed:0
1624536535262,348,selenium_view_page,Success,True
.test_1_selenium_view_page,Total:50 Passed:50 Failed:0
1624536535856,592,selenium_create_page:open_create_page_editor,Success,True
1624536536568,604,selenium_create_page:save_created_page,Success,True
1624536536568,1304,selenium_create_page,Success,True
.test_1_selenium_create_page,Total:51 Passed:51 Failed:0
1624536538579,2009,selenium_edit_page:open_create_page_editor,Success,True
1624536539265,667,selenium_edit_page:save_edited_page,Success,True
1624536539265,2696,selenium_edit_page,Success,True
.test_1_selenium_edit_page,Total:52 Passed:52 Failed:0
1624536540198,616,selenium_create_comment:write_comment,Success,True
1624536540803,605,selenium_create_comment:save_comment,Success,True
1624536540803,1536,selenium_create_comment,Success,True
.test_1_selenium_create_comment,Total:53 Passed:53 Failed:0
1624536541487,682,selenium_view_blog,Success,True
.test_1_selenium_view_blog,Total:54 Passed:54 Failed:0
1624536541678,189,selenium_view_dashboard,Success,True
.test_1_selenium_view_dashboard,Total:55 Passed:55 Failed:0
1624536541788,108,selenium_log_out,Success,True
.test_2_selenium_z_log_out,Total:56 Passed:56 Failed:0


=============================== warnings summary ===============================
../../usr/local/lib/python3.8/dist-packages/_pytest/config/__init__.py:1114
  /usr/local/lib/python3.8/dist-packages/_pytest/config/__init__.py:1114: PytestAssertRewriteWarning: Module already imported so cannot be rewritten: apiritif
    self._mark_plugins_for_rewrite(hook)

-- Docs: https://docs.pytest.org/en/stable/warnings.html
========================= 8 passed, 1 warning in 7.37s =========================
============================= test session starts ==============================
platform linux -- Python 3.8.5, pytest-6.2.3, py-1.10.0, pluggy-0.13.1
rootdir: /dc-app-performance-toolkit/app
plugins: apiritif-0.9.6
collected 8 items

selenium_ui/confluence_ui.py get driver from global
clear browser cookies
node_id:36057380
1624536541959,114,selenium_login:open_login_page,Success,True
1624536542294,265,selenium_login:login_and_view_dashboard,Success,True
1624536542295,449,selenium_login,Success,True
.test_0_selenium_a_login,Total:57 Passed:57 Failed:0
1624536542677,362,selenium_view_page,Success,True
.test_1_selenium_view_page,Total:58 Passed:58 Failed:0
1624536543389,710,selenium_create_page:open_create_page_editor,Success,True
1624536544123,629,selenium_create_page:save_created_page,Success,True
1624536544123,1444,selenium_create_page,Success,True
.test_1_selenium_create_page,Total:59 Passed:59 Failed:0
1624536545687,1562,selenium_edit_page:open_create_page_editor,Success,True
1624536546516,810,selenium_edit_page:save_edited_page,Success,True
1624536546516,2392,selenium_edit_page,Success,True
.test_1_selenium_edit_page,Total:60 Passed:60 Failed:0
1624536547486,652,selenium_create_comment:write_comment,Success,True
1624536547621,134,selenium_create_comment:save_comment,Success,True
1624536547621,1102,selenium_create_comment,Success,True
.test_1_selenium_create_comment,Total:61 Passed:61 Failed:0
1624536548325,702,selenium_view_blog,Success,True
.test_1_selenium_view_blog,Total:62 Passed:62 Failed:0
1624536548514,186,selenium_view_dashboard,Success,True
.test_1_selenium_view_dashboard,Total:63 Passed:63 Failed:0
1624536548620,104,selenium_log_out,Success,True
.test_2_selenium_z_log_out,Total:64 Passed:64 Failed:0


=============================== warnings summary ===============================
../../usr/local/lib/python3.8/dist-packages/_pytest/config/__init__.py:1114
  /usr/local/lib/python3.8/dist-packages/_pytest/config/__init__.py:1114: PytestAssertRewriteWarning: Module already imported so cannot be rewritten: apiritif
    self._mark_plugins_for_rewrite(hook)

-- Docs: https://docs.pytest.org/en/stable/warnings.html
========================= 8 passed, 1 warning in 6.80s =========================
============================= test session starts ==============================
platform linux -- Python 3.8.5, pytest-6.2.3, py-1.10.0, pluggy-0.13.1
rootdir: /dc-app-performance-toolkit/app
plugins: apiritif-0.9.6
collected 8 items

selenium_ui/confluence_ui.py get driver from global
clear browser cookies
node_id:36057380
1624536548789,113,selenium_login:open_login_page,Success,True
1624536549170,310,selenium_login:login_and_view_dashboard,Success,True
1624536549170,494,selenium_login,Success,True
.test_0_selenium_a_login,Total:65 Passed:65 Failed:0
1624536549545,353,selenium_view_page,Success,True
.test_1_selenium_view_page,Total:66 Passed:66 Failed:0
1624536550225,678,selenium_create_page:open_create_page_editor,Success,True
1624536550933,593,selenium_create_page:save_created_page,Success,True
1624536550933,1386,selenium_create_page,Success,True
.test_1_selenium_create_page,Total:67 Passed:67 Failed:0
1624536552982,2047,selenium_edit_page:open_create_page_editor,Success,True
1624536553683,680,selenium_edit_page:save_edited_page,Success,True
1624536553683,2748,selenium_edit_page,Success,True
.test_1_selenium_edit_page,Total:68 Passed:68 Failed:0
1624536554676,731,selenium_create_comment:write_comment,Success,True
1624536554804,127,selenium_create_comment:save_comment,Success,True
1624536554804,1119,selenium_create_comment,Success,True
.test_1_selenium_create_comment,Total:69 Passed:69 Failed:0
1624536555479,674,selenium_view_blog,Success,True
.test_1_selenium_view_blog,Total:70 Passed:70 Failed:0
1624536555751,270,selenium_view_dashboard,Success,True
.test_1_selenium_view_dashboard,Total:71 Passed:71 Failed:0
1624536555856,103,selenium_log_out,Success,True
.test_2_selenium_z_log_out,Total:72 Passed:72 Failed:0


=============================== warnings summary ===============================
../../usr/local/lib/python3.8/dist-packages/_pytest/config/__init__.py:1114
  /usr/local/lib/python3.8/dist-packages/_pytest/config/__init__.py:1114: PytestAssertRewriteWarning: Module already imported so cannot be rewritten: apiritif
    self._mark_plugins_for_rewrite(hook)

-- Docs: https://docs.pytest.org/en/stable/warnings.html
========================= 8 passed, 1 warning in 7.20s =========================
============================= test session starts ==============================
platform linux -- Python 3.8.5, pytest-6.2.3, py-1.10.0, pluggy-0.13.1
rootdir: /dc-app-performance-toolkit/app
plugins: apiritif-0.9.6
collected 8 items

selenium_ui/confluence_ui.py get driver from global
clear browser cookies
node_id:36057380
1624536556036,115,selenium_login:open_login_page,Success,True
1624536556390,283,selenium_login:login_and_view_dashboard,Success,True
1624536556391,470,selenium_login,Success,True
.test_0_selenium_a_login,Total:73 Passed:73 Failed:0
1624536557127,714,selenium_view_page,Success,True
.test_1_selenium_view_page,Total:74 Passed:74 Failed:0
1624536557707,578,selenium_create_page:open_create_page_editor,Success,True
1624536558424,616,selenium_create_page:save_created_page,Success,True
1624536558424,1295,selenium_create_page,Success,True
.test_1_selenium_create_page,Total:75 Passed:75 Failed:0
1624536559371,945,selenium_edit_page:open_create_page_editor,Success,True
1624536560193,802,selenium_edit_page:save_edited_page,Success,True
1624536560193,1767,selenium_edit_page,Success,True
.test_1_selenium_edit_page,Total:76 Passed:76 Failed:0
1624536561068,617,selenium_create_comment:write_comment,Success,True
1624536561684,615,selenium_create_comment:save_comment,Success,True
1624536561684,1489,selenium_create_comment,Success,True
.test_1_selenium_create_comment,Total:77 Passed:77 Failed:0
1624536562504,819,selenium_view_blog,Success,True
.test_1_selenium_view_blog,Total:78 Passed:78 Failed:0
1624536562687,181,selenium_view_dashboard,Success,True
.test_1_selenium_view_dashboard,Total:79 Passed:79 Failed:0
1624536562788,99,selenium_log_out,Success,True
.test_2_selenium_z_log_out,Total:80 Passed:80 Failed:0


=============================== warnings summary ===============================
../../usr/local/lib/python3.8/dist-packages/_pytest/config/__init__.py:1114
  /usr/local/lib/python3.8/dist-packages/_pytest/config/__init__.py:1114: PytestAssertRewriteWarning: Module already imported so cannot be rewritten: apiritif
    self._mark_plugins_for_rewrite(hook)

-- Docs: https://docs.pytest.org/en/stable/warnings.html
========================= 8 passed, 1 warning in 6.90s =========================
============================= test session starts ==============================
platform linux -- Python 3.8.5, pytest-6.2.3, py-1.10.0, pluggy-0.13.1
rootdir: /dc-app-performance-toolkit/app
plugins: apiritif-0.9.6
collected 8 items

selenium_ui/confluence_ui.py get driver from global
clear browser cookies
node_id:36057380
1624536562957,114,selenium_login:open_login_page,Success,True
1624536563286,260,selenium_login:login_and_view_dashboard,Success,True
1624536563286,443,selenium_login,Success,True
.test_0_selenium_a_login,Total:81 Passed:81 Failed:0
1624536563668,360,selenium_view_page,Success,True
.test_1_selenium_view_page,Total:82 Passed:82 Failed:0
1624536564343,674,selenium_create_page:open_create_page_editor,Success,True
1624536565039,586,selenium_create_page:save_created_page,Success,True
1624536565039,1369,selenium_create_page,Success,True
.test_1_selenium_create_page,Total:83 Passed:83 Failed:0
1624536567677,2637,selenium_edit_page:open_create_page_editor,Success,True
1624536568531,835,selenium_edit_page:save_edited_page,Success,True
1624536568531,3490,selenium_edit_page,Success,True
.test_1_selenium_edit_page,Total:84 Passed:84 Failed:0
1624536569470,616,selenium_create_comment:write_comment,Success,True
1624536569597,126,selenium_create_comment:save_comment,Success,True
1624536569597,1065,selenium_create_comment,Success,True
.test_1_selenium_create_comment,Total:85 Passed:85 Failed:0
1624536570305,706,selenium_view_blog,Success,True
.test_1_selenium_view_blog,Total:86 Passed:86 Failed:0
1624536570470,164,selenium_view_dashboard,Success,True
.test_1_selenium_view_dashboard,Total:87 Passed:87 Failed:0
1624536570571,99,selenium_log_out,Success,True
.test_2_selenium_z_log_out,Total:88 Passed:88 Failed:0


=============================== warnings summary ===============================
../../usr/local/lib/python3.8/dist-packages/_pytest/config/__init__.py:1114
  /usr/local/lib/python3.8/dist-packages/_pytest/config/__init__.py:1114: PytestAssertRewriteWarning: Module already imported so cannot be rewritten: apiritif
    self._mark_plugins_for_rewrite(hook)

-- Docs: https://docs.pytest.org/en/stable/warnings.html
========================= 8 passed, 1 warning in 7.75s =========================
============================= test session starts ==============================
platform linux -- Python 3.8.5, pytest-6.2.3, py-1.10.0, pluggy-0.13.1
rootdir: /dc-app-performance-toolkit/app
plugins: apiritif-0.9.6
collected 8 items

selenium_ui/confluence_ui.py get driver from global
clear browser cookies
node_id:36057380
1624536570762,111,selenium_login:open_login_page,Success,True
1624536571144,314,selenium_login:login_and_view_dashboard,Success,True
1624536571144,493,selenium_login,Success,True
.test_0_selenium_a_login,Total:89 Passed:89 Failed:0
1624536571499,333,selenium_view_page,Success,True
.test_1_selenium_view_page,Total:90 Passed:90 Failed:0
1624536572216,715,selenium_create_page:open_create_page_editor,Success,True
1624536572933,607,selenium_create_page:save_created_page,Success,True
1624536572934,1432,selenium_create_page,Success,True
.test_1_selenium_create_page,Total:91 Passed:91 Failed:0
1624536573917,982,selenium_edit_page:open_create_page_editor,Success,True
1624536574655,718,selenium_edit_page:save_edited_page,Success,True
1624536574655,1720,selenium_edit_page,Success,True
.test_1_selenium_edit_page,Total:92 Passed:92 Failed:0
1624536575591,667,selenium_create_comment:write_comment,Success,True
1624536575729,137,selenium_create_comment:save_comment,Success,True
1624536575729,1072,selenium_create_comment,Success,True
.test_1_selenium_create_comment,Total:93 Passed:93 Failed:0
1624536576245,514,selenium_view_blog,Success,True
.test_1_selenium_view_blog,Total:94 Passed:94 Failed:0
1624536576470,223,selenium_view_dashboard,Success,True
.test_1_selenium_view_dashboard,Total:95 Passed:95 Failed:0
1624536576584,112,selenium_log_out,Success,True
.test_2_selenium_z_log_out,Total:96 Passed:96 Failed:0


=============================== warnings summary ===============================
../../usr/local/lib/python3.8/dist-packages/_pytest/config/__init__.py:1114
  /usr/local/lib/python3.8/dist-packages/_pytest/config/__init__.py:1114: PytestAssertRewriteWarning: Module already imported so cannot be rewritten: apiritif
    self._mark_plugins_for_rewrite(hook)

-- Docs: https://docs.pytest.org/en/stable/warnings.html
========================= 8 passed, 1 warning in 5.96s =========================
============================= test session starts ==============================
platform linux -- Python 3.8.5, pytest-6.2.3, py-1.10.0, pluggy-0.13.1
rootdir: /dc-app-performance-toolkit/app
plugins: apiritif-0.9.6
collected 8 items

selenium_ui/confluence_ui.py get driver from global
clear browser cookies
node_id:36057380
1624536576761,117,selenium_login:open_login_page,Success,True
1624536577143,311,selenium_login:login_and_view_dashboard,Success,True
1624536577143,499,selenium_login,Success,True
.test_0_selenium_a_login,Total:97 Passed:97 Failed:0
1624536577489,323,selenium_view_page,Success,True
.test_1_selenium_view_page,Total:98 Passed:98 Failed:0
1624536578163,672,selenium_create_page:open_create_page_editor,Success,True
1624536578896,591,selenium_create_page:save_created_page,Success,True
1624536578896,1405,selenium_create_page,Success,True
.test_1_selenium_create_page,Total:99 Passed:99 Failed:0
1624536579873,976,selenium_edit_page:open_create_page_editor,Success,True
1624536580518,626,selenium_edit_page:save_edited_page,Success,True
1624536580518,1620,selenium_edit_page,Success,True
.test_1_selenium_edit_page,Total:100 Passed:100 Failed:0
1624536581067,280,selenium_create_comment:write_comment,Success,True
1624536581711,644,selenium_create_comment:save_comment,Success,True
1624536581711,1192,selenium_create_comment,Success,True
.test_1_selenium_create_comment,Total:101 Passed:101 Failed:0
1624536582576,863,selenium_view_blog,Success,True
.test_1_selenium_view_blog,Total:102 Passed:102 Failed:0
1624536583077,499,selenium_view_dashboard,Success,True
.test_1_selenium_view_dashboard,Total:103 Passed:103 Failed:0
1624536583192,112,selenium_log_out,Success,True
.test_2_selenium_z_log_out,Total:104 Passed:104 Failed:0


=============================== warnings summary ===============================
../../usr/local/lib/python3.8/dist-packages/_pytest/config/__init__.py:1114
  /usr/local/lib/python3.8/dist-packages/_pytest/config/__init__.py:1114: PytestAssertRewriteWarning: Module already imported so cannot be rewritten: apiritif
    self._mark_plugins_for_rewrite(hook)

-- Docs: https://docs.pytest.org/en/stable/warnings.html
========================= 8 passed, 1 warning in 6.57s =========================
============================= test session starts ==============================
platform linux -- Python 3.8.5, pytest-6.2.3, py-1.10.0, pluggy-0.13.1
rootdir: /dc-app-performance-toolkit/app
plugins: apiritif-0.9.6
collected 8 items

selenium_ui/confluence_ui.py get driver from global
clear browser cookies
node_id:36057380
1624536583367,111,selenium_login:open_login_page,Success,True
1624536583715,273,selenium_login:login_and_view_dashboard,Success,True
1624536583715,459,selenium_login,Success,True
.test_0_selenium_a_login,Total:105 Passed:105 Failed:0
1624536584036,298,selenium_view_page,Success,True
.test_1_selenium_view_page,Total:106 Passed:106 Failed:0
1624536584648,610,selenium_create_page:open_create_page_editor,Success,True
1624536585354,599,selenium_create_page:save_created_page,Success,True
1624536585354,1316,selenium_create_page,Success,True
.test_1_selenium_create_page,Total:107 Passed:107 Failed:0
1624536587320,1964,selenium_edit_page:open_create_page_editor,Success,True
1624536588003,661,selenium_edit_page:save_edited_page,Success,True
1624536588004,2648,selenium_edit_page,Success,True
.test_1_selenium_edit_page,Total:108 Passed:108 Failed:0
1624536588800,550,selenium_create_comment:write_comment,Success,True
1624536588929,128,selenium_create_comment:save_comment,Success,True
1624536588929,924,selenium_create_comment,Success,True
.test_1_selenium_create_comment,Total:109 Passed:109 Failed:0
1624536589929,998,selenium_view_blog,Success,True
.test_1_selenium_view_blog,Total:110 Passed:110 Failed:0
1624536590106,176,selenium_view_dashboard,Success,True
.test_1_selenium_view_dashboard,Total:111 Passed:111 Failed:0
1624536590211,103,selenium_log_out,Success,True
.test_2_selenium_z_log_out,Total:112 Passed:112 Failed:0


=============================== warnings summary ===============================
../../usr/local/lib/python3.8/dist-packages/_pytest/config/__init__.py:1114
  /usr/local/lib/python3.8/dist-packages/_pytest/config/__init__.py:1114: PytestAssertRewriteWarning: Module already imported so cannot be rewritten: apiritif
    self._mark_plugins_for_rewrite(hook)

-- Docs: https://docs.pytest.org/en/stable/warnings.html
========================= 8 passed, 1 warning in 6.98s =========================
============================= test session starts ==============================
platform linux -- Python 3.8.5, pytest-6.2.3, py-1.10.0, pluggy-0.13.1
rootdir: /dc-app-performance-toolkit/app
plugins: apiritif-0.9.6
collected 8 items

selenium_ui/confluence_ui.py get driver from global
clear browser cookies
node_id:36057380
1624536590385,116,selenium_login:open_login_page,Success,True
1624536590775,319,selenium_login:login_and_view_dashboard,Success,True
1624536590775,505,selenium_login,Success,True
.test_0_selenium_a_login,Total:113 Passed:113 Failed:0
1624536591119,322,selenium_view_page,Success,True
.test_1_selenium_view_page,Total:114 Passed:114 Failed:0
1624536591774,653,selenium_create_page:open_create_page_editor,Success,True
1624536592498,595,selenium_create_page:save_created_page,Success,True
1624536592498,1378,selenium_create_page,Success,True
.test_1_selenium_create_page,Total:115 Passed:115 Failed:0
1624536593493,993,selenium_edit_page:open_create_page_editor,Success,True
1624536594219,707,selenium_edit_page:save_edited_page,Success,True
1624536594219,1719,selenium_edit_page,Success,True
.test_1_selenium_edit_page,Total:116 Passed:116 Failed:0
1624536595195,720,selenium_create_comment:write_comment,Success,True
1624536595842,646,selenium_create_comment:save_comment,Success,True
1624536595842,1621,selenium_create_comment,Success,True
.test_1_selenium_create_comment,Total:117 Passed:117 Failed:0
1624536596861,1018,selenium_view_blog,Success,True
.test_1_selenium_view_blog,Total:118 Passed:118 Failed:0
1624536597104,241,selenium_view_dashboard,Success,True
.test_1_selenium_view_dashboard,Total:119 Passed:119 Failed:0
1624536597208,102,selenium_log_out,Success,True
.test_2_selenium_z_log_out,Total:120 Passed:120 Failed:0


=============================== warnings summary ===============================
../../usr/local/lib/python3.8/dist-packages/_pytest/config/__init__.py:1114
  /usr/local/lib/python3.8/dist-packages/_pytest/config/__init__.py:1114: PytestAssertRewriteWarning: Module already imported so cannot be rewritten: apiritif
    self._mark_plugins_for_rewrite(hook)

-- Docs: https://docs.pytest.org/en/stable/warnings.html
========================= 8 passed, 1 warning in 6.96s =========================
============================= test session starts ==============================
platform linux -- Python 3.8.5, pytest-6.2.3, py-1.10.0, pluggy-0.13.1
rootdir: /dc-app-performance-toolkit/app
plugins: apiritif-0.9.6
collected 8 items

selenium_ui/confluence_ui.py get driver from global
clear browser cookies
node_id:36057380
1624536597392,122,selenium_login:open_login_page,Success,True
1624536597777,312,selenium_login:login_and_view_dashboard,Success,True
1624536597777,507,selenium_login,Success,True
.test_0_selenium_a_login,Total:121 Passed:121 Failed:0
1624536598179,382,selenium_view_page,Success,True
.test_1_selenium_view_page,Total:122 Passed:122 Failed:0
1624536598899,718,selenium_create_page:open_create_page_editor,Success,True
1624536599600,591,selenium_create_page:save_created_page,Success,True
1624536599600,1419,selenium_create_page,Success,True
.test_1_selenium_create_page,Total:123 Passed:123 Failed:0
1624536600671,1068,selenium_edit_page:open_create_page_editor,Success,True
1624536601456,764,selenium_edit_page:save_edited_page,Success,True
1624536601456,1854,selenium_edit_page,Success,True
.test_1_selenium_edit_page,Total:124 Passed:124 Failed:0
1624536602468,637,selenium_create_comment:write_comment,Success,True
1624536602612,143,selenium_create_comment:save_comment,Success,True
1624536602612,1155,selenium_create_comment,Success,True
.test_1_selenium_create_comment,Total:125 Passed:125 Failed:0
1624536603375,761,selenium_view_blog,Success,True
.test_1_selenium_view_blog,Total:126 Passed:126 Failed:0
1624536603730,353,selenium_view_dashboard,Success,True
.test_1_selenium_view_dashboard,Total:127 Passed:127 Failed:0
1624536603830,99,selenium_log_out,Success,True
.test_2_selenium_z_log_out,Total:128 Passed:128 Failed:0


=============================== warnings summary ===============================
../../usr/local/lib/python3.8/dist-packages/_pytest/config/__init__.py:1114
  /usr/local/lib/python3.8/dist-packages/_pytest/config/__init__.py:1114: PytestAssertRewriteWarning: Module already imported so cannot be rewritten: apiritif
    self._mark_plugins_for_rewrite(hook)

-- Docs: https://docs.pytest.org/en/stable/warnings.html
========================= 8 passed, 1 warning in 6.59s =========================
============================= test session starts ==============================
platform linux -- Python 3.8.5, pytest-6.2.3, py-1.10.0, pluggy-0.13.1
rootdir: /dc-app-performance-toolkit/app
plugins: apiritif-0.9.6
collected 8 items

selenium_ui/confluence_ui.py get driver from global
clear browser cookies
node_id:36057380
1624536604007,115,selenium_login:open_login_page,Success,True
1624536604397,322,selenium_login:login_and_view_dashboard,Success,True
1624536604398,506,selenium_login,Success,True
.test_0_selenium_a_login,Total:129 Passed:129 Failed:0
1624536604759,338,selenium_view_page,Success,True
.test_1_selenium_view_page,Total:130 Passed:130 Failed:0
1624536605418,658,selenium_create_page:open_create_page_editor,Success,True
1624536606111,590,selenium_create_page:save_created_page,Success,True
1624536606111,1351,selenium_create_page,Success,True
.test_1_selenium_create_page,Total:131 Passed:131 Failed:0
1624536608181,2068,selenium_edit_page:open_create_page_editor,Success,True
1624536608842,641,selenium_edit_page:save_edited_page,Success,True
1624536608842,2729,selenium_edit_page,Success,True
.test_1_selenium_edit_page,Total:132 Passed:132 Failed:0
1624536609722,637,selenium_create_comment:write_comment,Success,True
1624536610359,636,selenium_create_comment:save_comment,Success,True
1624536610359,1516,selenium_create_comment,Success,True
.test_1_selenium_create_comment,Total:133 Passed:133 Failed:0
1624536610897,536,selenium_view_blog,Success,True
.test_1_selenium_view_blog,Total:134 Passed:134 Failed:0
1624536611132,234,selenium_view_dashboard,Success,True
.test_1_selenium_view_dashboard,Total:135 Passed:135 Failed:0
1624536611234,100,selenium_log_out,Success,True
.test_2_selenium_z_log_out,Total:136 Passed:136 Failed:0


=============================== warnings summary ===============================
../../usr/local/lib/python3.8/dist-packages/_pytest/config/__init__.py:1114
  /usr/local/lib/python3.8/dist-packages/_pytest/config/__init__.py:1114: PytestAssertRewriteWarning: Module already imported so cannot be rewritten: apiritif
    self._mark_plugins_for_rewrite(hook)

-- Docs: https://docs.pytest.org/en/stable/warnings.html
========================= 8 passed, 1 warning in 7.37s =========================
============================= test session starts ==============================
platform linux -- Python 3.8.5, pytest-6.2.3, py-1.10.0, pluggy-0.13.1
rootdir: /dc-app-performance-toolkit/app
plugins: apiritif-0.9.6
collected 8 items

selenium_ui/confluence_ui.py get driver from global
clear browser cookies
node_id:36057380
1624536611411,113,selenium_login:open_login_page,Success,True
1624536611766,286,selenium_login:login_and_view_dashboard,Success,True
1624536611767,468,selenium_login,Success,True
.test_0_selenium_a_login,Total:137 Passed:137 Failed:0
1624536612374,585,selenium_view_page,Success,True
.test_1_selenium_view_page,Total:138 Passed:138 Failed:0
1624536613033,658,selenium_create_page:open_create_page_editor,Success,True
1624536613724,588,selenium_create_page:save_created_page,Success,True
1624536613724,1348,selenium_create_page,Success,True
.test_1_selenium_create_page,Total:139 Passed:139 Failed:0
1624536614779,1053,selenium_edit_page:open_create_page_editor,Success,True
1624536615513,715,selenium_edit_page:save_edited_page,Success,True
1624536615513,1787,selenium_edit_page,Success,True
.test_1_selenium_edit_page,Total:140 Passed:140 Failed:0
1624536616514,711,selenium_create_comment:write_comment,Success,True
1624536616647,132,selenium_create_comment:save_comment,Success,True
1624536616647,1132,selenium_create_comment,Success,True
.test_1_selenium_create_comment,Total:141 Passed:141 Failed:0
1624536617158,509,selenium_view_blog,Success,True
.test_1_selenium_view_blog,Total:142 Passed:142 Failed:0
1624536617518,358,selenium_view_dashboard,Success,True
.test_1_selenium_view_dashboard,Total:143 Passed:143 Failed:0
1624536617626,106,selenium_log_out,Success,True
.test_2_selenium_z_log_out,Total:144 Passed:144 Failed:0


=============================== warnings summary ===============================
../../usr/local/lib/python3.8/dist-packages/_pytest/config/__init__.py:1114
  /usr/local/lib/python3.8/dist-packages/_pytest/config/__init__.py:1114: PytestAssertRewriteWarning: Module already imported so cannot be rewritten: apiritif
    self._mark_plugins_for_rewrite(hook)

-- Docs: https://docs.pytest.org/en/stable/warnings.html
========================= 8 passed, 1 warning in 6.36s =========================
============================= test session starts ==============================
platform linux -- Python 3.8.5, pytest-6.2.3, py-1.10.0, pluggy-0.13.1
rootdir: /dc-app-performance-toolkit/app
plugins: apiritif-0.9.6
collected 8 items

selenium_ui/confluence_ui.py get driver from global
clear browser cookies
node_id:36057380
1624536617812,119,selenium_login:open_login_page,Success,True
1624536618202,319,selenium_login:login_and_view_dashboard,Success,True
1624536618202,509,selenium_login,Success,True
.test_0_selenium_a_login,Total:145 Passed:145 Failed:0
1624536618812,588,selenium_view_page,Success,True
.test_1_selenium_view_page,Total:146 Passed:146 Failed:0
1624536619470,656,selenium_create_page:open_create_page_editor,Success,True
1624536620242,632,selenium_create_page:save_created_page,Success,True
1624536620242,1428,selenium_create_page,Success,True
.test_1_selenium_create_page,Total:147 Passed:147 Failed:0
1624536622589,2345,selenium_edit_page:open_create_page_editor,Success,True
1624536623356,747,selenium_edit_page:save_edited_page,Success,True
1624536623356,3112,selenium_edit_page,Success,True
.test_1_selenium_edit_page,Total:148 Passed:148 Failed:0
1624536624396,681,selenium_create_comment:write_comment,Success,True
1624536625033,636,selenium_create_comment:save_comment,Success,True
1624536625033,1675,selenium_create_comment,Success,True
.test_1_selenium_create_comment,Total:149 Passed:149 Failed:0
1624536625910,875,selenium_view_blog,Success,True
.test_1_selenium_view_blog,Total:150 Passed:150 Failed:0
1624536626154,242,selenium_view_dashboard,Success,True
.test_1_selenium_view_dashboard,Total:151 Passed:151 Failed:0
1624536626263,107,selenium_log_out,Success,True
.test_2_selenium_z_log_out,Total:152 Passed:152 Failed:0


=============================== warnings summary ===============================
../../usr/local/lib/python3.8/dist-packages/_pytest/config/__init__.py:1114
  /usr/local/lib/python3.8/dist-packages/_pytest/config/__init__.py:1114: PytestAssertRewriteWarning: Module already imported so cannot be rewritten: apiritif
    self._mark_plugins_for_rewrite(hook)

-- Docs: https://docs.pytest.org/en/stable/warnings.html
========================= 8 passed, 1 warning in 8.60s =========================
============================= test session starts ==============================
platform linux -- Python 3.8.5, pytest-6.2.3, py-1.10.0, pluggy-0.13.1
rootdir: /dc-app-performance-toolkit/app
plugins: apiritif-0.9.6
collected 8 items

selenium_ui/confluence_ui.py get driver from global
clear browser cookies
node_id:36057380
1624536626442,114,selenium_login:open_login_page,Success,True
1624536626769,255,selenium_login:login_and_view_dashboard,Success,True
1624536626769,441,selenium_login,Success,True
.test_0_selenium_a_login,Total:153 Passed:153 Failed:0
1624536627084,293,selenium_view_page,Success,True
.test_1_selenium_view_page,Total:154 Passed:154 Failed:0
1624536627788,703,selenium_create_page:open_create_page_editor,Success,True
1624536628497,595,selenium_create_page:save_created_page,Success,True
1624536628497,1412,selenium_create_page,Success,True
.test_1_selenium_create_page,Total:155 Passed:155 Failed:0
1624536630498,1999,selenium_edit_page:open_create_page_editor,Success,True
1624536631165,647,selenium_edit_page:save_edited_page,Success,True
1624536631166,2666,selenium_edit_page,Success,True
.test_1_selenium_edit_page,Total:156 Passed:156 Failed:0
1624536632016,606,selenium_create_comment:write_comment,Success,True
1624536632140,123,selenium_create_comment:save_comment,Success,True
1624536632140,973,selenium_create_comment,Success,True
.test_1_selenium_create_comment,Total:157 Passed:157 Failed:0
1624536632896,754,selenium_view_blog,Success,True
.test_1_selenium_view_blog,Total:158 Passed:158 Failed:0
1624536633087,190,selenium_view_dashboard,Success,True
.test_1_selenium_view_dashboard,Total:159 Passed:159 Failed:0
1624536633197,108,selenium_log_out,Success,True
.test_2_selenium_z_log_out,Total:160 Passed:160 Failed:0


=============================== warnings summary ===============================
../../usr/local/lib/python3.8/dist-packages/_pytest/config/__init__.py:1114
  /usr/local/lib/python3.8/dist-packages/_pytest/config/__init__.py:1114: PytestAssertRewriteWarning: Module already imported so cannot be rewritten: apiritif
    self._mark_plugins_for_rewrite(hook)

-- Docs: https://docs.pytest.org/en/stable/warnings.html
========================= 8 passed, 1 warning in 6.90s =========================
============================= test session starts ==============================
platform linux -- Python 3.8.5, pytest-6.2.3, py-1.10.0, pluggy-0.13.1
rootdir: /dc-app-performance-toolkit/app
plugins: apiritif-0.9.6
collected 8 items

selenium_ui/confluence_ui.py get driver from global
clear browser cookies
node_id:36057380
1624536633371,117,selenium_login:open_login_page,Success,True
1624536633722,278,selenium_login:login_and_view_dashboard,Success,True
1624536633722,468,selenium_login,Success,True
.test_0_selenium_a_login,Total:161 Passed:161 Failed:0
1624536634042,296,selenium_view_page,Success,True
.test_1_selenium_view_page,Total:162 Passed:162 Failed:0
1624536634643,600,selenium_create_page:open_create_page_editor,Success,True
1624536635898,611,selenium_create_page:save_created_page,Success,True
1624536635898,1855,selenium_create_page,Success,True
.test_1_selenium_create_page,Total:163 Passed:163 Failed:0
1624536637936,2036,selenium_edit_page:open_create_page_editor,Success,True
1624536638618,663,selenium_edit_page:save_edited_page,Success,True
1624536638618,2719,selenium_edit_page,Success,True
.test_1_selenium_edit_page,Total:164 Passed:164 Failed:0
1624536639488,611,selenium_create_comment:write_comment,Success,True
1624536640128,639,selenium_create_comment:save_comment,Success,True
1624536640128,1508,selenium_create_comment,Success,True
.test_1_selenium_create_comment,Total:165 Passed:165 Failed:0
1624536641071,941,selenium_view_blog,Success,True
.test_1_selenium_view_blog,Total:166 Passed:166 Failed:0
1624536641244,172,selenium_view_dashboard,Success,True
.test_1_selenium_view_dashboard,Total:167 Passed:167 Failed:0
1624536641346,100,selenium_log_out,Success,True
.test_2_selenium_z_log_out,Total:168 Passed:168 Failed:0


=============================== warnings summary ===============================
../../usr/local/lib/python3.8/dist-packages/_pytest/config/__init__.py:1114
  /usr/local/lib/python3.8/dist-packages/_pytest/config/__init__.py:1114: PytestAssertRewriteWarning: Module already imported so cannot be rewritten: apiritif
    self._mark_plugins_for_rewrite(hook)

-- Docs: https://docs.pytest.org/en/stable/warnings.html
========================= 8 passed, 1 warning in 8.11s =========================
============================= test session starts ==============================
platform linux -- Python 3.8.5, pytest-6.2.3, py-1.10.0, pluggy-0.13.1
rootdir: /dc-app-performance-toolkit/app
plugins: apiritif-0.9.6
collected 8 items

selenium_ui/confluence_ui.py get driver from global
clear browser cookies
node_id:36057380
1624536641509,113,selenium_login:open_login_page,Success,True
1624536641847,268,selenium_login:login_and_view_dashboard,Success,True
1624536641848,451,selenium_login,Success,True
.test_0_selenium_a_login,Total:169 Passed:169 Failed:0
1624536642349,480,selenium_view_page,Success,True
.test_1_selenium_view_page,Total:170 Passed:170 Failed:0
1624536643042,691,selenium_create_page:open_create_page_editor,Success,True
1624536643742,592,selenium_create_page:save_created_page,Success,True
1624536643742,1392,selenium_create_page,Success,True
.test_1_selenium_create_page,Total:171 Passed:171 Failed:0
1624536645350,1606,selenium_edit_page:open_create_page_editor,Success,True
1624536646212,843,selenium_edit_page:save_edited_page,Success,True
1624536646212,2469,selenium_edit_page,Success,True
.test_1_selenium_edit_page,Total:172 Passed:172 Failed:0
1624536647244,689,selenium_create_comment:write_comment,Success,True
1624536647381,136,selenium_create_comment:save_comment,Success,True
1624536647382,1167,selenium_create_comment,Success,True
.test_1_selenium_create_comment,Total:173 Passed:173 Failed:0
1624536647833,449,selenium_view_blog,Success,True
.test_1_selenium_view_blog,Total:174 Passed:174 Failed:0
1624536648003,169,selenium_view_dashboard,Success,True
.test_1_selenium_view_dashboard,Total:175 Passed:175 Failed:0
1624536648107,102,selenium_log_out,Success,True
.test_2_selenium_z_log_out,Total:176 Passed:176 Failed:0


=============================== warnings summary ===============================
../../usr/local/lib/python3.8/dist-packages/_pytest/config/__init__.py:1114
  /usr/local/lib/python3.8/dist-packages/_pytest/config/__init__.py:1114: PytestAssertRewriteWarning: Module already imported so cannot be rewritten: apiritif
    self._mark_plugins_for_rewrite(hook)

-- Docs: https://docs.pytest.org/en/stable/warnings.html
========================= 8 passed, 1 warning in 6.73s =========================
============================= test session starts ==============================
platform linux -- Python 3.8.5, pytest-6.2.3, py-1.10.0, pluggy-0.13.1
rootdir: /dc-app-performance-toolkit/app
plugins: apiritif-0.9.6
collected 8 items

selenium_ui/confluence_ui.py get driver from global
clear browser cookies
node_id:36057380
1624536648283,119,selenium_login:open_login_page,Success,True
1624536648620,267,selenium_login:login_and_view_dashboard,Success,True
1624536648620,456,selenium_login,Success,True
.test_0_selenium_a_login,Total:177 Passed:177 Failed:0
1624536649016,375,selenium_view_page,Success,True
.test_1_selenium_view_page,Total:178 Passed:178 Failed:0
1624536649637,619,selenium_create_page:open_create_page_editor,Success,True
1624536650345,603,selenium_create_page:save_created_page,Success,True
1624536650345,1327,selenium_create_page,Success,True
.test_1_selenium_create_page,Total:179 Passed:179 Failed:0
1624536652415,2069,selenium_edit_page:open_create_page_editor,Success,True
1624536653104,670,selenium_edit_page:save_edited_page,Success,True
1624536653104,2758,selenium_edit_page,Success,True
.test_1_selenium_edit_page,Total:180 Passed:180 Failed:0
1624536654011,609,selenium_create_comment:write_comment,Success,True
1624536654616,604,selenium_create_comment:save_comment,Success,True
1624536654616,1510,selenium_create_comment,Success,True
.test_1_selenium_create_comment,Total:181 Passed:181 Failed:0
1624536655141,524,selenium_view_blog,Success,True
.test_1_selenium_view_blog,Total:182 Passed:182 Failed:0
1624536655311,167,selenium_view_dashboard,Success,True
.test_1_selenium_view_dashboard,Total:183 Passed:183 Failed:0
1624536655412,99,selenium_log_out,Success,True
.test_2_selenium_z_log_out,Total:184 Passed:184 Failed:0


=============================== warnings summary ===============================
../../usr/local/lib/python3.8/dist-packages/_pytest/config/__init__.py:1114
  /usr/local/lib/python3.8/dist-packages/_pytest/config/__init__.py:1114: PytestAssertRewriteWarning: Module already imported so cannot be rewritten: apiritif
    self._mark_plugins_for_rewrite(hook)

-- Docs: https://docs.pytest.org/en/stable/warnings.html
========================= 8 passed, 1 warning in 7.27s =========================
============================= test session starts ==============================
platform linux -- Python 3.8.5, pytest-6.2.3, py-1.10.0, pluggy-0.13.1
rootdir: /dc-app-performance-toolkit/app
plugins: apiritif-0.9.6
collected 8 items

selenium_ui/confluence_ui.py get driver from global
clear browser cookies
node_id:36057380
1624536655586,124,selenium_login:open_login_page,Success,True
1624536655935,278,selenium_login:login_and_view_dashboard,Success,True
1624536655935,473,selenium_login,Success,True
.test_0_selenium_a_login,Total:185 Passed:185 Failed:0
1624536656348,392,selenium_view_page,Success,True
.test_1_selenium_view_page,Total:186 Passed:186 Failed:0
1624536656999,649,selenium_create_page:open_create_page_editor,Success,True
1624536657726,590,selenium_create_page:save_created_page,Success,True
1624536657726,1376,selenium_create_page,Success,True
.test_1_selenium_create_page,Total:187 Passed:187 Failed:0
1624536659832,2104,selenium_edit_page:open_create_page_editor,Success,True
1624536660513,662,selenium_edit_page:save_edited_page,Success,True
1624536660513,2785,selenium_edit_page,Success,True
.test_1_selenium_edit_page,Total:188 Passed:188 Failed:0
1624536661448,633,selenium_create_comment:write_comment,Success,True
1624536662059,611,selenium_create_comment:save_comment,Success,True
1624536662059,1545,selenium_create_comment,Success,True
.test_1_selenium_create_comment,Total:189 Passed:189 Failed:0
1624536662827,766,selenium_view_blog,Success,True
.test_1_selenium_view_blog,Total:190 Passed:190 Failed:0
1624536663007,177,selenium_view_dashboard,Success,True
.test_1_selenium_view_dashboard,Total:191 Passed:191 Failed:0
1624536663114,106,selenium_log_out,Success,True
.test_2_selenium_z_log_out,Total:192 Passed:192 Failed:0


=============================== warnings summary ===============================
../../usr/local/lib/python3.8/dist-packages/_pytest/config/__init__.py:1114
  /usr/local/lib/python3.8/dist-packages/_pytest/config/__init__.py:1114: PytestAssertRewriteWarning: Module already imported so cannot be rewritten: apiritif
    self._mark_plugins_for_rewrite(hook)

-- Docs: https://docs.pytest.org/en/stable/warnings.html
========================= 8 passed, 1 warning in 7.67s =========================
============================= test session starts ==============================
platform linux -- Python 3.8.5, pytest-6.2.3, py-1.10.0, pluggy-0.13.1
rootdir: /dc-app-performance-toolkit/app
plugins: apiritif-0.9.6
collected 8 items

selenium_ui/confluence_ui.py get driver from global
clear browser cookies
node_id:36057380
1624536663310,111,selenium_login:open_login_page,Success,True
1624536663636,256,selenium_login:login_and_view_dashboard,Success,True
1624536663637,438,selenium_login,Success,True
.test_0_selenium_a_login,Total:193 Passed:193 Failed:0
1624536663953,301,selenium_view_page,Success,True
.test_1_selenium_view_page,Total:194 Passed:194 Failed:0
1624536664544,590,selenium_create_page:open_create_page_editor,Success,True
1624536665232,584,selenium_create_page:save_created_page,Success,True
1624536665232,1278,selenium_create_page,Success,True
.test_1_selenium_create_page,Total:195 Passed:195 Failed:0
1624536666167,932,selenium_edit_page:open_create_page_editor,Success,True
1624536666859,673,selenium_edit_page:save_edited_page,Success,True
1624536666859,1625,selenium_edit_page,Success,True
.test_1_selenium_edit_page,Total:196 Passed:196 Failed:0
1624536667716,607,selenium_create_comment:write_comment,Success,True
1624536668350,633,selenium_create_comment:save_comment,Success,True
1624536668350,1489,selenium_create_comment,Success,True
.test_1_selenium_create_comment,Total:197 Passed:197 Failed:0
1624536669126,775,selenium_view_blog,Success,True
.test_1_selenium_view_blog,Total:198 Passed:198 Failed:0
1624536669341,213,selenium_view_dashboard,Success,True
.test_1_selenium_view_dashboard,Total:199 Passed:199 Failed:0
1624536669455,113,selenium_log_out,Success,True
.test_2_selenium_z_log_out,Total:200 Passed:200 Failed:0


=============================== warnings summary ===============================
../../usr/local/lib/python3.8/dist-packages/_pytest/config/__init__.py:1114
  /usr/local/lib/python3.8/dist-packages/_pytest/config/__init__.py:1114: PytestAssertRewriteWarning: Module already imported so cannot be rewritten: apiritif
    self._mark_plugins_for_rewrite(hook)

-- Docs: https://docs.pytest.org/en/stable/warnings.html
========================= 8 passed, 1 warning in 6.28s =========================
============================= test session starts ==============================
platform linux -- Python 3.8.5, pytest-6.2.3, py-1.10.0, pluggy-0.13.1
rootdir: /dc-app-performance-toolkit/app
plugins: apiritif-0.9.6
collected 8 items

selenium_ui/confluence_ui.py get driver from global
clear browser cookies
node_id:36057380
1624536669630,114,selenium_login:open_login_page,Success,True
1624536669970,269,selenium_login:login_and_view_dashboard,Success,True
1624536669970,454,selenium_login,Success,True
.test_0_selenium_a_login,Total:201 Passed:201 Failed:0
1624536670260,270,selenium_view_page,Success,True
.test_1_selenium_view_page,Total:202 Passed:202 Failed:0
1624536670865,603,selenium_create_page:open_create_page_editor,Success,True
1624536671566,597,selenium_create_page:save_created_page,Success,True
1624536671566,1304,selenium_create_page,Success,True
.test_1_selenium_create_page,Total:203 Passed:203 Failed:0
1624536672506,938,selenium_edit_page:open_create_page_editor,Success,True
1624536673186,661,selenium_edit_page:save_edited_page,Success,True
1624536673187,1619,selenium_edit_page,Success,True
.test_1_selenium_edit_page,Total:204 Passed:204 Failed:0
1624536674046,610,selenium_create_comment:write_comment,Success,True
1624536674182,135,selenium_create_comment:save_comment,Success,True
1624536674182,993,selenium_create_comment,Success,True
.test_1_selenium_create_comment,Total:205 Passed:205 Failed:0
1624536674834,650,selenium_view_blog,Success,True
.test_1_selenium_view_blog,Total:206 Passed:206 Failed:0
1624536675078,242,selenium_view_dashboard,Success,True
.test_1_selenium_view_dashboard,Total:207 Passed:207 Failed:0
1624536675183,104,selenium_log_out,Success,True
.test_2_selenium_z_log_out,Total:208 Passed:208 Failed:0


=============================== warnings summary ===============================
../../usr/local/lib/python3.8/dist-packages/_pytest/config/__init__.py:1114
  /usr/local/lib/python3.8/dist-packages/_pytest/config/__init__.py:1114: PytestAssertRewriteWarning: Module already imported so cannot be rewritten: apiritif
    self._mark_plugins_for_rewrite(hook)

-- Docs: https://docs.pytest.org/en/stable/warnings.html
========================= 8 passed, 1 warning in 5.69s =========================
============================= test session starts ==============================
platform linux -- Python 3.8.5, pytest-6.2.3, py-1.10.0, pluggy-0.13.1
rootdir: /dc-app-performance-toolkit/app
plugins: apiritif-0.9.6
collected 8 items

selenium_ui/confluence_ui.py get driver from global
clear browser cookies
node_id:36057380
1624536675354,115,selenium_login:open_login_page,Success,True
1624536675689,264,selenium_login:login_and_view_dashboard,Success,True
1624536675689,450,selenium_login,Success,True
.test_0_selenium_a_login,Total:209 Passed:209 Failed:0
1624536676008,298,selenium_view_page,Success,True
.test_1_selenium_view_page,Total:210 Passed:210 Failed:0
1624536676615,605,selenium_create_page:open_create_page_editor,Success,True
1624536677319,598,selenium_create_page:save_created_page,Success,True
1624536677319,1309,selenium_create_page,Success,True
.test_1_selenium_create_page,Total:211 Passed:211 Failed:0
1624536678273,952,selenium_edit_page:open_create_page_editor,Success,True
1624536679012,720,selenium_edit_page:save_edited_page,Success,True
1624536679013,1692,selenium_edit_page,Success,True
.test_1_selenium_edit_page,Total:212 Passed:212 Failed:0
1624536679876,605,selenium_create_comment:write_comment,Success,True
1624536680004,128,selenium_create_comment:save_comment,Success,True
1624536680005,990,selenium_create_comment,Success,True
.test_1_selenium_create_comment,Total:213 Passed:213 Failed:0
1624536680896,890,selenium_view_blog,Success,True
.test_1_selenium_view_blog,Total:214 Passed:214 Failed:0
1624536681071,173,selenium_view_dashboard,Success,True
.test_1_selenium_view_dashboard,Total:215 Passed:215 Failed:0
1624536681173,100,selenium_log_out,Success,True
.test_2_selenium_z_log_out,Total:216 Passed:216 Failed:0


=============================== warnings summary ===============================
../../usr/local/lib/python3.8/dist-packages/_pytest/config/__init__.py:1114
  /usr/local/lib/python3.8/dist-packages/_pytest/config/__init__.py:1114: PytestAssertRewriteWarning: Module already imported so cannot be rewritten: apiritif
    self._mark_plugins_for_rewrite(hook)

-- Docs: https://docs.pytest.org/en/stable/warnings.html
========================= 8 passed, 1 warning in 5.96s =========================
============================= test session starts ==============================
platform linux -- Python 3.8.5, pytest-6.2.3, py-1.10.0, pluggy-0.13.1
rootdir: /dc-app-performance-toolkit/app
plugins: apiritif-0.9.6
collected 8 items

selenium_ui/confluence_ui.py get driver from global
clear browser cookies
node_id:36057380
1624536681345,114,selenium_login:open_login_page,Success,True
1624536681704,264,selenium_login:login_and_view_dashboard,Success,True
1624536681704,474,selenium_login,Success,True
.test_0_selenium_a_login,Total:217 Passed:217 Failed:0
1624536682019,295,selenium_view_page,Success,True
.test_1_selenium_view_page,Total:218 Passed:218 Failed:0
1624536682647,625,selenium_create_page:open_create_page_editor,Success,True
1624536683361,604,selenium_create_page:save_created_page,Success,True
1624536683361,1340,selenium_create_page,Success,True
.test_1_selenium_create_page,Total:219 Passed:219 Failed:0
1624536685352,1989,selenium_edit_page:open_create_page_editor,Success,True
1624536686043,673,selenium_edit_page:save_edited_page,Success,True
1624536686043,2681,selenium_edit_page,Success,True
.test_1_selenium_edit_page,Total:220 Passed:220 Failed:0
1624536686911,608,selenium_create_comment:write_comment,Success,True
1624536687518,606,selenium_create_comment:save_comment,Success,True
1624536687518,1473,selenium_create_comment,Success,True
.test_1_selenium_create_comment,Total:221 Passed:221 Failed:0
1624536688714,1194,selenium_view_blog,Success,True
.test_1_selenium_view_blog,Total:222 Passed:222 Failed:0
1624536688900,185,selenium_view_dashboard,Success,True
.test_1_selenium_view_dashboard,Total:223 Passed:223 Failed:0
1624536689005,102,selenium_log_out,Success,True
.test_2_selenium_z_log_out,Total:224 Passed:224 Failed:0


=============================== warnings summary ===============================
../../usr/local/lib/python3.8/dist-packages/_pytest/config/__init__.py:1114
  /usr/local/lib/python3.8/dist-packages/_pytest/config/__init__.py:1114: PytestAssertRewriteWarning: Module already imported so cannot be rewritten: apiritif
    self._mark_plugins_for_rewrite(hook)

-- Docs: https://docs.pytest.org/en/stable/warnings.html
========================= 8 passed, 1 warning in 7.80s =========================
============================= test session starts ==============================
platform linux -- Python 3.8.5, pytest-6.2.3, py-1.10.0, pluggy-0.13.1
rootdir: /dc-app-performance-toolkit/app
plugins: apiritif-0.9.6
collected 8 items

selenium_ui/confluence_ui.py get driver from global
clear browser cookies
node_id:36057380
1624536689178,118,selenium_login:open_login_page,Success,True
1624536689549,301,selenium_login:login_and_view_dashboard,Success,True
1624536689549,489,selenium_login,Success,True
.test_0_selenium_a_login,Total:225 Passed:225 Failed:0
1624536690125,553,selenium_view_page,Success,True
.test_1_selenium_view_page,Total:226 Passed:226 Failed:0
1624536690832,706,selenium_create_page:open_create_page_editor,Success,True
1624536691529,587,selenium_create_page:save_created_page,Success,True
1624536691529,1402,selenium_create_page,Success,True
.test_1_selenium_create_page,Total:227 Passed:227 Failed:0
1624536693632,2101,selenium_edit_page:open_create_page_editor,Success,True
1624536694370,719,selenium_edit_page:save_edited_page,Success,True
1624536694370,2840,selenium_edit_page,Success,True
.test_1_selenium_edit_page,Total:228 Passed:228 Failed:0
1624536695421,676,selenium_create_comment:write_comment,Success,True
1624536696025,603,selenium_create_comment:save_comment,Success,True
1624536696025,1653,selenium_create_comment,Success,True
.test_1_selenium_create_comment,Total:229 Passed:229 Failed:0
1624536696683,656,selenium_view_blog,Success,True
.test_1_selenium_view_blog,Total:230 Passed:230 Failed:0
1624536696925,240,selenium_view_dashboard,Success,True
.test_1_selenium_view_dashboard,Total:231 Passed:231 Failed:0
1624536697026,100,selenium_log_out,Success,True
.test_2_selenium_z_log_out,Total:232 Passed:232 Failed:0


=============================== warnings summary ===============================
../../usr/local/lib/python3.8/dist-packages/_pytest/config/__init__.py:1114
  /usr/local/lib/python3.8/dist-packages/_pytest/config/__init__.py:1114: PytestAssertRewriteWarning: Module already imported so cannot be rewritten: apiritif
    self._mark_plugins_for_rewrite(hook)

-- Docs: https://docs.pytest.org/en/stable/warnings.html
========================= 8 passed, 1 warning in 7.99s =========================
============================= test session starts ==============================
platform linux -- Python 3.8.5, pytest-6.2.3, py-1.10.0, pluggy-0.13.1
rootdir: /dc-app-performance-toolkit/app
plugins: apiritif-0.9.6
collected 8 items

selenium_ui/confluence_ui.py get driver from global
clear browser cookies
node_id:36057380
1624536697204,113,selenium_login:open_login_page,Success,True
1624536697526,250,selenium_login:login_and_view_dashboard,Success,True
1624536697526,435,selenium_login,Success,True
.test_0_selenium_a_login,Total:233 Passed:233 Failed:0
1624536697874,325,selenium_view_page,Success,True
.test_1_selenium_view_page,Total:234 Passed:234 Failed:0
1624536698492,616,selenium_create_page:open_create_page_editor,Success,True
1624536699232,605,selenium_create_page:save_created_page,Success,True
1624536699232,1356,selenium_create_page,Success,True
.test_1_selenium_create_page,Total:235 Passed:235 Failed:0
1624536701214,1981,selenium_edit_page:open_create_page_editor,Success,True
1624536701900,667,selenium_edit_page:save_edited_page,Success,True
1624536701900,2667,selenium_edit_page,Success,True
.test_1_selenium_edit_page,Total:236 Passed:236 Failed:0
1624536702753,606,selenium_create_comment:write_comment,Success,True
1624536703358,604,selenium_create_comment:save_comment,Success,True
1624536703358,1456,selenium_create_comment,Success,True
.test_1_selenium_create_comment,Total:237 Passed:237 Failed:0
1624536704225,865,selenium_view_blog,Success,True
.test_1_selenium_view_blog,Total:238 Passed:238 Failed:0
1624536704415,187,selenium_view_dashboard,Success,True
.test_1_selenium_view_dashboard,Total:239 Passed:239 Failed:0
1624536704533,116,selenium_log_out,Success,True
.test_2_selenium_z_log_out,Total:240 Passed:240 Failed:0


=============================== warnings summary ===============================
../../usr/local/lib/python3.8/dist-packages/_pytest/config/__init__.py:1114
  /usr/local/lib/python3.8/dist-packages/_pytest/config/__init__.py:1114: PytestAssertRewriteWarning: Module already imported so cannot be rewritten: apiritif
    self._mark_plugins_for_rewrite(hook)

-- Docs: https://docs.pytest.org/en/stable/warnings.html
========================= 8 passed, 1 warning in 7.47s =========================
============================= test session starts ==============================
platform linux -- Python 3.8.5, pytest-6.2.3, py-1.10.0, pluggy-0.13.1
rootdir: /dc-app-performance-toolkit/app
plugins: apiritif-0.9.6
collected 8 items

selenium_ui/confluence_ui.py get driver from global
clear browser cookies
node_id:36057380
1624536704707,117,selenium_login:open_login_page,Success,True
1624536705027,246,selenium_login:login_and_view_dashboard,Success,True
1624536705028,437,selenium_login,Success,True
.test_0_selenium_a_login,Total:241 Passed:241 Failed:0
1624536705307,264,selenium_view_page,Success,True
.test_1_selenium_view_page,Total:242 Passed:242 Failed:0
1624536705915,606,selenium_create_page:open_create_page_editor,Success,True
1624536706600,582,selenium_create_page:save_created_page,Success,True
1624536706600,1291,selenium_create_page,Success,True
.test_1_selenium_create_page,Total:243 Passed:243 Failed:0
1624536709228,2627,selenium_edit_page:open_create_page_editor,Success,True
1624536709948,701,selenium_edit_page:save_edited_page,Success,True
1624536709948,3347,selenium_edit_page,Success,True
.test_1_selenium_edit_page,Total:244 Passed:244 Failed:0
1624536710807,607,selenium_create_comment:write_comment,Success,True
1624536711413,605,selenium_create_comment:save_comment,Success,True
1624536711414,1464,selenium_create_comment,Success,True
.test_1_selenium_create_comment,Total:245 Passed:245 Failed:0
1624536711882,467,selenium_view_blog,Success,True
.test_1_selenium_view_blog,Total:246 Passed:246 Failed:0
1624536712055,171,selenium_view_dashboard,Success,True
.test_1_selenium_view_dashboard,Total:247 Passed:247 Failed:0
1624536712165,108,selenium_log_out,Success,True
.test_2_selenium_z_log_out,Total:248 Passed:248 Failed:0


=============================== warnings summary ===============================
../../usr/local/lib/python3.8/dist-packages/_pytest/config/__init__.py:1114
  /usr/local/lib/python3.8/dist-packages/_pytest/config/__init__.py:1114: PytestAssertRewriteWarning: Module already imported so cannot be rewritten: apiritif
    self._mark_plugins_for_rewrite(hook)

-- Docs: https://docs.pytest.org/en/stable/warnings.html
========================= 8 passed, 1 warning in 7.60s =========================
============================= test session starts ==============================
platform linux -- Python 3.8.5, pytest-6.2.3, py-1.10.0, pluggy-0.13.1
rootdir: /dc-app-performance-toolkit/app
plugins: apiritif-0.9.6
collected 8 items

selenium_ui/confluence_ui.py get driver from global
clear browser cookies
node_id:36057380
1624536712343,113,selenium_login:open_login_page,Success,True
1624536712704,290,selenium_login:login_and_view_dashboard,Success,True
1624536712704,475,selenium_login,Success,True
.test_0_selenium_a_login,Total:249 Passed:249 Failed:0
1624536713148,423,selenium_view_page,Success,True
.test_1_selenium_view_page,Total:250 Passed:250 Failed:0
1624536713821,671,selenium_create_page:open_create_page_editor,Success,True
1624536714509,584,selenium_create_page:save_created_page,Success,True
1624536714510,1360,selenium_create_page,Success,True
.test_1_selenium_create_page,Total:251 Passed:251 Failed:0
1624536715456,945,selenium_edit_page:open_create_page_editor,Success,True
1624536716261,786,selenium_edit_page:save_edited_page,Success,True
1624536716262,1750,selenium_edit_page,Success,True
.test_1_selenium_edit_page,Total:252 Passed:252 Failed:0
1624536717064,556,selenium_create_comment:write_comment,Success,True
1624536717678,613,selenium_create_comment:save_comment,Success,True
1624536717678,1415,selenium_create_comment,Success,True
.test_1_selenium_create_comment,Total:253 Passed:253 Failed:0
1624536718351,671,selenium_view_blog,Success,True
.test_1_selenium_view_blog,Total:254 Passed:254 Failed:0
1624536718567,213,selenium_view_dashboard,Success,True
.test_1_selenium_view_dashboard,Total:255 Passed:255 Failed:0
1624536718667,99,selenium_log_out,Success,True
.test_2_selenium_z_log_out,Total:256 Passed:256 Failed:0


=============================== warnings summary ===============================
../../usr/local/lib/python3.8/dist-packages/_pytest/config/__init__.py:1114
  /usr/local/lib/python3.8/dist-packages/_pytest/config/__init__.py:1114: PytestAssertRewriteWarning: Module already imported so cannot be rewritten: apiritif
    self._mark_plugins_for_rewrite(hook)

-- Docs: https://docs.pytest.org/en/stable/warnings.html
========================= 8 passed, 1 warning in 6.47s =========================
============================= test session starts ==============================
platform linux -- Python 3.8.5, pytest-6.2.3, py-1.10.0, pluggy-0.13.1
rootdir: /dc-app-performance-toolkit/app
plugins: apiritif-0.9.6
collected 8 items

selenium_ui/confluence_ui.py get driver from global
clear browser cookies
node_id:36057380
1624536718837,114,selenium_login:open_login_page,Success,True
1624536719189,281,selenium_login:login_and_view_dashboard,Success,True
1624536719189,465,selenium_login,Success,True
.test_0_selenium_a_login,Total:257 Passed:257 Failed:0
1624536719585,369,selenium_view_page,Success,True
.test_1_selenium_view_page,Total:258 Passed:258 Failed:0
1624536720220,633,selenium_create_page:open_create_page_editor,Success,True
1624536720908,584,selenium_create_page:save_created_page,Success,True
1624536720908,1322,selenium_create_page,Success,True
.test_1_selenium_create_page,Total:259 Passed:259 Failed:0
1624536721978,1068,selenium_edit_page:open_create_page_editor,Success,True
1624536722670,669,selenium_edit_page:save_edited_page,Success,True
1624536722670,1760,selenium_edit_page,Success,True
.test_1_selenium_edit_page,Total:260 Passed:260 Failed:0
1624536723626,610,selenium_create_comment:write_comment,Success,True
1624536724265,638,selenium_create_comment:save_comment,Success,True
1624536724265,1593,selenium_create_comment,Success,True
.test_1_selenium_create_comment,Total:261 Passed:261 Failed:0
1624536725693,1426,selenium_view_blog,Success,True
.test_1_selenium_view_blog,Total:262 Passed:262 Failed:0
1624536725886,192,selenium_view_dashboard,Success,True
.test_1_selenium_view_dashboard,Total:263 Passed:263 Failed:0
1624536725994,106,selenium_log_out,Success,True
.test_2_selenium_z_log_out,Total:264 Passed:264 Failed:0


=============================== warnings summary ===============================
../../usr/local/lib/python3.8/dist-packages/_pytest/config/__init__.py:1114
  /usr/local/lib/python3.8/dist-packages/_pytest/config/__init__.py:1114: PytestAssertRewriteWarning: Module already imported so cannot be rewritten: apiritif
    self._mark_plugins_for_rewrite(hook)

-- Docs: https://docs.pytest.org/en/stable/warnings.html
========================= 8 passed, 1 warning in 7.29s =========================
============================= test session starts ==============================
platform linux -- Python 3.8.5, pytest-6.2.3, py-1.10.0, pluggy-0.13.1
rootdir: /dc-app-performance-toolkit/app
plugins: apiritif-0.9.6
collected 8 items

selenium_ui/confluence_ui.py get driver from global
clear browser cookies
node_id:36057380
1624536726164,113,selenium_login:open_login_page,Success,True
1624536726506,272,selenium_login:login_and_view_dashboard,Success,True
1624536726507,456,selenium_login,Success,True
.test_0_selenium_a_login,Total:265 Passed:265 Failed:0
1624536726834,298,selenium_view_page,Success,True
.test_1_selenium_view_page,Total:266 Passed:266 Failed:0
1624536727520,683,selenium_create_page:open_create_page_editor,Success,True
1624536728222,590,selenium_create_page:save_created_page,Success,True
1624536728222,1386,selenium_create_page,Success,True
.test_1_selenium_create_page,Total:267 Passed:267 Failed:0
1624536730267,2043,selenium_edit_page:open_create_page_editor,Success,True
1624536730923,636,selenium_edit_page:save_edited_page,Success,True
1624536730923,2699,selenium_edit_page,Success,True
.test_1_selenium_edit_page,Total:268 Passed:268 Failed:0
1624536731815,647,selenium_create_comment:write_comment,Success,True
1624536731949,134,selenium_create_comment:save_comment,Success,True
1624536731949,1025,selenium_create_comment,Success,True
.test_1_selenium_create_comment,Total:269 Passed:269 Failed:0
1624536732614,663,selenium_view_blog,Success,True
.test_1_selenium_view_blog,Total:270 Passed:270 Failed:0
1624536732846,230,selenium_view_dashboard,Success,True
.test_1_selenium_view_dashboard,Total:271 Passed:271 Failed:0
1624536732954,106,selenium_log_out,Success,True
.test_2_selenium_z_log_out,Total:272 Passed:272 Failed:0


=============================== warnings summary ===============================
../../usr/local/lib/python3.8/dist-packages/_pytest/config/__init__.py:1114
  /usr/local/lib/python3.8/dist-packages/_pytest/config/__init__.py:1114: PytestAssertRewriteWarning: Module already imported so cannot be rewritten: apiritif
    self._mark_plugins_for_rewrite(hook)

-- Docs: https://docs.pytest.org/en/stable/warnings.html
========================= 8 passed, 1 warning in 6.93s =========================
============================= test session starts ==============================
platform linux -- Python 3.8.5, pytest-6.2.3, py-1.10.0, pluggy-0.13.1
rootdir: /dc-app-performance-toolkit/app
plugins: apiritif-0.9.6
collected 8 items

selenium_ui/confluence_ui.py get driver from global
clear browser cookies
node_id:36057380
1624536733132,115,selenium_login:open_login_page,Success,True
1624536733448,246,selenium_login:login_and_view_dashboard,Success,True
1624536733448,431,selenium_login,Success,True
.test_0_selenium_a_login,Total:273 Passed:273 Failed:0
1624536733727,258,selenium_view_page,Success,True
.test_1_selenium_view_page,Total:274 Passed:274 Failed:0
1624536734301,572,selenium_create_page:open_create_page_editor,Success,True
1624536735038,604,selenium_create_page:save_created_page,Success,True
1624536735038,1309,selenium_create_page,Success,True
.test_1_selenium_create_page,Total:275 Passed:275 Failed:0
1624536737022,1983,selenium_edit_page:open_create_page_editor,Success,True
1624536737693,651,selenium_edit_page:save_edited_page,Success,True
1624536737693,2653,selenium_edit_page,Success,True
.test_1_selenium_edit_page,Total:276 Passed:276 Failed:0
1624536738552,606,selenium_create_comment:write_comment,Success,True
1624536739191,638,selenium_create_comment:save_comment,Success,True
1624536739191,1496,selenium_create_comment,Success,True
.test_1_selenium_create_comment,Total:277 Passed:277 Failed:0
1624536739789,596,selenium_view_blog,Success,True
.test_1_selenium_view_blog,Total:278 Passed:278 Failed:0
1624536740006,215,selenium_view_dashboard,Success,True
.test_1_selenium_view_dashboard,Total:279 Passed:279 Failed:0
1624536740113,105,selenium_log_out,Success,True
.test_2_selenium_z_log_out,Total:280 Passed:280 Failed:0


=============================== warnings summary ===============================
../../usr/local/lib/python3.8/dist-packages/_pytest/config/__init__.py:1114
  /usr/local/lib/python3.8/dist-packages/_pytest/config/__init__.py:1114: PytestAssertRewriteWarning: Module already imported so cannot be rewritten: apiritif
    self._mark_plugins_for_rewrite(hook)

-- Docs: https://docs.pytest.org/en/stable/warnings.html
========================= 8 passed, 1 warning in 7.12s =========================
============================= test session starts ==============================
platform linux -- Python 3.8.5, pytest-6.2.3, py-1.10.0, pluggy-0.13.1
rootdir: /dc-app-performance-toolkit/app
plugins: apiritif-0.9.6
collected 8 items

selenium_ui/confluence_ui.py get driver from global
clear browser cookies
node_id:36057380
1624536740286,118,selenium_login:open_login_page,Success,True
1624536740636,278,selenium_login:login_and_view_dashboard,Success,True
1624536740636,469,selenium_login,Success,True
.test_0_selenium_a_login,Total:281 Passed:281 Failed:0
1624536740940,283,selenium_view_page,Success,True
.test_1_selenium_view_page,Total:282 Passed:282 Failed:0
1624536741601,660,selenium_create_page:open_create_page_editor,Success,True
1624536742301,595,selenium_create_page:save_created_page,Success,True
1624536742301,1360,selenium_create_page,Success,True
.test_1_selenium_create_page,Total:283 Passed:283 Failed:0
1624536744284,1981,selenium_edit_page:open_create_page_editor,Success,True
1624536744951,648,selenium_edit_page:save_edited_page,Success,True
1624536744951,2648,selenium_edit_page,Success,True
.test_1_selenium_edit_page,Total:284 Passed:284 Failed:0
[...]
.test_0_selenium_a_login,Total:3025 Passed:3025 Failed:0
1624539134127,354,selenium_view_page,Success,True
.test_1_selenium_view_page,Total:3026 Passed:3026 Failed:0
1624539134790,661,selenium_create_page:open_create_page_editor,Success,True
1624539135516,591,selenium_create_page:save_created_page,Success,True
1624539135516,1387,selenium_create_page,Success,True
.test_1_selenium_create_page,Total:3027 Passed:3027 Failed:0
1624539137787,2270,selenium_edit_page:open_create_page_editor,Success,True
1624539138542,736,selenium_edit_page:save_edited_page,Success,True
1624539138542,3025,selenium_edit_page,Success,True
.test_1_selenium_edit_page,Total:3028 Passed:3028 Failed:0
1624539139589,735,selenium_create_comment:write_comment,Success,True
1624539139713,123,selenium_create_comment:save_comment,Success,True
1624539139713,1169,selenium_create_comment,Success,True
.test_1_selenium_create_comment,Total:3029 Passed:3029 Failed:0
1624539140558,843,selenium_view_blog,Success,True
.test_1_selenium_view_blog,Total:3030 Passed:3030 Failed:0
1624539140848,287,selenium_view_dashboard,Success,True
.test_1_selenium_view_dashboard,Total:3031 Passed:3031 Failed:0
1624539140956,107,selenium_log_out,Success,True
.test_2_selenium_z_log_out,Total:3032 Passed:3032 Failed:0


=============================== warnings summary ===============================
../../usr/local/lib/python3.8/dist-packages/_pytest/config/__init__.py:1114
  /usr/local/lib/python3.8/dist-packages/_pytest/config/__init__.py:1114: PytestAssertRewriteWarning: Module already imported so cannot be rewritten: apiritif
    self._mark_plugins_for_rewrite(hook)

-- Docs: https://docs.pytest.org/en/stable/warnings.html
========================= 8 passed, 1 warning in 7.70s =========================
============================= test session starts ==============================
platform linux -- Python 3.8.5, pytest-6.2.3, py-1.10.0, pluggy-0.13.1
rootdir: /dc-app-performance-toolkit/app
plugins: apiritif-0.9.6
collected 8 items

selenium_ui/confluence_ui.py get driver from global
clear browser cookies
node_id:36057380
1624539141134,116,selenium_login:open_login_page,Success,True
1624539141516,311,selenium_login:login_and_view_dashboard,Success,True
1624539141516,498,selenium_login,Success,True
.test_0_selenium_a_login,Total:3033 Passed:3033 Failed:0
1624539141852,320,selenium_view_page,Success,True
.test_1_selenium_view_page,Total:3034 Passed:3034 Failed:0
1624539142555,700,selenium_create_page:open_create_page_editor,Success,True
1624539143255,592,selenium_create_page:save_created_page,Success,True
1624539143256,1401,selenium_create_page,Success,True
.test_1_selenium_create_page,Total:3035 Passed:3035 Failed:0
1624539145311,2054,selenium_edit_page:open_create_page_editor,Success,True
1624539145987,657,selenium_edit_page:save_edited_page,Success,True
1624539145987,2730,selenium_edit_page,Success,True
.test_1_selenium_edit_page,Total:3036 Passed:3036 Failed:0
1624539146892,644,selenium_create_comment:write_comment,Success,True
1624539147542,649,selenium_create_comment:save_comment,Success,True
1624539147542,1553,selenium_create_comment,Success,True
.test_1_selenium_create_comment,Total:3037 Passed:3037 Failed:0
1624539148006,462,selenium_view_blog,Success,True
.test_1_selenium_view_blog,Total:3038 Passed:3038 Failed:0
1624539148308,300,selenium_view_dashboard,Success,True
.test_1_selenium_view_dashboard,Total:3039 Passed:3039 Failed:0
1624539148419,108,selenium_log_out,Success,True
.test_2_selenium_z_log_out,Total:3040 Passed:3040 Failed:0


=============================== warnings summary ===============================
../../usr/local/lib/python3.8/dist-packages/_pytest/config/__init__.py:1114
  /usr/local/lib/python3.8/dist-packages/_pytest/config/__init__.py:1114: PytestAssertRewriteWarning: Module already imported so cannot be rewritten: apiritif
    self._mark_plugins_for_rewrite(hook)

-- Docs: https://docs.pytest.org/en/stable/warnings.html
========================= 8 passed, 1 warning in 7.43s =========================
============================= test session starts ==============================
platform linux -- Python 3.8.5, pytest-6.2.3, py-1.10.0, pluggy-0.13.1
rootdir: /dc-app-performance-toolkit/app
plugins: apiritif-0.9.6
collected 8 items

selenium_ui/confluence_ui.py get driver from global
clear browser cookies
node_id:36057380
1624539148602,114,selenium_login:open_login_page,Success,True
1624539148977,301,selenium_login:login_and_view_dashboard,Success,True
1624539148977,489,selenium_login,Success,True
.test_0_selenium_a_login,Total:3041 Passed:3041 Failed:0
1624539149271,278,selenium_view_page,Success,True
.test_1_selenium_view_page,Total:3042 Passed:3042 Failed:0
1624539149963,690,selenium_create_page:open_create_page_editor,Success,True
1624539150654,590,selenium_create_page:save_created_page,Success,True
1624539150654,1382,selenium_create_page,Success,True
.test_1_selenium_create_page,Total:3043 Passed:3043 Failed:0
1624539152690,2034,selenium_edit_page:open_create_page_editor,Success,True
1624539153419,709,selenium_edit_page:save_edited_page,Success,True
1624539153419,2763,selenium_edit_page,Success,True
.test_1_selenium_edit_page,Total:3044 Passed:3044 Failed:0
1624539154445,747,selenium_create_comment:write_comment,Success,True
1624539155048,602,selenium_create_comment:save_comment,Success,True
1624539155048,1628,selenium_create_comment,Success,True
.test_1_selenium_create_comment,Total:3045 Passed:3045 Failed:0
1624539155747,696,selenium_view_blog,Success,True
.test_1_selenium_view_blog,Total:3046 Passed:3046 Failed:0
1624539156008,259,selenium_view_dashboard,Success,True
.test_1_selenium_view_dashboard,Total:3047 Passed:3047 Failed:0
1624539156115,105,selenium_log_out,Success,True
.test_2_selenium_z_log_out,Total:3048 Passed:3048 Failed:0


=============================== warnings summary ===============================
../../usr/local/lib/python3.8/dist-packages/_pytest/config/__init__.py:1114
  /usr/local/lib/python3.8/dist-packages/_pytest/config/__init__.py:1114: PytestAssertRewriteWarning: Module already imported so cannot be rewritten: apiritif
    self._mark_plugins_for_rewrite(hook)

-- Docs: https://docs.pytest.org/en/stable/warnings.html
========================= 8 passed, 1 warning in 7.66s =========================
============================= test session starts ==============================
platform linux -- Python 3.8.5, pytest-6.2.3, py-1.10.0, pluggy-0.13.1
rootdir: /dc-app-performance-toolkit/app
plugins: apiritif-0.9.6
collected 8 items

selenium_ui/confluence_ui.py get driver from global
clear browser cookies
node_id:36057380
1624539156294,118,selenium_login:open_login_page,Success,True
1624539156634,267,selenium_login:login_and_view_dashboard,Success,True
1624539156635,458,selenium_login,Success,True
.test_0_selenium_a_login,Total:3049 Passed:3049 Failed:0
1624539156970,314,selenium_view_page,Success,True
.test_1_selenium_view_page,Total:3050 Passed:3050 Failed:0
1624539157626,654,selenium_create_page:open_create_page_editor,Success,True
1624539158358,620,selenium_create_page:save_created_page,Success,True
1624539158358,1386,selenium_create_page,Success,True
.test_1_selenium_create_page,Total:3051 Passed:3051 Failed:0
1624539160538,2178,selenium_edit_page:open_create_page_editor,Success,True
1624539161225,668,selenium_edit_page:save_edited_page,Success,True
1624539161225,2865,selenium_edit_page,Success,True
.test_1_selenium_edit_page,Total:3052 Passed:3052 Failed:0
1624539162169,613,selenium_create_comment:write_comment,Success,True
1624539162302,133,selenium_create_comment:save_comment,Success,True
1624539162302,1076,selenium_create_comment,Success,True
.test_1_selenium_create_comment,Total:3053 Passed:3053 Failed:0
1624539163161,857,selenium_view_blog,Success,True
.test_1_selenium_view_blog,Total:3054 Passed:3054 Failed:0
1624539163340,177,selenium_view_dashboard,Success,True
.test_1_selenium_view_dashboard,Total:3055 Passed:3055 Failed:0
1624539163442,100,selenium_log_out,Success,True
.test_2_selenium_z_log_out,Total:3056 Passed:3056 Failed:0


=============================== warnings summary ===============================
../../usr/local/lib/python3.8/dist-packages/_pytest/config/__init__.py:1114
  /usr/local/lib/python3.8/dist-packages/_pytest/config/__init__.py:1114: PytestAssertRewriteWarning: Module already imported so cannot be rewritten: apiritif
    self._mark_plugins_for_rewrite(hook)

-- Docs: https://docs.pytest.org/en/stable/warnings.html
========================= 8 passed, 1 warning in 7.29s =========================
============================= test session starts ==============================
platform linux -- Python 3.8.5, pytest-6.2.3, py-1.10.0, pluggy-0.13.1
rootdir: /dc-app-performance-toolkit/app
plugins: apiritif-0.9.6
collected 8 items

selenium_ui/confluence_ui.py get driver from global
clear browser cookies
node_id:36057380
1624539163684,185,selenium_login:open_login_page,Success,True
1624539164025,271,selenium_login:login_and_view_dashboard,Success,True
1624539164025,526,selenium_login,Success,True
.test_0_selenium_a_login,Total:3057 Passed:3057 Failed:0
1624539164470,417,selenium_view_page,Success,True
.test_1_selenium_view_page,Total:3058 Passed:3058 Failed:0
1624539165217,746,selenium_create_page:open_create_page_editor,Success,True
1624539165922,603,selenium_create_page:save_created_page,Success,True
1624539165922,1450,selenium_create_page,Success,True
.test_1_selenium_create_page,Total:3059 Passed:3059 Failed:0
1624539167408,1484,selenium_edit_page:open_create_page_editor,Success,True
1624539168651,1224,selenium_edit_page:save_edited_page,Success,True
1624539168651,2727,selenium_edit_page,Success,True
.test_1_selenium_edit_page,Total:3060 Passed:3060 Failed:0
1624539169691,692,selenium_create_comment:write_comment,Success,True
1624539169812,120,selenium_create_comment:save_comment,Success,True
1624539169812,1159,selenium_create_comment,Success,True
.test_1_selenium_create_comment,Total:3061 Passed:3061 Failed:0
1624539170701,887,selenium_view_blog,Success,True
.test_1_selenium_view_blog,Total:3062 Passed:3062 Failed:0
1624539170936,233,selenium_view_dashboard,Success,True
.test_1_selenium_view_dashboard,Total:3063 Passed:3063 Failed:0
1624539171039,102,selenium_log_out,Success,True
.test_2_selenium_z_log_out,Total:3064 Passed:3064 Failed:0


=============================== warnings summary ===============================
../../usr/local/lib/python3.8/dist-packages/_pytest/config/__init__.py:1114
  /usr/local/lib/python3.8/dist-packages/_pytest/config/__init__.py:1114: PytestAssertRewriteWarning: Module already imported so cannot be rewritten: apiritif
    self._mark_plugins_for_rewrite(hook)

-- Docs: https://docs.pytest.org/en/stable/warnings.html
========================= 8 passed, 1 warning in 7.56s =========================
============================= test session starts ==============================
platform linux -- Python 3.8.5, pytest-6.2.3, py-1.10.0, pluggy-0.13.1
rootdir: /dc-app-performance-toolkit/app
plugins: apiritif-0.9.6
collected 8 items

selenium_ui/confluence_ui.py get driver from global
clear browser cookies
node_id:36057380
1624539171216,118,selenium_login:open_login_page,Success,True
1624539171593,305,selenium_login:login_and_view_dashboard,Success,True
1624539171593,494,selenium_login,Success,True
.test_0_selenium_a_login,Total:3065 Passed:3065 Failed:0
1624539171911,303,selenium_view_page,Success,True
.test_1_selenium_view_page,Total:3066 Passed:3066 Failed:0
1624539172572,659,selenium_create_page:open_create_page_editor,Success,True
1624539173266,588,selenium_create_page:save_created_page,Success,True
1624539173267,1354,selenium_create_page,Success,True
.test_1_selenium_create_page,Total:3067 Passed:3067 Failed:0
1624539174266,998,selenium_edit_page:open_create_page_editor,Success,True
1624539174985,700,selenium_edit_page:save_edited_page,Success,True
1624539174985,1717,selenium_edit_page,Success,True
.test_1_selenium_edit_page,Total:3068 Passed:3068 Failed:0
1624539175870,642,selenium_create_comment:write_comment,Success,True
1624539176506,636,selenium_create_comment:save_comment,Success,True
1624539176506,1519,selenium_create_comment,Success,True
.test_1_selenium_create_comment,Total:3069 Passed:3069 Failed:0
1624539177042,534,selenium_view_blog,Success,True
.test_1_selenium_view_blog,Total:3070 Passed:3070 Failed:0
1624539177320,276,selenium_view_dashboard,Success,True
.test_1_selenium_view_dashboard,Total:3071 Passed:3071 Failed:0
1624539177426,104,selenium_log_out,Success,True
.test_2_selenium_z_log_out,Total:3072 Passed:3072 Failed:0


=============================== warnings summary ===============================
../../usr/local/lib/python3.8/dist-packages/_pytest/config/__init__.py:1114
  /usr/local/lib/python3.8/dist-packages/_pytest/config/__init__.py:1114: PytestAssertRewriteWarning: Module already imported so cannot be rewritten: apiritif
    self._mark_plugins_for_rewrite(hook)

-- Docs: https://docs.pytest.org/en/stable/warnings.html
========================= 8 passed, 1 warning in 6.35s =========================
============================= test session starts ==============================
platform linux -- Python 3.8.5, pytest-6.2.3, py-1.10.0, pluggy-0.13.1
rootdir: /dc-app-performance-toolkit/app
plugins: apiritif-0.9.6
collected 8 items

selenium_ui/confluence_ui.py get driver from global
clear browser cookies
node_id:36057380
1624539177596,108,selenium_login:open_login_page,Success,True
1624539177976,308,selenium_login:login_and_view_dashboard,Success,True
1624539177976,488,selenium_login,Success,True
.test_0_selenium_a_login,Total:3073 Passed:3073 Failed:0
1624539178324,332,selenium_view_page,Success,True
.test_1_selenium_view_page,Total:3074 Passed:3074 Failed:0
1624539178975,649,selenium_create_page:open_create_page_editor,Success,True
1624539179669,592,selenium_create_page:save_created_page,Success,True
1624539179669,1343,selenium_create_page,Success,True
.test_1_selenium_create_page,Total:3075 Passed:3075 Failed:0
1624539180651,980,selenium_edit_page:open_create_page_editor,Success,True
1624539181354,683,selenium_edit_page:save_edited_page,Success,True
1624539181354,1683,selenium_edit_page,Success,True
.test_1_selenium_edit_page,Total:3076 Passed:3076 Failed:0
1624539182342,721,selenium_create_comment:write_comment,Success,True
1624539182942,600,selenium_create_comment:save_comment,Success,True
1624539182943,1586,selenium_create_comment,Success,True
.test_1_selenium_create_comment,Total:3077 Passed:3077 Failed:0
1624539183720,775,selenium_view_blog,Success,True
.test_1_selenium_view_blog,Total:3078 Passed:3078 Failed:0
1624539184071,349,selenium_view_dashboard,Success,True
.test_1_selenium_view_dashboard,Total:3079 Passed:3079 Failed:0
1624539184175,102,selenium_log_out,Success,True
.test_2_selenium_z_log_out,Total:3080 Passed:3080 Failed:0


=============================== warnings summary ===============================
../../usr/local/lib/python3.8/dist-packages/_pytest/config/__init__.py:1114
  /usr/local/lib/python3.8/dist-packages/_pytest/config/__init__.py:1114: PytestAssertRewriteWarning: Module already imported so cannot be rewritten: apiritif
    self._mark_plugins_for_rewrite(hook)

-- Docs: https://docs.pytest.org/en/stable/warnings.html
========================= 8 passed, 1 warning in 6.71s =========================
============================= test session starts ==============================
platform linux -- Python 3.8.5, pytest-6.2.3, py-1.10.0, pluggy-0.13.1
rootdir: /dc-app-performance-toolkit/app
plugins: apiritif-0.9.6
collected 8 items

selenium_ui/confluence_ui.py get driver from global
clear browser cookies
node_id:36057380
1624539184401,114,selenium_login:open_login_page,Success,True
1624539184791,320,selenium_login:login_and_view_dashboard,Success,True
1624539184791,504,selenium_login,Success,True
.test_0_selenium_a_login,Total:3081 Passed:3081 Failed:0
1624539185228,422,selenium_view_page,Success,True
.test_1_selenium_view_page,Total:3082 Passed:3082 Failed:0
1624539185897,666,selenium_create_page:open_create_page_editor,Success,True
1624539186591,592,selenium_create_page:save_created_page,Success,True
1624539186592,1361,selenium_create_page,Success,True
.test_1_selenium_create_page,Total:3083 Passed:3083 Failed:0
1624539187593,1000,selenium_edit_page:open_create_page_editor,Success,True
1624539188344,731,selenium_edit_page:save_edited_page,Success,True
1624539188344,1751,selenium_edit_page,Success,True
.test_1_selenium_edit_page,Total:3084 Passed:3084 Failed:0
1624539189349,713,selenium_create_comment:write_comment,Success,True
1624539189479,129,selenium_create_comment:save_comment,Success,True
1624539189479,1133,selenium_create_comment,Success,True
.test_1_selenium_create_comment,Total:3085 Passed:3085 Failed:0
1624539190320,840,selenium_view_blog,Success,True
.test_1_selenium_view_blog,Total:3086 Passed:3086 Failed:0
1624539190588,266,selenium_view_dashboard,Success,True
.test_1_selenium_view_dashboard,Total:3087 Passed:3087 Failed:0
1624539190690,100,selenium_log_out,Success,True
.test_2_selenium_z_log_out,Total:3088 Passed:3088 Failed:0


=============================== warnings summary ===============================
../../usr/local/lib/python3.8/dist-packages/_pytest/config/__init__.py:1114
  /usr/local/lib/python3.8/dist-packages/_pytest/config/__init__.py:1114: PytestAssertRewriteWarning: Module already imported so cannot be rewritten: apiritif
    self._mark_plugins_for_rewrite(hook)

-- Docs: https://docs.pytest.org/en/stable/warnings.html
========================= 8 passed, 1 warning in 6.44s =========================
============================= test session starts ==============================
platform linux -- Python 3.8.5, pytest-6.2.3, py-1.10.0, pluggy-0.13.1
rootdir: /dc-app-performance-toolkit/app
plugins: apiritif-0.9.6
collected 8 items

selenium_ui/confluence_ui.py get driver from global
clear browser cookies
node_id:36057380
1624539190860,111,selenium_login:open_login_page,Success,True
1624539191234,303,selenium_login:login_and_view_dashboard,Success,True
1624539191234,485,selenium_login,Success,True
.test_0_selenium_a_login,Total:3089 Passed:3089 Failed:0
1624539191590,340,selenium_view_page,Success,True
.test_1_selenium_view_page,Total:3090 Passed:3090 Failed:0
1624539192254,663,selenium_create_page:open_create_page_editor,Success,True
1624539192944,590,selenium_create_page:save_created_page,Success,True
1624539192944,1352,selenium_create_page,Success,True
.test_1_selenium_create_page,Total:3091 Passed:3091 Failed:0
1624539195033,2087,selenium_edit_page:open_create_page_editor,Success,True
1624539195755,703,selenium_edit_page:save_edited_page,Success,True
1624539195755,2809,selenium_edit_page,Success,True
.test_1_selenium_edit_page,Total:3092 Passed:3092 Failed:0
1624539196675,647,selenium_create_comment:write_comment,Success,True
1624539197293,618,selenium_create_comment:save_comment,Success,True
1624539197293,1537,selenium_create_comment,Success,True
.test_1_selenium_create_comment,Total:3093 Passed:3093 Failed:0
1624539198075,780,selenium_view_blog,Success,True
.test_1_selenium_view_blog,Total:3094 Passed:3094 Failed:0
1624539198340,262,selenium_view_dashboard,Success,True
.test_1_selenium_view_dashboard,Total:3095 Passed:3095 Failed:0
1624539198459,117,selenium_log_out,Success,True
.test_2_selenium_z_log_out,Total:3096 Passed:3096 Failed:0


=============================== warnings summary ===============================
../../usr/local/lib/python3.8/dist-packages/_pytest/config/__init__.py:1114
  /usr/local/lib/python3.8/dist-packages/_pytest/config/__init__.py:1114: PytestAssertRewriteWarning: Module already imported so cannot be rewritten: apiritif
    self._mark_plugins_for_rewrite(hook)

-- Docs: https://docs.pytest.org/en/stable/warnings.html
========================= 8 passed, 1 warning in 7.73s =========================
