============================= test session starts ==============================
platform linux -- Python 3.8.5, pytest-6.2.3, py-1.10.0, pluggy-0.13.1
rootdir: /dc-app-performance-toolkit/app
plugins: apiritif-0.9.6
collected 8 items

selenium_ui/confluence_ui.py first driver inits
node_id:36057380
1624541213910,396,selenium_login:open_login_page,Success,True
1624541214703,713,selenium_login:login_and_view_dashboard,Success,True
1624541214703,1189,selenium_login,Success,True
.test_0_selenium_a_login,Total:1 Passed:1 Failed:0
1624541215948,1226,selenium_view_page,Success,True
.test_1_selenium_view_page,Total:2 Passed:2 Failed:0
1624541218178,2228,selenium_create_page:open_create_page_editor,Success,True
1624541219086,812,selenium_create_page:save_created_page,Success,True
1624541219087,3137,selenium_create_page,Success,True
.test_1_selenium_create_page,Total:3 Passed:3 Failed:0
1624541221366,2277,selenium_edit_page:open_create_page_editor,Success,True
1624541222264,879,selenium_edit_page:save_edited_page,Success,True
1624541222264,3176,selenium_edit_page,Success,True
.test_1_selenium_edit_page,Total:4 Passed:4 Failed:0
1624541223439,635,selenium_create_comment:write_comment,Success,True
1624541224031,591,selenium_create_comment:save_comment,Success,True
1624541224031,1765,selenium_create_comment,Success,True
.test_1_selenium_create_comment,Total:5 Passed:5 Failed:0
1624541225343,1311,selenium_view_blog,Success,True
.test_1_selenium_view_blog,Total:6 Passed:6 Failed:0
1624541225575,229,selenium_view_dashboard,Success,True
.test_1_selenium_view_dashboard,Total:7 Passed:7 Failed:0
1624541225683,107,selenium_log_out,Success,True
.test_2_selenium_z_log_out,Total:8 Passed:8 Failed:0


=============================== warnings summary ===============================
../../usr/local/lib/python3.8/dist-packages/_pytest/config/__init__.py:1114
  /usr/local/lib/python3.8/dist-packages/_pytest/config/__init__.py:1114: PytestAssertRewriteWarning: Module already imported so cannot be rewritten: apiritif
    self._mark_plugins_for_rewrite(hook)

-- Docs: https://docs.pytest.org/en/stable/warnings.html
======================== 8 passed, 1 warning in 13.32s =========================
============================= test session starts ==============================
platform linux -- Python 3.8.5, pytest-6.2.3, py-1.10.0, pluggy-0.13.1
rootdir: /dc-app-performance-toolkit/app
plugins: apiritif-0.9.6
collected 8 items

selenium_ui/confluence_ui.py get driver from global
clear browser cookies
node_id:36057380
1624541225856,109,selenium_login:open_login_page,Success,True
1624541226211,284,selenium_login:login_and_view_dashboard,Success,True
1624541226212,465,selenium_login,Success,True
.test_0_selenium_a_login,Total:9 Passed:9 Failed:0
1624541226620,393,selenium_view_page,Success,True
.test_1_selenium_view_page,Total:10 Passed:10 Failed:0
1624541227175,554,selenium_create_page:open_create_page_editor,Success,True
1624541227882,605,selenium_create_page:save_created_page,Success,True
1624541227882,1261,selenium_create_page,Success,True
.test_1_selenium_create_page,Total:11 Passed:11 Failed:0
1624541228922,1038,selenium_edit_page:open_create_page_editor,Success,True
1624541229573,633,selenium_edit_page:save_edited_page,Success,True
1624541229574,1690,selenium_edit_page,Success,True
.test_1_selenium_edit_page,Total:12 Passed:12 Failed:0
1624541230491,607,selenium_create_comment:write_comment,Success,True
1624541231105,613,selenium_create_comment:save_comment,Success,True
1624541231105,1529,selenium_create_comment,Success,True
.test_1_selenium_create_comment,Total:13 Passed:13 Failed:0
1624541232242,1135,selenium_view_blog,Success,True
.test_1_selenium_view_blog,Total:14 Passed:14 Failed:0
1624541232423,180,selenium_view_dashboard,Success,True
.test_1_selenium_view_dashboard,Total:15 Passed:15 Failed:0
1624541232537,112,selenium_log_out,Success,True
.test_2_selenium_z_log_out,Total:16 Passed:16 Failed:0


=============================== warnings summary ===============================
../../usr/local/lib/python3.8/dist-packages/_pytest/config/__init__.py:1114
  /usr/local/lib/python3.8/dist-packages/_pytest/config/__init__.py:1114: PytestAssertRewriteWarning: Module already imported so cannot be rewritten: apiritif
    self._mark_plugins_for_rewrite(hook)

-- Docs: https://docs.pytest.org/en/stable/warnings.html
========================= 8 passed, 1 warning in 6.82s =========================
============================= test session starts ==============================
platform linux -- Python 3.8.5, pytest-6.2.3, py-1.10.0, pluggy-0.13.1
rootdir: /dc-app-performance-toolkit/app
plugins: apiritif-0.9.6
collected 8 items

selenium_ui/confluence_ui.py get driver from global
clear browser cookies
node_id:36057380
1624541232716,113,selenium_login:open_login_page,Success,True
1624541233063,275,selenium_login:login_and_view_dashboard,Success,True
1624541233063,461,selenium_login,Success,True
.test_0_selenium_a_login,Total:17 Passed:17 Failed:0
1624541233600,484,selenium_view_page,Success,True
.test_1_selenium_view_page,Total:18 Passed:18 Failed:0
1624541234341,740,selenium_create_page:open_create_page_editor,Success,True
1624541235049,605,selenium_create_page:save_created_page,Success,True
1624541235049,1448,selenium_create_page,Success,True
.test_1_selenium_create_page,Total:19 Passed:19 Failed:0
1624541236310,1259,selenium_edit_page:open_create_page_editor,Success,True
1624541237215,883,selenium_edit_page:save_edited_page,Success,True
1624541237215,2163,selenium_edit_page,Success,True
.test_1_selenium_edit_page,Total:20 Passed:20 Failed:0
1624541238332,711,selenium_create_comment:write_comment,Success,True
1624541238479,146,selenium_create_comment:save_comment,Success,True
1624541238479,1263,selenium_create_comment,Success,True
.test_1_selenium_create_comment,Total:21 Passed:21 Failed:0
1624541239700,1219,selenium_view_blog,Success,True
.test_1_selenium_view_blog,Total:22 Passed:22 Failed:0
1624541239944,243,selenium_view_dashboard,Success,True
.test_1_selenium_view_dashboard,Total:23 Passed:23 Failed:0
1624541240046,99,selenium_log_out,Success,True
.test_2_selenium_z_log_out,Total:24 Passed:24 Failed:0


=============================== warnings summary ===============================
../../usr/local/lib/python3.8/dist-packages/_pytest/config/__init__.py:1114
  /usr/local/lib/python3.8/dist-packages/_pytest/config/__init__.py:1114: PytestAssertRewriteWarning: Module already imported so cannot be rewritten: apiritif
    self._mark_plugins_for_rewrite(hook)

-- Docs: https://docs.pytest.org/en/stable/warnings.html
========================= 8 passed, 1 warning in 7.47s =========================
============================= test session starts ==============================
platform linux -- Python 3.8.5, pytest-6.2.3, py-1.10.0, pluggy-0.13.1
rootdir: /dc-app-performance-toolkit/app
plugins: apiritif-0.9.6
collected 8 items

selenium_ui/confluence_ui.py get driver from global
clear browser cookies
node_id:36057380
1624541240224,117,selenium_login:open_login_page,Success,True
1624541240587,293,selenium_login:login_and_view_dashboard,Success,True
1624541240587,480,selenium_login,Success,True
.test_0_selenium_a_login,Total:25 Passed:25 Failed:0
1624541240974,335,selenium_view_page,Success,True
.test_1_selenium_view_page,Total:26 Passed:26 Failed:0
1624541241674,698,selenium_create_page:open_create_page_editor,Success,True
1624541242398,617,selenium_create_page:save_created_page,Success,True
1624541242398,1422,selenium_create_page,Success,True
.test_1_selenium_create_page,Total:27 Passed:27 Failed:0
1624541244495,2095,selenium_edit_page:open_create_page_editor,Success,True
1624541245183,667,selenium_edit_page:save_edited_page,Success,True
1624541245183,2783,selenium_edit_page,Success,True
.test_1_selenium_edit_page,Total:28 Passed:28 Failed:0
1624541246079,637,selenium_create_comment:write_comment,Success,True
1624541246680,600,selenium_create_comment:save_comment,Success,True
1624541246680,1495,selenium_create_comment,Success,True
.test_1_selenium_create_comment,Total:29 Passed:29 Failed:0
1624541247142,460,selenium_view_blog,Success,True
.test_1_selenium_view_blog,Total:30 Passed:30 Failed:0
1624541247376,233,selenium_view_dashboard,Success,True
.test_1_selenium_view_dashboard,Total:31 Passed:31 Failed:0
1624541247483,105,selenium_log_out,Success,True
.test_2_selenium_z_log_out,Total:32 Passed:32 Failed:0


=============================== warnings summary ===============================
../../usr/local/lib/python3.8/dist-packages/_pytest/config/__init__.py:1114
  /usr/local/lib/python3.8/dist-packages/_pytest/config/__init__.py:1114: PytestAssertRewriteWarning: Module already imported so cannot be rewritten: apiritif
    self._mark_plugins_for_rewrite(hook)

-- Docs: https://docs.pytest.org/en/stable/warnings.html
========================= 8 passed, 1 warning in 7.40s =========================
============================= test session starts ==============================
platform linux -- Python 3.8.5, pytest-6.2.3, py-1.10.0, pluggy-0.13.1
rootdir: /dc-app-performance-toolkit/app
plugins: apiritif-0.9.6
collected 8 items

selenium_ui/confluence_ui.py get driver from global
clear browser cookies
node_id:36057380
1624541247666,114,selenium_login:open_login_page,Success,True
1624541248010,274,selenium_login:login_and_view_dashboard,Success,True
1624541248010,458,selenium_login,Success,True
.test_0_selenium_a_login,Total:33 Passed:33 Failed:0
1624541248437,404,selenium_view_page,Success,True
.test_1_selenium_view_page,Total:34 Passed:34 Failed:0
1624541249003,564,selenium_create_page:open_create_page_editor,Success,True
1624541249707,603,selenium_create_page:save_created_page,Success,True
1624541249707,1268,selenium_create_page,Success,True
.test_1_selenium_create_page,Total:35 Passed:35 Failed:0
1624541251960,2251,selenium_edit_page:open_create_page_editor,Success,True
1624541252658,676,selenium_edit_page:save_edited_page,Success,True
1624541252658,2950,selenium_edit_page,Success,True
.test_1_selenium_edit_page,Total:36 Passed:36 Failed:0
1624541253596,610,selenium_create_comment:write_comment,Success,True
1624541253723,126,selenium_create_comment:save_comment,Success,True
1624541253723,1063,selenium_create_comment,Success,True
.test_1_selenium_create_comment,Total:37 Passed:37 Failed:0
1624541254377,652,selenium_view_blog,Success,True
.test_1_selenium_view_blog,Total:38 Passed:38 Failed:0
1624541254552,173,selenium_view_dashboard,Success,True
.test_1_selenium_view_dashboard,Total:39 Passed:39 Failed:0
1624541254654,100,selenium_log_out,Success,True
.test_2_selenium_z_log_out,Total:40 Passed:40 Failed:0


=============================== warnings summary ===============================
../../usr/local/lib/python3.8/dist-packages/_pytest/config/__init__.py:1114
  /usr/local/lib/python3.8/dist-packages/_pytest/config/__init__.py:1114: PytestAssertRewriteWarning: Module already imported so cannot be rewritten: apiritif
    self._mark_plugins_for_rewrite(hook)

-- Docs: https://docs.pytest.org/en/stable/warnings.html
========================= 8 passed, 1 warning in 7.14s =========================
============================= test session starts ==============================
platform linux -- Python 3.8.5, pytest-6.2.3, py-1.10.0, pluggy-0.13.1
rootdir: /dc-app-performance-toolkit/app
plugins: apiritif-0.9.6
collected 8 items

selenium_ui/confluence_ui.py get driver from global
clear browser cookies
node_id:36057380
1624541254825,115,selenium_login:open_login_page,Success,True
1624541255166,271,selenium_login:login_and_view_dashboard,Success,True
1624541255166,455,selenium_login,Success,True
.test_0_selenium_a_login,Total:41 Passed:41 Failed:0
1624541255560,338,selenium_view_page,Success,True
.test_1_selenium_view_page,Total:42 Passed:42 Failed:0
1624541256254,693,selenium_create_page:open_create_page_editor,Success,True
1624541256945,585,selenium_create_page:save_created_page,Success,True
1624541256945,1384,selenium_create_page,Success,True
.test_1_selenium_create_page,Total:43 Passed:43 Failed:0
1624541259040,2093,selenium_edit_page:open_create_page_editor,Success,True
1624541259702,644,selenium_edit_page:save_edited_page,Success,True
1624541259703,2756,selenium_edit_page,Success,True
.test_1_selenium_edit_page,Total:44 Passed:44 Failed:0
1624541260610,652,selenium_create_comment:write_comment,Success,True
1624541261254,643,selenium_create_comment:save_comment,Success,True
1624541261254,1550,selenium_create_comment,Success,True
.test_1_selenium_create_comment,Total:45 Passed:45 Failed:0
1624541262447,1191,selenium_view_blog,Success,True
.test_1_selenium_view_blog,Total:46 Passed:46 Failed:0
1624541262717,267,selenium_view_dashboard,Success,True
.test_1_selenium_view_dashboard,Total:47 Passed:47 Failed:0
1624541262819,100,selenium_log_out,Success,True
.test_2_selenium_z_log_out,Total:48 Passed:48 Failed:0


=============================== warnings summary ===============================
../../usr/local/lib/python3.8/dist-packages/_pytest/config/__init__.py:1114
  /usr/local/lib/python3.8/dist-packages/_pytest/config/__init__.py:1114: PytestAssertRewriteWarning: Module already imported so cannot be rewritten: apiritif
    self._mark_plugins_for_rewrite(hook)

-- Docs: https://docs.pytest.org/en/stable/warnings.html
========================= 8 passed, 1 warning in 8.13s =========================
============================= test session starts ==============================
platform linux -- Python 3.8.5, pytest-6.2.3, py-1.10.0, pluggy-0.13.1
rootdir: /dc-app-performance-toolkit/app
plugins: apiritif-0.9.6
collected 8 items

selenium_ui/confluence_ui.py get driver from global
clear browser cookies
node_id:36057380
1624541262995,113,selenium_login:open_login_page,Success,True
1624541263349,284,selenium_login:login_and_view_dashboard,Success,True
1624541263349,466,selenium_login,Success,True
.test_0_selenium_a_login,Total:49 Passed:49 Failed:0
1624541263848,473,selenium_view_page,Success,True
.test_1_selenium_view_page,Total:50 Passed:50 Failed:0
1624541264581,732,selenium_create_page:open_create_page_editor,Success,True
1624541265276,593,selenium_create_page:save_created_page,Success,True
1624541265276,1426,selenium_create_page,Success,True
.test_1_selenium_create_page,Total:51 Passed:51 Failed:0
1624541267869,2591,selenium_edit_page:open_create_page_editor,Success,True
1624541268732,844,selenium_edit_page:save_edited_page,Success,True
1624541268732,3455,selenium_edit_page,Success,True
.test_1_selenium_edit_page,Total:52 Passed:52 Failed:0
1624541269945,761,selenium_create_comment:write_comment,Success,True
1624541270545,599,selenium_create_comment:save_comment,Success,True
1624541270545,1811,selenium_create_comment,Success,True
.test_1_selenium_create_comment,Total:53 Passed:53 Failed:0
1624541271394,847,selenium_view_blog,Success,True
.test_1_selenium_view_blog,Total:54 Passed:54 Failed:0
1624541271656,260,selenium_view_dashboard,Success,True
.test_1_selenium_view_dashboard,Total:55 Passed:55 Failed:0
1624541271764,106,selenium_log_out,Success,True
.test_2_selenium_z_log_out,Total:56 Passed:56 Failed:0


=============================== warnings summary ===============================
../../usr/local/lib/python3.8/dist-packages/_pytest/config/__init__.py:1114
  /usr/local/lib/python3.8/dist-packages/_pytest/config/__init__.py:1114: PytestAssertRewriteWarning: Module already imported so cannot be rewritten: apiritif
    self._mark_plugins_for_rewrite(hook)

-- Docs: https://docs.pytest.org/en/stable/warnings.html
========================= 8 passed, 1 warning in 8.91s =========================
============================= test session starts ==============================
platform linux -- Python 3.8.5, pytest-6.2.3, py-1.10.0, pluggy-0.13.1
rootdir: /dc-app-performance-toolkit/app
plugins: apiritif-0.9.6
collected 8 items

selenium_ui/confluence_ui.py get driver from global
clear browser cookies
node_id:36057380
1624541271946,119,selenium_login:open_login_page,Success,True
1624541272323,308,selenium_login:login_and_view_dashboard,Success,True
1624541272323,497,selenium_login,Success,True
.test_0_selenium_a_login,Total:57 Passed:57 Failed:0
1624541272772,418,selenium_view_page,Success,True
.test_1_selenium_view_page,Total:58 Passed:58 Failed:0
1624541273458,684,selenium_create_page:open_create_page_editor,Success,True
1624541274157,593,selenium_create_page:save_created_page,Success,True
1624541274157,1383,selenium_create_page,Success,True
.test_1_selenium_create_page,Total:59 Passed:59 Failed:0
1624541276216,2057,selenium_edit_page:open_create_page_editor,Success,True
1624541276849,614,selenium_edit_page:save_edited_page,Success,True
1624541276849,2690,selenium_edit_page,Success,True
.test_1_selenium_edit_page,Total:60 Passed:60 Failed:0
1624541277929,731,selenium_create_comment:write_comment,Success,True
1624541278061,132,selenium_create_comment:save_comment,Success,True
1624541278061,1211,selenium_create_comment,Success,True
.test_1_selenium_create_comment,Total:61 Passed:61 Failed:0
1624541278805,742,selenium_view_blog,Success,True
.test_1_selenium_view_blog,Total:62 Passed:62 Failed:0
1624541279086,279,selenium_view_dashboard,Success,True
.test_1_selenium_view_dashboard,Total:63 Passed:63 Failed:0
1624541279191,103,selenium_log_out,Success,True
.test_2_selenium_z_log_out,Total:64 Passed:64 Failed:0


=============================== warnings summary ===============================
../../usr/local/lib/python3.8/dist-packages/_pytest/config/__init__.py:1114
  /usr/local/lib/python3.8/dist-packages/_pytest/config/__init__.py:1114: PytestAssertRewriteWarning: Module already imported so cannot be rewritten: apiritif
    self._mark_plugins_for_rewrite(hook)

-- Docs: https://docs.pytest.org/en/stable/warnings.html
========================= 8 passed, 1 warning in 7.39s =========================
============================= test session starts ==============================
platform linux -- Python 3.8.5, pytest-6.2.3, py-1.10.0, pluggy-0.13.1
rootdir: /dc-app-performance-toolkit/app
plugins: apiritif-0.9.6
collected 8 items

selenium_ui/confluence_ui.py get driver from global
clear browser cookies
node_id:36057380
1624541279367,115,selenium_login:open_login_page,Success,True
1624541279726,285,selenium_login:login_and_view_dashboard,Success,True
1624541279726,474,selenium_login,Success,True
.test_0_selenium_a_login,Total:65 Passed:65 Failed:0
1624541280226,472,selenium_view_page,Success,True
.test_1_selenium_view_page,Total:66 Passed:66 Failed:0
1624541280897,669,selenium_create_page:open_create_page_editor,Success,True
1624541281613,614,selenium_create_page:save_created_page,Success,True
1624541281613,1386,selenium_create_page,Success,True
.test_1_selenium_create_page,Total:67 Passed:67 Failed:0
1624541282859,1244,selenium_edit_page:open_create_page_editor,Success,True
1624541283707,826,selenium_edit_page:save_edited_page,Success,True
1624541283707,2092,selenium_edit_page,Success,True
.test_1_selenium_edit_page,Total:68 Passed:68 Failed:0
1624541284872,786,selenium_create_comment:write_comment,Success,True
1624541285013,140,selenium_create_comment:save_comment,Success,True
1624541285013,1303,selenium_create_comment,Success,True
.test_1_selenium_create_comment,Total:69 Passed:69 Failed:0
1624541285562,547,selenium_view_blog,Success,True
.test_1_selenium_view_blog,Total:70 Passed:70 Failed:0
1624541285797,234,selenium_view_dashboard,Success,True
.test_1_selenium_view_dashboard,Total:71 Passed:71 Failed:0
1624541285912,112,selenium_log_out,Success,True
.test_2_selenium_z_log_out,Total:72 Passed:72 Failed:0


=============================== warnings summary ===============================
../../usr/local/lib/python3.8/dist-packages/_pytest/config/__init__.py:1114
  /usr/local/lib/python3.8/dist-packages/_pytest/config/__init__.py:1114: PytestAssertRewriteWarning: Module already imported so cannot be rewritten: apiritif
    self._mark_plugins_for_rewrite(hook)

-- Docs: https://docs.pytest.org/en/stable/warnings.html
========================= 8 passed, 1 warning in 6.69s =========================
============================= test session starts ==============================
platform linux -- Python 3.8.5, pytest-6.2.3, py-1.10.0, pluggy-0.13.1
rootdir: /dc-app-performance-toolkit/app
plugins: apiritif-0.9.6
collected 8 items

selenium_ui/confluence_ui.py get driver from global
clear browser cookies
node_id:36057380
1624541286088,113,selenium_login:open_login_page,Success,True
1624541286440,281,selenium_login:login_and_view_dashboard,Success,True
1624541286440,465,selenium_login,Success,True
.test_0_selenium_a_login,Total:73 Passed:73 Failed:0
1624541286808,335,selenium_view_page,Success,True
.test_1_selenium_view_page,Total:74 Passed:74 Failed:0
1624541287462,652,selenium_create_page:open_create_page_editor,Success,True
1624541288171,601,selenium_create_page:save_created_page,Success,True
1624541288171,1361,selenium_create_page,Success,True
.test_1_selenium_create_page,Total:75 Passed:75 Failed:0
1624541289129,957,selenium_edit_page:open_create_page_editor,Success,True
1624541289807,659,selenium_edit_page:save_edited_page,Success,True
1624541289807,1635,selenium_edit_page,Success,True
.test_1_selenium_edit_page,Total:76 Passed:76 Failed:0
1624541290817,735,selenium_create_comment:write_comment,Success,True
1624541290944,127,selenium_create_comment:save_comment,Success,True
1624541290945,1136,selenium_create_comment,Success,True
.test_1_selenium_create_comment,Total:77 Passed:77 Failed:0
1624541291643,697,selenium_view_blog,Success,True
.test_1_selenium_view_blog,Total:78 Passed:78 Failed:0
1624541291911,265,selenium_view_dashboard,Success,True
.test_1_selenium_view_dashboard,Total:79 Passed:79 Failed:0
1624541292012,100,selenium_log_out,Success,True
.test_2_selenium_z_log_out,Total:80 Passed:80 Failed:0


=============================== warnings summary ===============================
../../usr/local/lib/python3.8/dist-packages/_pytest/config/__init__.py:1114
  /usr/local/lib/python3.8/dist-packages/_pytest/config/__init__.py:1114: PytestAssertRewriteWarning: Module already imported so cannot be rewritten: apiritif
    self._mark_plugins_for_rewrite(hook)

-- Docs: https://docs.pytest.org/en/stable/warnings.html
========================= 8 passed, 1 warning in 6.07s =========================
============================= test session starts ==============================
platform linux -- Python 3.8.5, pytest-6.2.3, py-1.10.0, pluggy-0.13.1
rootdir: /dc-app-performance-toolkit/app
plugins: apiritif-0.9.6
collected 8 items

selenium_ui/confluence_ui.py get driver from global
clear browser cookies
node_id:36057380
1624541292189,116,selenium_login:open_login_page,Success,True
1624541292521,260,selenium_login:login_and_view_dashboard,Success,True
1624541292521,447,selenium_login,Success,True
.test_0_selenium_a_login,Total:81 Passed:81 Failed:0
1624541292892,356,selenium_view_page,Success,True
.test_1_selenium_view_page,Total:82 Passed:82 Failed:0
1624541293472,578,selenium_create_page:open_create_page_editor,Success,True
1624541294169,597,selenium_create_page:save_created_page,Success,True
1624541294170,1276,selenium_create_page,Success,True
.test_1_selenium_create_page,Total:83 Passed:83 Failed:0
1624541295155,984,selenium_edit_page:open_create_page_editor,Success,True
1624541296025,851,selenium_edit_page:save_edited_page,Success,True
1624541296026,1854,selenium_edit_page,Success,True
.test_1_selenium_edit_page,Total:84 Passed:84 Failed:0
1624541296994,608,selenium_create_comment:write_comment,Success,True
1624541297129,134,selenium_create_comment:save_comment,Success,True
1624541297129,1102,selenium_create_comment,Success,True
.test_1_selenium_create_comment,Total:85 Passed:85 Failed:0
1624541298370,1240,selenium_view_blog,Success,True
.test_1_selenium_view_blog,Total:86 Passed:86 Failed:0
1624541298575,203,selenium_view_dashboard,Success,True
.test_1_selenium_view_dashboard,Total:87 Passed:87 Failed:0
1624541298682,106,selenium_log_out,Success,True
.test_2_selenium_z_log_out,Total:88 Passed:88 Failed:0


=============================== warnings summary ===============================
../../usr/local/lib/python3.8/dist-packages/_pytest/config/__init__.py:1114
  /usr/local/lib/python3.8/dist-packages/_pytest/config/__init__.py:1114: PytestAssertRewriteWarning: Module already imported so cannot be rewritten: apiritif
    self._mark_plugins_for_rewrite(hook)

-- Docs: https://docs.pytest.org/en/stable/warnings.html
========================= 8 passed, 1 warning in 6.64s =========================
============================= test session starts ==============================
platform linux -- Python 3.8.5, pytest-6.2.3, py-1.10.0, pluggy-0.13.1
rootdir: /dc-app-performance-toolkit/app
plugins: apiritif-0.9.6
collected 8 items

selenium_ui/confluence_ui.py get driver from global
clear browser cookies
node_id:36057380
1624541298881,119,selenium_login:open_login_page,Success,True
1624541299225,274,selenium_login:login_and_view_dashboard,Success,True
1624541299225,463,selenium_login,Success,True
.test_0_selenium_a_login,Total:89 Passed:89 Failed:0
1624541299555,307,selenium_view_page,Success,True
.test_1_selenium_view_page,Total:90 Passed:90 Failed:0
1624541300184,627,selenium_create_page:open_create_page_editor,Success,True
1624541300894,605,selenium_create_page:save_created_page,Success,True
1624541300894,1338,selenium_create_page,Success,True
.test_1_selenium_create_page,Total:91 Passed:91 Failed:0
1624541302905,2008,selenium_edit_page:open_create_page_editor,Success,True
1624541303615,691,selenium_edit_page:save_edited_page,Success,True
1624541303615,2719,selenium_edit_page,Success,True
.test_1_selenium_edit_page,Total:92 Passed:92 Failed:0
1624541304490,609,selenium_create_comment:write_comment,Success,True
1624541305129,638,selenium_create_comment:save_comment,Success,True
1624541305129,1513,selenium_create_comment,Success,True
.test_1_selenium_create_comment,Total:93 Passed:93 Failed:0
1624541305917,786,selenium_view_blog,Success,True
.test_1_selenium_view_blog,Total:94 Passed:94 Failed:0
1624541306097,179,selenium_view_dashboard,Success,True
.test_1_selenium_view_dashboard,Total:95 Passed:95 Failed:0
1624541306200,101,selenium_log_out,Success,True
.test_2_selenium_z_log_out,Total:96 Passed:96 Failed:0


=============================== warnings summary ===============================
../../usr/local/lib/python3.8/dist-packages/_pytest/config/__init__.py:1114
  /usr/local/lib/python3.8/dist-packages/_pytest/config/__init__.py:1114: PytestAssertRewriteWarning: Module already imported so cannot be rewritten: apiritif
    self._mark_plugins_for_rewrite(hook)

-- Docs: https://docs.pytest.org/en/stable/warnings.html
========================= 8 passed, 1 warning in 7.48s =========================
============================= test session starts ==============================
platform linux -- Python 3.8.5, pytest-6.2.3, py-1.10.0, pluggy-0.13.1
rootdir: /dc-app-performance-toolkit/app
plugins: apiritif-0.9.6
collected 8 items

selenium_ui/confluence_ui.py get driver from global
clear browser cookies
node_id:36057380
1624541306365,110,selenium_login:open_login_page,Success,True
1624541306710,271,selenium_login:login_and_view_dashboard,Success,True
1624541306710,455,selenium_login,Success,True
.test_0_selenium_a_login,Total:97 Passed:97 Failed:0
1624541307076,341,selenium_view_page,Success,True
.test_1_selenium_view_page,Total:98 Passed:98 Failed:0
1624541307747,668,selenium_create_page:open_create_page_editor,Success,True
1624541308435,587,selenium_create_page:save_created_page,Success,True
1624541308435,1357,selenium_create_page,Success,True
.test_1_selenium_create_page,Total:99 Passed:99 Failed:0
1624541309464,1027,selenium_edit_page:open_create_page_editor,Success,True
1624541310354,641,selenium_edit_page:save_edited_page,Success,True
1624541310355,1918,selenium_edit_page,Success,True
.test_1_selenium_edit_page,Total:100 Passed:100 Failed:0
1624541311413,731,selenium_create_comment:write_comment,Success,True
1624541312055,641,selenium_create_comment:save_comment,Success,True
1624541312055,1698,selenium_create_comment,Success,True
.test_1_selenium_create_comment,Total:101 Passed:101 Failed:0
1624541312655,598,selenium_view_blog,Success,True
.test_1_selenium_view_blog,Total:102 Passed:102 Failed:0
1624541312961,304,selenium_view_dashboard,Success,True
.test_1_selenium_view_dashboard,Total:103 Passed:103 Failed:0
1624541313069,107,selenium_log_out,Success,True
.test_2_selenium_z_log_out,Total:104 Passed:104 Failed:0


=============================== warnings summary ===============================
../../usr/local/lib/python3.8/dist-packages/_pytest/config/__init__.py:1114
  /usr/local/lib/python3.8/dist-packages/_pytest/config/__init__.py:1114: PytestAssertRewriteWarning: Module already imported so cannot be rewritten: apiritif
    self._mark_plugins_for_rewrite(hook)

-- Docs: https://docs.pytest.org/en/stable/warnings.html
========================= 8 passed, 1 warning in 6.84s =========================
============================= test session starts ==============================
platform linux -- Python 3.8.5, pytest-6.2.3, py-1.10.0, pluggy-0.13.1
rootdir: /dc-app-performance-toolkit/app
plugins: apiritif-0.9.6
collected 8 items

selenium_ui/confluence_ui.py get driver from global
clear browser cookies
node_id:36057380
1624541313252,116,selenium_login:open_login_page,Success,True
1624541313585,261,selenium_login:login_and_view_dashboard,Success,True
1624541313585,448,selenium_login,Success,True
.test_0_selenium_a_login,Total:105 Passed:105 Failed:0
1624541313904,304,selenium_view_page,Success,True
.test_1_selenium_view_page,Total:106 Passed:106 Failed:0
1624541314512,606,selenium_create_page:open_create_page_editor,Success,True
1624541315191,581,selenium_create_page:save_created_page,Success,True
1624541315191,1286,selenium_create_page,Success,True
.test_1_selenium_create_page,Total:107 Passed:107 Failed:0
1624541317186,1993,selenium_edit_page:open_create_page_editor,Success,True
1624541317948,744,selenium_edit_page:save_edited_page,Success,True
1624541317948,2755,selenium_edit_page,Success,True
.test_1_selenium_edit_page,Total:108 Passed:108 Failed:0
1624541318811,606,selenium_create_comment:write_comment,Success,True
1624541319414,602,selenium_create_comment:save_comment,Success,True
1624541319414,1464,selenium_create_comment,Success,True
.test_1_selenium_create_comment,Total:109 Passed:109 Failed:0
1624541320109,694,selenium_view_blog,Success,True
.test_1_selenium_view_blog,Total:110 Passed:110 Failed:0
1624541320290,179,selenium_view_dashboard,Success,True
.test_1_selenium_view_dashboard,Total:111 Passed:111 Failed:0
1624541320397,105,selenium_log_out,Success,True
.test_2_selenium_z_log_out,Total:112 Passed:112 Failed:0


=============================== warnings summary ===============================
../../usr/local/lib/python3.8/dist-packages/_pytest/config/__init__.py:1114
  /usr/local/lib/python3.8/dist-packages/_pytest/config/__init__.py:1114: PytestAssertRewriteWarning: Module already imported so cannot be rewritten: apiritif
    self._mark_plugins_for_rewrite(hook)

-- Docs: https://docs.pytest.org/en/stable/warnings.html
========================= 8 passed, 1 warning in 7.29s =========================
============================= test session starts ==============================
platform linux -- Python 3.8.5, pytest-6.2.3, py-1.10.0, pluggy-0.13.1
rootdir: /dc-app-performance-toolkit/app
plugins: apiritif-0.9.6
collected 8 items

selenium_ui/confluence_ui.py get driver from global
clear browser cookies
node_id:36057380
1624541320573,119,selenium_login:open_login_page,Success,True
1624541320975,331,selenium_login:login_and_view_dashboard,Success,True
1624541320976,522,selenium_login,Success,True
.test_0_selenium_a_login,Total:113 Passed:113 Failed:0
1624541321333,342,selenium_view_page,Success,True
.test_1_selenium_view_page,Total:114 Passed:114 Failed:0
1624541322016,680,selenium_create_page:open_create_page_editor,Success,True
1624541322714,591,selenium_create_page:save_created_page,Success,True
1624541322714,1379,selenium_create_page,Success,True
.test_1_selenium_create_page,Total:115 Passed:115 Failed:0
1624541324811,2095,selenium_edit_page:open_create_page_editor,Success,True
1624541325480,649,selenium_edit_page:save_edited_page,Success,True
1624541325480,2764,selenium_edit_page,Success,True
.test_1_selenium_edit_page,Total:116 Passed:116 Failed:0
1624541326428,645,selenium_create_comment:write_comment,Success,True
1624541327025,597,selenium_create_comment:save_comment,Success,True
1624541327026,1544,selenium_create_comment,Success,True
.test_1_selenium_create_comment,Total:117 Passed:117 Failed:0
1624541327704,677,selenium_view_blog,Success,True
.test_1_selenium_view_blog,Total:118 Passed:118 Failed:0
1624541327938,232,selenium_view_dashboard,Success,True
.test_1_selenium_view_dashboard,Total:119 Passed:119 Failed:0
1624541328102,162,selenium_log_out,Success,True
.test_2_selenium_z_log_out,Total:120 Passed:120 Failed:0


=============================== warnings summary ===============================
../../usr/local/lib/python3.8/dist-packages/_pytest/config/__init__.py:1114
  /usr/local/lib/python3.8/dist-packages/_pytest/config/__init__.py:1114: PytestAssertRewriteWarning: Module already imported so cannot be rewritten: apiritif
    self._mark_plugins_for_rewrite(hook)

-- Docs: https://docs.pytest.org/en/stable/warnings.html
========================= 8 passed, 1 warning in 7.67s =========================
============================= test session starts ==============================
platform linux -- Python 3.8.5, pytest-6.2.3, py-1.10.0, pluggy-0.13.1
rootdir: /dc-app-performance-toolkit/app
plugins: apiritif-0.9.6
collected 8 items

selenium_ui/confluence_ui.py get driver from global
clear browser cookies
node_id:36057380
1624541328280,112,selenium_login:open_login_page,Success,True
1624541328609,259,selenium_login:login_and_view_dashboard,Success,True
1624541328610,441,selenium_login,Success,True
.test_0_selenium_a_login,Total:121 Passed:121 Failed:0
1624541328945,320,selenium_view_page,Success,True
.test_1_selenium_view_page,Total:122 Passed:122 Failed:0
1624541329569,622,selenium_create_page:open_create_page_editor,Success,True
1624541330266,587,selenium_create_page:save_created_page,Success,True
1624541330266,1319,selenium_create_page,Success,True
.test_1_selenium_create_page,Total:123 Passed:123 Failed:0
1624541331227,960,selenium_edit_page:open_create_page_editor,Success,True
1624541331954,707,selenium_edit_page:save_edited_page,Success,True
1624541331954,1687,selenium_edit_page,Success,True
.test_1_selenium_edit_page,Total:124 Passed:124 Failed:0
1624541332852,616,selenium_create_comment:write_comment,Success,True
1624541333493,640,selenium_create_comment:save_comment,Success,True
1624541333493,1537,selenium_create_comment,Success,True
.test_1_selenium_create_comment,Total:125 Passed:125 Failed:0
1624541333999,504,selenium_view_blog,Success,True
.test_1_selenium_view_blog,Total:126 Passed:126 Failed:0
1624541334176,175,selenium_view_dashboard,Success,True
.test_1_selenium_view_dashboard,Total:127 Passed:127 Failed:0
1624541334281,103,selenium_log_out,Success,True
.test_2_selenium_z_log_out,Total:128 Passed:128 Failed:0


=============================== warnings summary ===============================
../../usr/local/lib/python3.8/dist-packages/_pytest/config/__init__.py:1114
  /usr/local/lib/python3.8/dist-packages/_pytest/config/__init__.py:1114: PytestAssertRewriteWarning: Module already imported so cannot be rewritten: apiritif
    self._mark_plugins_for_rewrite(hook)

-- Docs: https://docs.pytest.org/en/stable/warnings.html
========================= 8 passed, 1 warning in 6.14s =========================
============================= test session starts ==============================
platform linux -- Python 3.8.5, pytest-6.2.3, py-1.10.0, pluggy-0.13.1
rootdir: /dc-app-performance-toolkit/app
plugins: apiritif-0.9.6
collected 8 items

selenium_ui/confluence_ui.py get driver from global
clear browser cookies
node_id:36057380
1624541334459,119,selenium_login:open_login_page,Success,True
1624541334788,255,selenium_login:login_and_view_dashboard,Success,True
1624541334788,448,selenium_login,Success,True
.test_0_selenium_a_login,Total:129 Passed:129 Failed:0
1624541335132,324,selenium_view_page,Success,True
.test_1_selenium_view_page,Total:130 Passed:130 Failed:0
1624541335781,647,selenium_create_page:open_create_page_editor,Success,True
1624541336511,604,selenium_create_page:save_created_page,Success,True
1624541336511,1377,selenium_create_page,Success,True
.test_1_selenium_create_page,Total:131 Passed:131 Failed:0
1624541337466,953,selenium_edit_page:open_create_page_editor,Success,True
1624541338220,736,selenium_edit_page:save_edited_page,Success,True
1624541338220,1707,selenium_edit_page,Success,True
.test_1_selenium_edit_page,Total:132 Passed:132 Failed:0
1624541339112,612,selenium_create_comment:write_comment,Success,True
1624541339720,608,selenium_create_comment:save_comment,Success,True
1624541339720,1498,selenium_create_comment,Success,True
.test_1_selenium_create_comment,Total:133 Passed:133 Failed:0
1624541341178,1456,selenium_view_blog,Success,True
.test_1_selenium_view_blog,Total:134 Passed:134 Failed:0
1624541341366,185,selenium_view_dashboard,Success,True
.test_1_selenium_view_dashboard,Total:135 Passed:135 Failed:0
1624541341480,112,selenium_log_out,Success,True
.test_2_selenium_z_log_out,Total:136 Passed:136 Failed:0


=============================== warnings summary ===============================
../../usr/local/lib/python3.8/dist-packages/_pytest/config/__init__.py:1114
  /usr/local/lib/python3.8/dist-packages/_pytest/config/__init__.py:1114: PytestAssertRewriteWarning: Module already imported so cannot be rewritten: apiritif
    self._mark_plugins_for_rewrite(hook)

-- Docs: https://docs.pytest.org/en/stable/warnings.html
========================= 8 passed, 1 warning in 7.16s =========================
============================= test session starts ==============================
platform linux -- Python 3.8.5, pytest-6.2.3, py-1.10.0, pluggy-0.13.1
rootdir: /dc-app-performance-toolkit/app
plugins: apiritif-0.9.6
collected 8 items

selenium_ui/confluence_ui.py get driver from global
clear browser cookies
node_id:36057380
1624541341657,121,selenium_login:open_login_page,Success,True
1624541342050,318,selenium_login:login_and_view_dashboard,Success,True
1624541342050,514,selenium_login,Success,True
.test_0_selenium_a_login,Total:137 Passed:137 Failed:0
1624541342432,348,selenium_view_page,Success,True
.test_1_selenium_view_page,Total:138 Passed:138 Failed:0
1624541343120,686,selenium_create_page:open_create_page_editor,Success,True
1624541343849,586,selenium_create_page:save_created_page,Success,True
1624541343849,1416,selenium_create_page,Success,True
.test_1_selenium_create_page,Total:139 Passed:139 Failed:0
1624541344833,982,selenium_edit_page:open_create_page_editor,Success,True
1624541345519,666,selenium_edit_page:save_edited_page,Success,True
1624541345519,1668,selenium_edit_page,Success,True
.test_1_selenium_edit_page,Total:140 Passed:140 Failed:0
1624541346500,723,selenium_create_comment:write_comment,Success,True
1624541346641,141,selenium_create_comment:save_comment,Success,True
1624541346641,1121,selenium_create_comment,Success,True
.test_1_selenium_create_comment,Total:141 Passed:141 Failed:0
1624541347330,687,selenium_view_blog,Success,True
.test_1_selenium_view_blog,Total:142 Passed:142 Failed:0
1624541347602,270,selenium_view_dashboard,Success,True
.test_1_selenium_view_dashboard,Total:143 Passed:143 Failed:0
1624541347705,101,selenium_log_out,Success,True
.test_2_selenium_z_log_out,Total:144 Passed:144 Failed:0


=============================== warnings summary ===============================
../../usr/local/lib/python3.8/dist-packages/_pytest/config/__init__.py:1114
  /usr/local/lib/python3.8/dist-packages/_pytest/config/__init__.py:1114: PytestAssertRewriteWarning: Module already imported so cannot be rewritten: apiritif
    self._mark_plugins_for_rewrite(hook)

-- Docs: https://docs.pytest.org/en/stable/warnings.html
========================= 8 passed, 1 warning in 6.19s =========================
============================= test session starts ==============================
platform linux -- Python 3.8.5, pytest-6.2.3, py-1.10.0, pluggy-0.13.1
rootdir: /dc-app-performance-toolkit/app
plugins: apiritif-0.9.6
collected 8 items

selenium_ui/confluence_ui.py get driver from global
clear browser cookies
node_id:36057380
1624541347883,115,selenium_login:open_login_page,Success,True
1624541348223,270,selenium_login:login_and_view_dashboard,Success,True
1624541348223,455,selenium_login,Success,True
.test_0_selenium_a_login,Total:145 Passed:145 Failed:0
1624541348598,342,selenium_view_page,Success,True
.test_1_selenium_view_page,Total:146 Passed:146 Failed:0
1624541349235,635,selenium_create_page:open_create_page_editor,Success,True
1624541349951,614,selenium_create_page:save_created_page,Success,True
1624541349951,1351,selenium_create_page,Success,True
.test_1_selenium_create_page,Total:147 Passed:147 Failed:0
1624541350952,999,selenium_edit_page:open_create_page_editor,Success,True
1624541351656,685,selenium_edit_page:save_edited_page,Success,True
1624541351656,1703,selenium_edit_page,Success,True
.test_1_selenium_edit_page,Total:148 Passed:148 Failed:0
1624541352674,709,selenium_create_comment:write_comment,Success,True
1624541353317,642,selenium_create_comment:save_comment,Success,True
1624541353317,1660,selenium_create_comment,Success,True
.test_1_selenium_create_comment,Total:149 Passed:149 Failed:0
1624541354187,868,selenium_view_blog,Success,True
.test_1_selenium_view_blog,Total:150 Passed:150 Failed:0
1624541354459,270,selenium_view_dashboard,Success,True
.test_1_selenium_view_dashboard,Total:151 Passed:151 Failed:0
1624541354567,107,selenium_log_out,Success,True
.test_2_selenium_z_log_out,Total:152 Passed:152 Failed:0


=============================== warnings summary ===============================
../../usr/local/lib/python3.8/dist-packages/_pytest/config/__init__.py:1114
  /usr/local/lib/python3.8/dist-packages/_pytest/config/__init__.py:1114: PytestAssertRewriteWarning: Module already imported so cannot be rewritten: apiritif
    self._mark_plugins_for_rewrite(hook)

-- Docs: https://docs.pytest.org/en/stable/warnings.html
========================= 8 passed, 1 warning in 6.83s =========================
============================= test session starts ==============================
platform linux -- Python 3.8.5, pytest-6.2.3, py-1.10.0, pluggy-0.13.1
rootdir: /dc-app-performance-toolkit/app
plugins: apiritif-0.9.6
collected 8 items

selenium_ui/confluence_ui.py get driver from global
clear browser cookies
node_id:36057380
1624541354742,112,selenium_login:open_login_page,Success,True
1624541355061,249,selenium_login:login_and_view_dashboard,Success,True
1624541355061,431,selenium_login,Success,True
.test_0_selenium_a_login,Total:153 Passed:153 Failed:0
1624541355373,296,selenium_view_page,Success,True
.test_1_selenium_view_page,Total:154 Passed:154 Failed:0
1624541356139,764,selenium_create_page:open_create_page_editor,Success,True
1624541356876,590,selenium_create_page:save_created_page,Success,True
1624541356876,1501,selenium_create_page,Success,True
.test_1_selenium_create_page,Total:155 Passed:155 Failed:0
1624541358890,2012,selenium_edit_page:open_create_page_editor,Success,True
1624541359602,692,selenium_edit_page:save_edited_page,Success,True
1624541359603,2725,selenium_edit_page,Success,True
.test_1_selenium_edit_page,Total:156 Passed:156 Failed:0
1624541360479,612,selenium_create_comment:write_comment,Success,True
1624541361081,601,selenium_create_comment:save_comment,Success,True
1624541361081,1477,selenium_create_comment,Success,True
.test_1_selenium_create_comment,Total:157 Passed:157 Failed:0
1624541361777,693,selenium_view_blog,Success,True
.test_1_selenium_view_blog,Total:158 Passed:158 Failed:0
1624541361958,179,selenium_view_dashboard,Success,True
.test_1_selenium_view_dashboard,Total:159 Passed:159 Failed:0
1624541362065,106,selenium_log_out,Success,True
.test_2_selenium_z_log_out,Total:160 Passed:160 Failed:0


=============================== warnings summary ===============================
../../usr/local/lib/python3.8/dist-packages/_pytest/config/__init__.py:1114
  /usr/local/lib/python3.8/dist-packages/_pytest/config/__init__.py:1114: PytestAssertRewriteWarning: Module already imported so cannot be rewritten: apiritif
    self._mark_plugins_for_rewrite(hook)

-- Docs: https://docs.pytest.org/en/stable/warnings.html
========================= 8 passed, 1 warning in 7.46s =========================
============================= test session starts ==============================
platform linux -- Python 3.8.5, pytest-6.2.3, py-1.10.0, pluggy-0.13.1
rootdir: /dc-app-performance-toolkit/app
plugins: apiritif-0.9.6
collected 8 items

selenium_ui/confluence_ui.py get driver from global
clear browser cookies
node_id:36057380
1624541362251,127,selenium_login:open_login_page,Success,True
1624541362600,278,selenium_login:login_and_view_dashboard,Success,True
1624541362600,475,selenium_login,Success,True
.test_0_selenium_a_login,Total:161 Passed:161 Failed:0
1624541363048,432,selenium_view_page,Success,True
.test_1_selenium_view_page,Total:162 Passed:162 Failed:0
1624541363665,615,selenium_create_page:open_create_page_editor,Success,True
1624541364358,585,selenium_create_page:save_created_page,Success,True
1624541364358,1308,selenium_create_page,Success,True
.test_1_selenium_create_page,Total:163 Passed:163 Failed:0
1624541365399,1039,selenium_edit_page:open_create_page_editor,Success,True
1624541366069,652,selenium_edit_page:save_edited_page,Success,True
1624541366069,1710,selenium_edit_page,Success,True
.test_1_selenium_edit_page,Total:164 Passed:164 Failed:0
1624541367012,617,selenium_create_comment:write_comment,Success,True
1624541367147,135,selenium_create_comment:save_comment,Success,True
1624541367147,1076,selenium_create_comment,Success,True
.test_1_selenium_create_comment,Total:165 Passed:165 Failed:0
1624541367819,670,selenium_view_blog,Success,True
.test_1_selenium_view_blog,Total:166 Passed:166 Failed:0
1624541368007,186,selenium_view_dashboard,Success,True
.test_1_selenium_view_dashboard,Total:167 Passed:167 Failed:0
1624541368110,101,selenium_log_out,Success,True
.test_2_selenium_z_log_out,Total:168 Passed:168 Failed:0


=============================== warnings summary ===============================
../../usr/local/lib/python3.8/dist-packages/_pytest/config/__init__.py:1114
  /usr/local/lib/python3.8/dist-packages/_pytest/config/__init__.py:1114: PytestAssertRewriteWarning: Module already imported so cannot be rewritten: apiritif
    self._mark_plugins_for_rewrite(hook)

-- Docs: https://docs.pytest.org/en/stable/warnings.html
========================= 8 passed, 1 warning in 6.01s =========================
============================= test session starts ==============================
platform linux -- Python 3.8.5, pytest-6.2.3, py-1.10.0, pluggy-0.13.1
rootdir: /dc-app-performance-toolkit/app
plugins: apiritif-0.9.6
collected 8 items

selenium_ui/confluence_ui.py get driver from global
clear browser cookies
node_id:36057380
1624541368285,114,selenium_login:open_login_page,Success,True
1624541368623,269,selenium_login:login_and_view_dashboard,Success,True
1624541368623,453,selenium_login,Success,True
.test_0_selenium_a_login,Total:169 Passed:169 Failed:0
1624541369018,379,selenium_view_page,Success,True
.test_1_selenium_view_page,Total:170 Passed:170 Failed:0
1624541369672,651,selenium_create_page:open_create_page_editor,Success,True
1624541370366,591,selenium_create_page:save_created_page,Success,True
1624541370366,1346,selenium_create_page,Success,True
.test_1_selenium_create_page,Total:171 Passed:171 Failed:0
1624541372451,2084,selenium_edit_page:open_create_page_editor,Success,True
1624541373154,684,selenium_edit_page:save_edited_page,Success,True
1624541373154,2786,selenium_edit_page,Success,True
.test_1_selenium_edit_page,Total:172 Passed:172 Failed:0
1624541374094,650,selenium_create_comment:write_comment,Success,True
1624541374221,127,selenium_create_comment:save_comment,Success,True
1624541374221,1066,selenium_create_comment,Success,True
.test_1_selenium_create_comment,Total:173 Passed:173 Failed:0
1624541374860,637,selenium_view_blog,Success,True
.test_1_selenium_view_blog,Total:174 Passed:174 Failed:0
1624541375238,377,selenium_view_dashboard,Success,True
.test_1_selenium_view_dashboard,Total:175 Passed:175 Failed:0
1624541375347,107,selenium_log_out,Success,True
.test_2_selenium_z_log_out,Total:176 Passed:176 Failed:0


=============================== warnings summary ===============================
../../usr/local/lib/python3.8/dist-packages/_pytest/config/__init__.py:1114
  /usr/local/lib/python3.8/dist-packages/_pytest/config/__init__.py:1114: PytestAssertRewriteWarning: Module already imported so cannot be rewritten: apiritif
    self._mark_plugins_for_rewrite(hook)

-- Docs: https://docs.pytest.org/en/stable/warnings.html
========================= 8 passed, 1 warning in 7.20s =========================
============================= test session starts ==============================
platform linux -- Python 3.8.5, pytest-6.2.3, py-1.10.0, pluggy-0.13.1
rootdir: /dc-app-performance-toolkit/app
plugins: apiritif-0.9.6
collected 8 items

selenium_ui/confluence_ui.py get driver from global
clear browser cookies
node_id:36057380
1624541375521,113,selenium_login:open_login_page,Success,True
1624541375897,307,selenium_login:login_and_view_dashboard,Success,True
1624541375897,490,selenium_login,Success,True
.test_0_selenium_a_login,Total:177 Passed:177 Failed:0
1624541376373,460,selenium_view_page,Success,True
.test_1_selenium_view_page,Total:178 Passed:178 Failed:0
1624541377128,754,selenium_create_page:open_create_page_editor,Success,True
1624541377834,592,selenium_create_page:save_created_page,Success,True
1624541377834,1459,selenium_create_page,Success,True
.test_1_selenium_create_page,Total:179 Passed:179 Failed:0
1624541380017,2181,selenium_edit_page:open_create_page_editor,Success,True
1624541380887,848,selenium_edit_page:save_edited_page,Success,True
1624541380887,3051,selenium_edit_page,Success,True
.test_1_selenium_edit_page,Total:180 Passed:180 Failed:0
1624541381666,292,selenium_create_comment:write_comment,Success,True
1624541382302,636,selenium_create_comment:save_comment,Success,True
1624541382303,1414,selenium_create_comment,Success,True
.test_1_selenium_create_comment,Total:181 Passed:181 Failed:0
1624541383012,708,selenium_view_blog,Success,True
.test_1_selenium_view_blog,Total:182 Passed:182 Failed:0
1624541383253,240,selenium_view_dashboard,Success,True
.test_1_selenium_view_dashboard,Total:183 Passed:183 Failed:0
1624541383364,109,selenium_log_out,Success,True
.test_2_selenium_z_log_out,Total:184 Passed:184 Failed:0


=============================== warnings summary ===============================
../../usr/local/lib/python3.8/dist-packages/_pytest/config/__init__.py:1114
  /usr/local/lib/python3.8/dist-packages/_pytest/config/__init__.py:1114: PytestAssertRewriteWarning: Module already imported so cannot be rewritten: apiritif
    self._mark_plugins_for_rewrite(hook)

-- Docs: https://docs.pytest.org/en/stable/warnings.html
========================= 8 passed, 1 warning in 7.98s =========================
============================= test session starts ==============================
platform linux -- Python 3.8.5, pytest-6.2.3, py-1.10.0, pluggy-0.13.1
rootdir: /dc-app-performance-toolkit/app
plugins: apiritif-0.9.6
collected 8 items

selenium_ui/confluence_ui.py get driver from global
clear browser cookies
node_id:36057380
1624541383547,120,selenium_login:open_login_page,Success,True
1624541383958,338,selenium_login:login_and_view_dashboard,Success,True
1624541383959,531,selenium_login,Success,True
.test_0_selenium_a_login,Total:185 Passed:185 Failed:0
1624541384319,343,selenium_view_page,Success,True
.test_1_selenium_view_page,Total:186 Passed:186 Failed:0
1624541384916,596,selenium_create_page:open_create_page_editor,Success,True
1624541385618,603,selenium_create_page:save_created_page,Success,True
1624541385618,1298,selenium_create_page,Success,True
.test_1_selenium_create_page,Total:187 Passed:187 Failed:0
1624541386596,976,selenium_edit_page:open_create_page_editor,Success,True
1624541387267,653,selenium_edit_page:save_edited_page,Success,True
1624541387267,1647,selenium_edit_page,Success,True
.test_1_selenium_edit_page,Total:188 Passed:188 Failed:0
1624541388126,604,selenium_create_comment:write_comment,Success,True
1624541388743,617,selenium_create_comment:save_comment,Success,True
1624541388743,1474,selenium_create_comment,Success,True
.test_1_selenium_create_comment,Total:189 Passed:189 Failed:0
1624541389502,757,selenium_view_blog,Success,True
.test_1_selenium_view_blog,Total:190 Passed:190 Failed:0
1624541389693,190,selenium_view_dashboard,Success,True
.test_1_selenium_view_dashboard,Total:191 Passed:191 Failed:0
1624541389799,104,selenium_log_out,Success,True
.test_2_selenium_z_log_out,Total:192 Passed:192 Failed:0


=============================== warnings summary ===============================
../../usr/local/lib/python3.8/dist-packages/_pytest/config/__init__.py:1114
  /usr/local/lib/python3.8/dist-packages/_pytest/config/__init__.py:1114: PytestAssertRewriteWarning: Module already imported so cannot be rewritten: apiritif
    self._mark_plugins_for_rewrite(hook)

-- Docs: https://docs.pytest.org/en/stable/warnings.html
========================= 8 passed, 1 warning in 6.40s =========================
============================= test session starts ==============================
platform linux -- Python 3.8.5, pytest-6.2.3, py-1.10.0, pluggy-0.13.1
rootdir: /dc-app-performance-toolkit/app
plugins: apiritif-0.9.6
collected 8 items

selenium_ui/confluence_ui.py get driver from global
clear browser cookies
node_id:36057380
1624541389972,117,selenium_login:open_login_page,Success,True
1624541390319,276,selenium_login:login_and_view_dashboard,Success,True
1624541390319,465,selenium_login,Success,True
.test_0_selenium_a_login,Total:193 Passed:193 Failed:0
1624541390603,268,selenium_view_page,Success,True
.test_1_selenium_view_page,Total:194 Passed:194 Failed:0
1624541391203,598,selenium_create_page:open_create_page_editor,Success,True
1624541391894,588,selenium_create_page:save_created_page,Success,True
1624541391894,1289,selenium_create_page,Success,True
.test_1_selenium_create_page,Total:195 Passed:195 Failed:0
1624541393889,1993,selenium_edit_page:open_create_page_editor,Success,True
1624541394555,645,selenium_edit_page:save_edited_page,Success,True
1624541394555,2659,selenium_edit_page,Success,True
.test_1_selenium_edit_page,Total:196 Passed:196 Failed:0
1624541395419,611,selenium_create_comment:write_comment,Success,True
1624541396055,635,selenium_create_comment:save_comment,Success,True
1624541396055,1498,selenium_create_comment,Success,True
.test_1_selenium_create_comment,Total:197 Passed:197 Failed:0
1624541396394,338,selenium_view_blog,Success,True
.test_1_selenium_view_blog,Total:198 Passed:198 Failed:0
1624541396558,161,selenium_view_dashboard,Success,True
.test_1_selenium_view_dashboard,Total:199 Passed:199 Failed:0
1624541396659,100,selenium_log_out,Success,True
.test_2_selenium_z_log_out,Total:200 Passed:200 Failed:0


=============================== warnings summary ===============================
../../usr/local/lib/python3.8/dist-packages/_pytest/config/__init__.py:1114
  /usr/local/lib/python3.8/dist-packages/_pytest/config/__init__.py:1114: PytestAssertRewriteWarning: Module already imported so cannot be rewritten: apiritif
    self._mark_plugins_for_rewrite(hook)

-- Docs: https://docs.pytest.org/en/stable/warnings.html
========================= 8 passed, 1 warning in 6.83s =========================
============================= test session starts ==============================
platform linux -- Python 3.8.5, pytest-6.2.3, py-1.10.0, pluggy-0.13.1
rootdir: /dc-app-performance-toolkit/app
plugins: apiritif-0.9.6
collected 8 items

selenium_ui/confluence_ui.py get driver from global
clear browser cookies
node_id:36057380
1624541396859,117,selenium_login:open_login_page,Success,True
1624541397226,266,selenium_login:login_and_view_dashboard,Success,True
1624541397226,485,selenium_login,Success,True
.test_0_selenium_a_login,Total:201 Passed:201 Failed:0
1624541397655,376,selenium_view_page,Success,True
.test_1_selenium_view_page,Total:202 Passed:202 Failed:0
1624541398403,746,selenium_create_page:open_create_page_editor,Success,True
1624541399147,599,selenium_create_page:save_created_page,Success,True
1624541399148,1491,selenium_create_page,Success,True
.test_1_selenium_create_page,Total:203 Passed:203 Failed:0
1624541401252,2103,selenium_edit_page:open_create_page_editor,Success,True
1624541401927,656,selenium_edit_page:save_edited_page,Success,True
1624541401927,2778,selenium_edit_page,Success,True
.test_1_selenium_edit_page,Total:204 Passed:204 Failed:0
1624541402931,637,selenium_create_comment:write_comment,Success,True
1624541403058,127,selenium_create_comment:save_comment,Success,True
1624541403058,1129,selenium_create_comment,Success,True
.test_1_selenium_create_comment,Total:205 Passed:205 Failed:0
1624541403875,815,selenium_view_blog,Success,True
.test_1_selenium_view_blog,Total:206 Passed:206 Failed:0
1624541404155,278,selenium_view_dashboard,Success,True
.test_1_selenium_view_dashboard,Total:207 Passed:207 Failed:0
1624541404259,102,selenium_log_out,Success,True
.test_2_selenium_z_log_out,Total:208 Passed:208 Failed:0


=============================== warnings summary ===============================
../../usr/local/lib/python3.8/dist-packages/_pytest/config/__init__.py:1114
  /usr/local/lib/python3.8/dist-packages/_pytest/config/__init__.py:1114: PytestAssertRewriteWarning: Module already imported so cannot be rewritten: apiritif
    self._mark_plugins_for_rewrite(hook)

-- Docs: https://docs.pytest.org/en/stable/warnings.html
========================= 8 passed, 1 warning in 7.54s =========================
============================= test session starts ==============================
platform linux -- Python 3.8.5, pytest-6.2.3, py-1.10.0, pluggy-0.13.1
rootdir: /dc-app-performance-toolkit/app
plugins: apiritif-0.9.6
collected 8 items

selenium_ui/confluence_ui.py get driver from global
clear browser cookies
node_id:36057380
1624541404438,114,selenium_login:open_login_page,Success,True
1624541404758,249,selenium_login:login_and_view_dashboard,Success,True
1624541404758,435,selenium_login,Success,True
.test_0_selenium_a_login,Total:209 Passed:209 Failed:0
1624541405181,377,selenium_view_page,Success,True
.test_1_selenium_view_page,Total:210 Passed:210 Failed:0
1624541405782,599,selenium_create_page:open_create_page_editor,Success,True
1624541406483,598,selenium_create_page:save_created_page,Success,True
1624541406484,1301,selenium_create_page,Success,True
.test_1_selenium_create_page,Total:211 Passed:211 Failed:0
1624541408498,2013,selenium_edit_page:open_create_page_editor,Success,True
1624541409244,727,selenium_edit_page:save_edited_page,Success,True
1624541409244,2759,selenium_edit_page,Success,True
.test_1_selenium_edit_page,Total:212 Passed:212 Failed:0
1624541410130,619,selenium_create_comment:write_comment,Success,True
1624541410781,650,selenium_create_comment:save_comment,Success,True
1624541410781,1535,selenium_create_comment,Success,True
.test_1_selenium_create_comment,Total:213 Passed:213 Failed:0
1624541412195,1412,selenium_view_blog,Success,True
.test_1_selenium_view_blog,Total:214 Passed:214 Failed:0
1624541412383,186,selenium_view_dashboard,Success,True
.test_1_selenium_view_dashboard,Total:215 Passed:215 Failed:0
1624541412491,107,selenium_log_out,Success,True
.test_2_selenium_z_log_out,Total:216 Passed:216 Failed:0


=============================== warnings summary ===============================
../../usr/local/lib/python3.8/dist-packages/_pytest/config/__init__.py:1114
  /usr/local/lib/python3.8/dist-packages/_pytest/config/__init__.py:1114: PytestAssertRewriteWarning: Module already imported so cannot be rewritten: apiritif
    self._mark_plugins_for_rewrite(hook)

-- Docs: https://docs.pytest.org/en/stable/warnings.html
========================= 8 passed, 1 warning in 8.20s =========================
============================= test session starts ==============================
platform linux -- Python 3.8.5, pytest-6.2.3, py-1.10.0, pluggy-0.13.1
rootdir: /dc-app-performance-toolkit/app
plugins: apiritif-0.9.6
collected 8 items

selenium_ui/confluence_ui.py get driver from global
clear browser cookies
node_id:36057380
1624541412662,112,selenium_login:open_login_page,Success,True
1624541412996,265,selenium_login:login_and_view_dashboard,Success,True
1624541412996,447,selenium_login,Success,True
.test_0_selenium_a_login,Total:217 Passed:217 Failed:0
1624541413401,389,selenium_view_page,Success,True
.test_1_selenium_view_page,Total:218 Passed:218 Failed:0
1624541414040,637,selenium_create_page:open_create_page_editor,Success,True
1624541414733,585,selenium_create_page:save_created_page,Success,True
1624541414733,1330,selenium_create_page,Success,True
.test_1_selenium_create_page,Total:219 Passed:219 Failed:0
1624541416805,2070,selenium_edit_page:open_create_page_editor,Success,True
1624541417519,692,selenium_edit_page:save_edited_page,Success,True
1624541417519,2784,selenium_edit_page,Success,True
.test_1_selenium_edit_page,Total:220 Passed:220 Failed:0
1624541418465,612,selenium_create_comment:write_comment,Success,True
1624541419073,607,selenium_create_comment:save_comment,Success,True
1624541419073,1553,selenium_create_comment,Success,True
.test_1_selenium_create_comment,Total:221 Passed:221 Failed:0
1624541419602,527,selenium_view_blog,Success,True
.test_1_selenium_view_blog,Total:222 Passed:222 Failed:0
1624541419784,181,selenium_view_dashboard,Success,True
.test_1_selenium_view_dashboard,Total:223 Passed:223 Failed:0
1624541419910,124,selenium_log_out,Success,True
.test_2_selenium_z_log_out,Total:224 Passed:224 Failed:0


=============================== warnings summary ===============================
../../usr/local/lib/python3.8/dist-packages/_pytest/config/__init__.py:1114
  /usr/local/lib/python3.8/dist-packages/_pytest/config/__init__.py:1114: PytestAssertRewriteWarning: Module already imported so cannot be rewritten: apiritif
    self._mark_plugins_for_rewrite(hook)

-- Docs: https://docs.pytest.org/en/stable/warnings.html
========================= 8 passed, 1 warning in 7.38s =========================
============================= test session starts ==============================
platform linux -- Python 3.8.5, pytest-6.2.3, py-1.10.0, pluggy-0.13.1
rootdir: /dc-app-performance-toolkit/app
plugins: apiritif-0.9.6
collected 8 items

selenium_ui/confluence_ui.py get driver from global
clear browser cookies
node_id:36057380
1624541420082,120,selenium_login:open_login_page,Success,True
1624541420438,285,selenium_login:login_and_view_dashboard,Success,True
1624541420438,477,selenium_login,Success,True
.test_0_selenium_a_login,Total:225 Passed:225 Failed:0
1624541420796,331,selenium_view_page,Success,True
.test_1_selenium_view_page,Total:226 Passed:226 Failed:0
1624541421480,682,selenium_create_page:open_create_page_editor,Success,True
1624541422178,591,selenium_create_page:save_created_page,Success,True
1624541422178,1380,selenium_create_page,Success,True
.test_1_selenium_create_page,Total:227 Passed:227 Failed:0
1624541424257,2077,selenium_edit_page:open_create_page_editor,Success,True
1624541424890,614,selenium_edit_page:save_edited_page,Success,True
1624541424890,2710,selenium_edit_page,Success,True
.test_1_selenium_edit_page,Total:228 Passed:228 Failed:0
1624541425924,709,selenium_create_comment:write_comment,Success,True
1624541426585,660,selenium_create_comment:save_comment,Success,True
1624541426585,1694,selenium_create_comment,Success,True
.test_1_selenium_create_comment,Total:229 Passed:229 Failed:0
1624541427067,480,selenium_view_blog,Success,True
.test_1_selenium_view_blog,Total:230 Passed:230 Failed:0
1624541427327,257,selenium_view_dashboard,Success,True
.test_1_selenium_view_dashboard,Total:231 Passed:231 Failed:0
1624541427433,105,selenium_log_out,Success,True
.test_2_selenium_z_log_out,Total:232 Passed:232 Failed:0


=============================== warnings summary ===============================
../../usr/local/lib/python3.8/dist-packages/_pytest/config/__init__.py:1114
  /usr/local/lib/python3.8/dist-packages/_pytest/config/__init__.py:1114: PytestAssertRewriteWarning: Module already imported so cannot be rewritten: apiritif
    self._mark_plugins_for_rewrite(hook)

-- Docs: https://docs.pytest.org/en/stable/warnings.html
========================= 8 passed, 1 warning in 7.49s =========================
============================= test session starts ==============================
platform linux -- Python 3.8.5, pytest-6.2.3, py-1.10.0, pluggy-0.13.1
rootdir: /dc-app-performance-toolkit/app
plugins: apiritif-0.9.6
collected 8 items

selenium_ui/confluence_ui.py get driver from global
clear browser cookies
node_id:36057380
1624541427612,113,selenium_login:open_login_page,Success,True
1624541427983,301,selenium_login:login_and_view_dashboard,Success,True
1624541427983,483,selenium_login,Success,True
.test_0_selenium_a_login,Total:233 Passed:233 Failed:0
1624541428340,328,selenium_view_page,Success,True
.test_1_selenium_view_page,Total:234 Passed:234 Failed:0
1624541429017,675,selenium_create_page:open_create_page_editor,Success,True
1624541429733,610,selenium_create_page:save_created_page,Success,True
1624541429733,1391,selenium_create_page,Success,True
.test_1_selenium_create_page,Total:235 Passed:235 Failed:0
1624541430787,1053,selenium_edit_page:open_create_page_editor,Success,True
1624541431413,605,selenium_edit_page:save_edited_page,Success,True
1624541431413,1678,selenium_edit_page,Success,True
.test_1_selenium_edit_page,Total:236 Passed:236 Failed:0
1624541432387,624,selenium_create_comment:write_comment,Success,True
1624541433006,618,selenium_create_comment:save_comment,Success,True
1624541433006,1592,selenium_create_comment,Success,True
.test_1_selenium_create_comment,Total:237 Passed:237 Failed:0
1624541433570,562,selenium_view_blog,Success,True
.test_1_selenium_view_blog,Total:238 Passed:238 Failed:0
1624541433849,277,selenium_view_dashboard,Success,True
.test_1_selenium_view_dashboard,Total:239 Passed:239 Failed:0
1624541433953,102,selenium_log_out,Success,True
.test_2_selenium_z_log_out,Total:240 Passed:240 Failed:0


=============================== warnings summary ===============================
../../usr/local/lib/python3.8/dist-packages/_pytest/config/__init__.py:1114
  /usr/local/lib/python3.8/dist-packages/_pytest/config/__init__.py:1114: PytestAssertRewriteWarning: Module already imported so cannot be rewritten: apiritif
    self._mark_plugins_for_rewrite(hook)

-- Docs: https://docs.pytest.org/en/stable/warnings.html
========================= 8 passed, 1 warning in 6.49s =========================
============================= test session starts ==============================
platform linux -- Python 3.8.5, pytest-6.2.3, py-1.10.0, pluggy-0.13.1
rootdir: /dc-app-performance-toolkit/app
plugins: apiritif-0.9.6
collected 8 items

selenium_ui/confluence_ui.py get driver from global
clear browser cookies
node_id:36057380
1624541434130,115,selenium_login:open_login_page,Success,True
1624541434453,251,selenium_login:login_and_view_dashboard,Success,True
1624541434453,438,selenium_login,Success,True
.test_0_selenium_a_login,Total:241 Passed:241 Failed:0
1624541435214,736,selenium_view_page,Success,True
.test_1_selenium_view_page,Total:242 Passed:242 Failed:0
1624541435971,755,selenium_create_page:open_create_page_editor,Success,True
1624541436674,594,selenium_create_page:save_created_page,Success,True
1624541436674,1458,selenium_create_page,Success,True
.test_1_selenium_create_page,Total:243 Passed:243 Failed:0
1624541437977,1302,selenium_edit_page:open_create_page_editor,Success,True
1624541438916,919,selenium_edit_page:save_edited_page,Success,True
1624541438917,2241,selenium_edit_page,Success,True
.test_1_selenium_edit_page,Total:244 Passed:244 Failed:0
1624541439952,659,selenium_create_comment:write_comment,Success,True
1624541440098,146,selenium_create_comment:save_comment,Success,True
1624541440099,1180,selenium_create_comment,Success,True
.test_1_selenium_create_comment,Total:245 Passed:245 Failed:0
1624541440905,805,selenium_view_blog,Success,True
.test_1_selenium_view_blog,Total:246 Passed:246 Failed:0
1624541441107,200,selenium_view_dashboard,Success,True
.test_1_selenium_view_dashboard,Total:247 Passed:247 Failed:0
1624541441217,108,selenium_log_out,Success,True
.test_2_selenium_z_log_out,Total:248 Passed:248 Failed:0


=============================== warnings summary ===============================
../../usr/local/lib/python3.8/dist-packages/_pytest/config/__init__.py:1114
  /usr/local/lib/python3.8/dist-packages/_pytest/config/__init__.py:1114: PytestAssertRewriteWarning: Module already imported so cannot be rewritten: apiritif
    self._mark_plugins_for_rewrite(hook)

-- Docs: https://docs.pytest.org/en/stable/warnings.html
========================= 8 passed, 1 warning in 7.23s =========================
============================= test session starts ==============================
platform linux -- Python 3.8.5, pytest-6.2.3, py-1.10.0, pluggy-0.13.1
rootdir: /dc-app-performance-toolkit/app
plugins: apiritif-0.9.6
collected 8 items

selenium_ui/confluence_ui.py get driver from global
clear browser cookies
node_id:36057380
1624541441385,110,selenium_login:open_login_page,Success,True
1624541441766,308,selenium_login:login_and_view_dashboard,Success,True
1624541441766,492,selenium_login,Success,True
.test_0_selenium_a_login,Total:249 Passed:249 Failed:0
1624541442235,452,selenium_view_page,Success,True
.test_1_selenium_view_page,Total:250 Passed:250 Failed:0
1624541442968,731,selenium_create_page:open_create_page_editor,Success,True
1624541443659,589,selenium_create_page:save_created_page,Success,True
1624541443659,1422,selenium_create_page,Success,True
.test_1_selenium_create_page,Total:251 Passed:251 Failed:0
1624541446416,2755,selenium_edit_page:open_create_page_editor,Success,True
1624541447328,893,selenium_edit_page:save_edited_page,Success,True
1624541447328,3667,selenium_edit_page,Success,True
.test_1_selenium_edit_page,Total:252 Passed:252 Failed:0
1624541448514,761,selenium_create_comment:write_comment,Success,True
1624541449120,606,selenium_create_comment:save_comment,Success,True
1624541449120,1791,selenium_create_comment,Success,True
.test_1_selenium_create_comment,Total:253 Passed:253 Failed:0
1624541449555,433,selenium_view_blog,Success,True
.test_1_selenium_view_blog,Total:254 Passed:254 Failed:0
1624541449791,234,selenium_view_dashboard,Success,True
.test_1_selenium_view_dashboard,Total:255 Passed:255 Failed:0
1624541449905,111,selenium_log_out,Success,True
.test_2_selenium_z_log_out,Total:256 Passed:256 Failed:0


=============================== warnings summary ===============================
../../usr/local/lib/python3.8/dist-packages/_pytest/config/__init__.py:1114
  /usr/local/lib/python3.8/dist-packages/_pytest/config/__init__.py:1114: PytestAssertRewriteWarning: Module already imported so cannot be rewritten: apiritif
    self._mark_plugins_for_rewrite(hook)

-- Docs: https://docs.pytest.org/en/stable/warnings.html
========================= 8 passed, 1 warning in 8.65s =========================
============================= test session starts ==============================
platform linux -- Python 3.8.5, pytest-6.2.3, py-1.10.0, pluggy-0.13.1
rootdir: /dc-app-performance-toolkit/app
plugins: apiritif-0.9.6
collected 8 items

selenium_ui/confluence_ui.py get driver from global
clear browser cookies
node_id:36057380
1624541450114,146,selenium_login:open_login_page,Success,True
1624541450590,403,selenium_login:login_and_view_dashboard,Success,True
1624541450590,622,selenium_login,Success,True
.test_0_selenium_a_login,Total:257 Passed:257 Failed:0
1624541451064,458,selenium_view_page,Success,True
.test_1_selenium_view_page,Total:258 Passed:258 Failed:0
1624541451874,808,selenium_create_page:open_create_page_editor,Success,True
1624541452576,591,selenium_create_page:save_created_page,Success,True
1624541452576,1510,selenium_create_page,Success,True
.test_1_selenium_create_page,Total:259 Passed:259 Failed:0
1624541454637,2060,selenium_edit_page:open_create_page_editor,Success,True
1624541455317,660,selenium_edit_page:save_edited_page,Success,True
1624541455318,2740,selenium_edit_page,Success,True
.test_1_selenium_edit_page,Total:260 Passed:260 Failed:0
1624541456322,732,selenium_create_comment:write_comment,Success,True
1624541456966,643,selenium_create_comment:save_comment,Success,True
1624541456966,1647,selenium_create_comment,Success,True
.test_1_selenium_create_comment,Total:261 Passed:261 Failed:0
1624541457378,410,selenium_view_blog,Success,True
.test_1_selenium_view_blog,Total:262 Passed:262 Failed:0
1624541457614,234,selenium_view_dashboard,Success,True
.test_1_selenium_view_dashboard,Total:263 Passed:263 Failed:0
1624541457722,106,selenium_log_out,Success,True
.test_2_selenium_z_log_out,Total:264 Passed:264 Failed:0


=============================== warnings summary ===============================
../../usr/local/lib/python3.8/dist-packages/_pytest/config/__init__.py:1114
  /usr/local/lib/python3.8/dist-packages/_pytest/config/__init__.py:1114: PytestAssertRewriteWarning: Module already imported so cannot be rewritten: apiritif
    self._mark_plugins_for_rewrite(hook)

-- Docs: https://docs.pytest.org/en/stable/warnings.html
========================= 8 passed, 1 warning in 7.78s =========================
============================= test session starts ==============================
platform linux -- Python 3.8.5, pytest-6.2.3, py-1.10.0, pluggy-0.13.1
rootdir: /dc-app-performance-toolkit/app
plugins: apiritif-0.9.6
collected 8 items

selenium_ui/confluence_ui.py get driver from global
clear browser cookies
node_id:36057380
1624541457897,111,selenium_login:open_login_page,Success,True
1624541458225,258,selenium_login:login_and_view_dashboard,Success,True
1624541458225,439,selenium_login,Success,True
.test_0_selenium_a_login,Total:265 Passed:265 Failed:0
1624541458669,421,selenium_view_page,Success,True
.test_1_selenium_view_page,Total:266 Passed:266 Failed:0
1624541459309,639,selenium_create_page:open_create_page_editor,Success,True
1624541460010,597,selenium_create_page:save_created_page,Success,True
1624541460010,1340,selenium_create_page,Success,True
.test_1_selenium_create_page,Total:267 Passed:267 Failed:0
1624541460992,980,selenium_edit_page:open_create_page_editor,Success,True
1624541461811,800,selenium_edit_page:save_edited_page,Success,True
1624541461811,1799,selenium_edit_page,Success,True
.test_1_selenium_edit_page,Total:268 Passed:268 Failed:0
1624541462700,621,selenium_create_comment:write_comment,Success,True
1624541463320,619,selenium_create_comment:save_comment,Success,True
1624541463320,1507,selenium_create_comment,Success,True
.test_1_selenium_create_comment,Total:269 Passed:269 Failed:0
1624541464146,824,selenium_view_blog,Success,True
.test_1_selenium_view_blog,Total:270 Passed:270 Failed:0
1624541464338,190,selenium_view_dashboard,Success,True
.test_1_selenium_view_dashboard,Total:271 Passed:271 Failed:0
1624541464446,106,selenium_log_out,Success,True
.test_2_selenium_z_log_out,Total:272 Passed:272 Failed:0


=============================== warnings summary ===============================
../../usr/local/lib/python3.8/dist-packages/_pytest/config/__init__.py:1114
  /usr/local/lib/python3.8/dist-packages/_pytest/config/__init__.py:1114: PytestAssertRewriteWarning: Module already imported so cannot be rewritten: apiritif
    self._mark_plugins_for_rewrite(hook)

-- Docs: https://docs.pytest.org/en/stable/warnings.html
========================= 8 passed, 1 warning in 6.69s =========================
============================= test session starts ==============================
platform linux -- Python 3.8.5, pytest-6.2.3, py-1.10.0, pluggy-0.13.1
rootdir: /dc-app-performance-toolkit/app
plugins: apiritif-0.9.6
collected 8 items

selenium_ui/confluence_ui.py get driver from global
clear browser cookies
node_id:36057380
1624541464615,113,selenium_login:open_login_page,Success,True
1624541464957,268,selenium_login:login_and_view_dashboard,Success,True
1624541464957,456,selenium_login,Success,True
.test_0_selenium_a_login,Total:273 Passed:273 Failed:0
1624541465484,511,selenium_view_page,Success,True
.test_1_selenium_view_page,Total:274 Passed:274 Failed:0
1624541466161,676,selenium_create_page:open_create_page_editor,Success,True
1624541466830,564,selenium_create_page:save_created_page,Success,True
1624541466830,1345,selenium_create_page,Success,True
.test_1_selenium_create_page,Total:275 Passed:275 Failed:0
1624541467832,1000,selenium_edit_page:open_create_page_editor,Success,True
1624541468622,770,selenium_edit_page:save_edited_page,Success,True
1624541468622,1790,selenium_edit_page,Success,True
.test_1_selenium_edit_page,Total:276 Passed:276 Failed:0
1624541469639,614,selenium_create_comment:write_comment,Success,True
1624541470251,611,selenium_create_comment:save_comment,Success,True
1624541470251,1627,selenium_create_comment,Success,True
.test_1_selenium_create_comment,Total:277 Passed:277 Failed:0
1624541470960,707,selenium_view_blog,Success,True
.test_1_selenium_view_blog,Total:278 Passed:278 Failed:0
1624541471154,192,selenium_view_dashboard,Success,True
.test_1_selenium_view_dashboard,Total:279 Passed:279 Failed:0
1624541471252,97,selenium_log_out,Success,True
.test_2_selenium_z_log_out,Total:280 Passed:280 Failed:0


=============================== warnings summary ===============================
../../usr/local/lib/python3.8/dist-packages/_pytest/config/__init__.py:1114
  /usr/local/lib/python3.8/dist-packages/_pytest/config/__init__.py:1114: PytestAssertRewriteWarning: Module already imported so cannot be rewritten: apiritif
    self._mark_plugins_for_rewrite(hook)

-- Docs: https://docs.pytest.org/en/stable/warnings.html
========================= 8 passed, 1 warning in 6.77s =========================
============================= test session starts ==============================
platform linux -- Python 3.8.5, pytest-6.2.3, py-1.10.0, pluggy-0.13.1
rootdir: /dc-app-performance-toolkit/app
plugins: apiritif-0.9.6
collected 8 items

selenium_ui/confluence_ui.py get driver from global
clear browser cookies
node_id:36057380
1624541471417,114,selenium_login:open_login_page,Success,True
1624541471803,317,selenium_login:login_and_view_dashboard,Success,True
1624541471804,501,selenium_login,Success,True
.test_0_selenium_a_login,Total:281 Passed:281 Failed:0
1624541472156,336,selenium_view_page,Success,True
.test_1_selenium_view_page,Total:282 Passed:282 Failed:0
1624541472895,738,selenium_create_page:open_create_page_editor,Success,True
1624541473587,590,selenium_create_page:save_created_page,Success,True
1624541473587,1429,selenium_create_page,Success,True
.test_1_selenium_create_page,Total:283 Passed:283 Failed:0
1624541474679,1091,selenium_edit_page:open_create_page_editor,Success,True
1624541475387,685,selenium_edit_page:save_edited_page,Success,True
1624541475387,1799,selenium_edit_page,Success,True
.test_1_selenium_edit_page,Total:284 Passed:284 Failed:0
[...]
.test_0_selenium_a_login,Total:2953 Passed:2953 Failed:0
1624543856122,398,selenium_view_page,Success,True
.test_1_selenium_view_page,Total:2954 Passed:2954 Failed:0
1624543856806,682,selenium_create_page:open_create_page_editor,Success,True
1624543857524,616,selenium_create_page:save_created_page,Success,True
1624543857524,1401,selenium_create_page,Success,True
.test_1_selenium_create_page,Total:2955 Passed:2955 Failed:0
1624543858725,1199,selenium_edit_page:open_create_page_editor,Success,True
1624543859614,870,selenium_edit_page:save_edited_page,Success,True
1624543859615,2089,selenium_edit_page,Success,True
.test_1_selenium_edit_page,Total:2956 Passed:2956 Failed:0
1624543860669,677,selenium_create_comment:write_comment,Success,True
1624543860811,142,selenium_create_comment:save_comment,Success,True
1624543860811,1194,selenium_create_comment,Success,True
.test_1_selenium_create_comment,Total:2957 Passed:2957 Failed:0
1624543861186,373,selenium_view_blog,Success,True
.test_1_selenium_view_blog,Total:2958 Passed:2958 Failed:0
1624543861355,167,selenium_view_dashboard,Success,True
.test_1_selenium_view_dashboard,Total:2959 Passed:2959 Failed:0
1624543861461,104,selenium_log_out,Success,True
.test_2_selenium_z_log_out,Total:2960 Passed:2960 Failed:0


=============================== warnings summary ===============================
../../usr/local/lib/python3.8/dist-packages/_pytest/config/__init__.py:1114
  /usr/local/lib/python3.8/dist-packages/_pytest/config/__init__.py:1114: PytestAssertRewriteWarning: Module already imported so cannot be rewritten: apiritif
    self._mark_plugins_for_rewrite(hook)

-- Docs: https://docs.pytest.org/en/stable/warnings.html
========================= 8 passed, 1 warning in 6.22s =========================
============================= test session starts ==============================
platform linux -- Python 3.8.5, pytest-6.2.3, py-1.10.0, pluggy-0.13.1
rootdir: /dc-app-performance-toolkit/app
plugins: apiritif-0.9.6
collected 8 items

selenium_ui/confluence_ui.py get driver from global
clear browser cookies
node_id:36057380
1624543861636,115,selenium_login:open_login_page,Success,True
1624543862014,301,selenium_login:login_and_view_dashboard,Success,True
1624543862014,492,selenium_login,Success,True
.test_0_selenium_a_login,Total:2961 Passed:2961 Failed:0
1624543862456,421,selenium_view_page,Success,True
.test_1_selenium_view_page,Total:2962 Passed:2962 Failed:0
1624543863157,700,selenium_create_page:open_create_page_editor,Success,True
1624543863880,591,selenium_create_page:save_created_page,Success,True
1624543863880,1423,selenium_create_page,Success,True
.test_1_selenium_create_page,Total:2963 Passed:2963 Failed:0
1624543865019,1137,selenium_edit_page:open_create_page_editor,Success,True
1624543865740,701,selenium_edit_page:save_edited_page,Success,True
1624543865740,1857,selenium_edit_page,Success,True
.test_1_selenium_edit_page,Total:2964 Passed:2964 Failed:0
1624543866900,751,selenium_create_comment:write_comment,Success,True
1624543867534,634,selenium_create_comment:save_comment,Success,True
1624543867535,1793,selenium_create_comment,Success,True
.test_1_selenium_create_comment,Total:2965 Passed:2965 Failed:0
1624543867969,432,selenium_view_blog,Success,True
.test_1_selenium_view_blog,Total:2966 Passed:2966 Failed:0
1624543868264,293,selenium_view_dashboard,Success,True
.test_1_selenium_view_dashboard,Total:2967 Passed:2967 Failed:0
1624543868371,106,selenium_log_out,Success,True
.test_2_selenium_z_log_out,Total:2968 Passed:2968 Failed:0


=============================== warnings summary ===============================
../../usr/local/lib/python3.8/dist-packages/_pytest/config/__init__.py:1114
  /usr/local/lib/python3.8/dist-packages/_pytest/config/__init__.py:1114: PytestAssertRewriteWarning: Module already imported so cannot be rewritten: apiritif
    self._mark_plugins_for_rewrite(hook)

-- Docs: https://docs.pytest.org/en/stable/warnings.html
========================= 8 passed, 1 warning in 6.87s =========================
============================= test session starts ==============================
platform linux -- Python 3.8.5, pytest-6.2.3, py-1.10.0, pluggy-0.13.1
rootdir: /dc-app-performance-toolkit/app
plugins: apiritif-0.9.6
collected 8 items

selenium_ui/confluence_ui.py get driver from global
clear browser cookies
node_id:36057380
1624543868602,116,selenium_login:open_login_page,Success,True
1624543868932,260,selenium_login:login_and_view_dashboard,Success,True
1624543868932,447,selenium_login,Success,True
.test_0_selenium_a_login,Total:2969 Passed:2969 Failed:0
1624543869303,354,selenium_view_page,Success,True
.test_1_selenium_view_page,Total:2970 Passed:2970 Failed:0
1624543869923,618,selenium_create_page:open_create_page_editor,Success,True
1624543870617,591,selenium_create_page:save_created_page,Success,True
1624543870617,1312,selenium_create_page,Success,True
.test_1_selenium_create_page,Total:2971 Passed:2971 Failed:0
1624543872664,2045,selenium_edit_page:open_create_page_editor,Success,True
1624543873477,789,selenium_edit_page:save_edited_page,Success,True
1624543873477,2858,selenium_edit_page,Success,True
.test_1_selenium_edit_page,Total:2972 Passed:2972 Failed:0
1624543874145,309,selenium_create_comment:write_comment,Success,True
1624543874275,129,selenium_create_comment:save_comment,Success,True
1624543874276,797,selenium_create_comment,Success,True
.test_1_selenium_create_comment,Total:2973 Passed:2973 Failed:0
1624543875627,1349,selenium_view_blog,Success,True
.test_1_selenium_view_blog,Total:2974 Passed:2974 Failed:0
1624543875877,248,selenium_view_dashboard,Success,True
.test_1_selenium_view_dashboard,Total:2975 Passed:2975 Failed:0
1624543875988,110,selenium_log_out,Success,True
.test_2_selenium_z_log_out,Total:2976 Passed:2976 Failed:0


=============================== warnings summary ===============================
../../usr/local/lib/python3.8/dist-packages/_pytest/config/__init__.py:1114
  /usr/local/lib/python3.8/dist-packages/_pytest/config/__init__.py:1114: PytestAssertRewriteWarning: Module already imported so cannot be rewritten: apiritif
    self._mark_plugins_for_rewrite(hook)

-- Docs: https://docs.pytest.org/en/stable/warnings.html
========================= 8 passed, 1 warning in 7.53s =========================
============================= test session starts ==============================
platform linux -- Python 3.8.5, pytest-6.2.3, py-1.10.0, pluggy-0.13.1
rootdir: /dc-app-performance-toolkit/app
plugins: apiritif-0.9.6
collected 8 items

selenium_ui/confluence_ui.py get driver from global
clear browser cookies
node_id:36057380
1624543876164,115,selenium_login:open_login_page,Success,True
1624543876555,320,selenium_login:login_and_view_dashboard,Success,True
1624543876555,506,selenium_login,Success,True
.test_0_selenium_a_login,Total:2977 Passed:2977 Failed:0
1624543876914,343,selenium_view_page,Success,True
.test_1_selenium_view_page,Total:2978 Passed:2978 Failed:0
1624543877617,700,selenium_create_page:open_create_page_editor,Success,True
1624543878354,600,selenium_create_page:save_created_page,Success,True
1624543878354,1438,selenium_create_page,Success,True
.test_1_selenium_create_page,Total:2979 Passed:2979 Failed:0
1624543880422,2066,selenium_edit_page:open_create_page_editor,Success,True
1624543881122,680,selenium_edit_page:save_edited_page,Success,True
1624543881122,2766,selenium_edit_page,Success,True
.test_1_selenium_edit_page,Total:2980 Passed:2980 Failed:0
1624543882050,655,selenium_create_comment:write_comment,Success,True
1624543882701,650,selenium_create_comment:save_comment,Success,True
1624543882701,1577,selenium_create_comment,Success,True
.test_1_selenium_create_comment,Total:2981 Passed:2981 Failed:0
1624543883108,405,selenium_view_blog,Success,True
.test_1_selenium_view_blog,Total:2982 Passed:2982 Failed:0
1624543883370,260,selenium_view_dashboard,Success,True
.test_1_selenium_view_dashboard,Total:2983 Passed:2983 Failed:0
1624543883481,110,selenium_log_out,Success,True
.test_2_selenium_z_log_out,Total:2984 Passed:2984 Failed:0


=============================== warnings summary ===============================
../../usr/local/lib/python3.8/dist-packages/_pytest/config/__init__.py:1114
  /usr/local/lib/python3.8/dist-packages/_pytest/config/__init__.py:1114: PytestAssertRewriteWarning: Module already imported so cannot be rewritten: apiritif
    self._mark_plugins_for_rewrite(hook)

-- Docs: https://docs.pytest.org/en/stable/warnings.html
========================= 8 passed, 1 warning in 7.46s =========================
============================= test session starts ==============================
platform linux -- Python 3.8.5, pytest-6.2.3, py-1.10.0, pluggy-0.13.1
rootdir: /dc-app-performance-toolkit/app
plugins: apiritif-0.9.6
collected 8 items

selenium_ui/confluence_ui.py get driver from global
clear browser cookies
node_id:36057380
1624543883686,147,selenium_login:open_login_page,Success,True
1624543884051,288,selenium_login:login_and_view_dashboard,Success,True
1624543884051,513,selenium_login,Success,True
.test_0_selenium_a_login,Total:2985 Passed:2985 Failed:0
1624543884419,346,selenium_view_page,Success,True
.test_1_selenium_view_page,Total:2986 Passed:2986 Failed:0
1624543885035,614,selenium_create_page:open_create_page_editor,Success,True
1624543885744,602,selenium_create_page:save_created_page,Success,True
1624543885744,1324,selenium_create_page,Success,True
.test_1_selenium_create_page,Total:2987 Passed:2987 Failed:0
1624543887806,2060,selenium_edit_page:open_create_page_editor,Success,True
1624543888551,725,selenium_edit_page:save_edited_page,Success,True
1624543888551,2805,selenium_edit_page,Success,True
.test_1_selenium_edit_page,Total:2988 Passed:2988 Failed:0
1624543889608,754,selenium_create_comment:write_comment,Success,True
1624543889739,130,selenium_create_comment:save_comment,Success,True
1624543889739,1186,selenium_create_comment,Success,True
.test_1_selenium_create_comment,Total:2989 Passed:2989 Failed:0
1624543890203,462,selenium_view_blog,Success,True
.test_1_selenium_view_blog,Total:2990 Passed:2990 Failed:0
1624543890425,221,selenium_view_dashboard,Success,True
.test_1_selenium_view_dashboard,Total:2991 Passed:2991 Failed:0
1624543890529,102,selenium_log_out,Success,True
.test_2_selenium_z_log_out,Total:2992 Passed:2992 Failed:0


=============================== warnings summary ===============================
../../usr/local/lib/python3.8/dist-packages/_pytest/config/__init__.py:1114
  /usr/local/lib/python3.8/dist-packages/_pytest/config/__init__.py:1114: PytestAssertRewriteWarning: Module already imported so cannot be rewritten: apiritif
    self._mark_plugins_for_rewrite(hook)

-- Docs: https://docs.pytest.org/en/stable/warnings.html
========================= 8 passed, 1 warning in 7.01s =========================
============================= test session starts ==============================
platform linux -- Python 3.8.5, pytest-6.2.3, py-1.10.0, pluggy-0.13.1
rootdir: /dc-app-performance-toolkit/app
plugins: apiritif-0.9.6
collected 8 items

selenium_ui/confluence_ui.py get driver from global
clear browser cookies
node_id:36057380
1624543890714,121,selenium_login:open_login_page,Success,True
1624543891055,271,selenium_login:login_and_view_dashboard,Success,True
1624543891055,462,selenium_login,Success,True
.test_0_selenium_a_login,Total:2993 Passed:2993 Failed:0
1624543891390,305,selenium_view_page,Success,True
.test_1_selenium_view_page,Total:2994 Passed:2994 Failed:0
1624543892087,695,selenium_create_page:open_create_page_editor,Success,True
1624543892770,564,selenium_create_page:save_created_page,Success,True
1624543892770,1378,selenium_create_page,Success,True
.test_1_selenium_create_page,Total:2995 Passed:2995 Failed:0
1624543893761,989,selenium_edit_page:open_create_page_editor,Success,True
1624543894452,672,selenium_edit_page:save_edited_page,Success,True
1624543894452,1681,selenium_edit_page,Success,True
.test_1_selenium_edit_page,Total:2996 Passed:2996 Failed:0
1624543895440,719,selenium_create_comment:write_comment,Success,True
1624543895572,131,selenium_create_comment:save_comment,Success,True
1624543895572,1118,selenium_create_comment,Success,True
.test_1_selenium_create_comment,Total:2997 Passed:2997 Failed:0
1624543896206,632,selenium_view_blog,Success,True
.test_1_selenium_view_blog,Total:2998 Passed:2998 Failed:0
1624543896439,231,selenium_view_dashboard,Success,True
.test_1_selenium_view_dashboard,Total:2999 Passed:2999 Failed:0
1624543896544,103,selenium_log_out,Success,True
.test_2_selenium_z_log_out,Total:3000 Passed:3000 Failed:0


=============================== warnings summary ===============================
../../usr/local/lib/python3.8/dist-packages/_pytest/config/__init__.py:1114
  /usr/local/lib/python3.8/dist-packages/_pytest/config/__init__.py:1114: PytestAssertRewriteWarning: Module already imported so cannot be rewritten: apiritif
    self._mark_plugins_for_rewrite(hook)

-- Docs: https://docs.pytest.org/en/stable/warnings.html
========================= 8 passed, 1 warning in 5.98s =========================
============================= test session starts ==============================
platform linux -- Python 3.8.5, pytest-6.2.3, py-1.10.0, pluggy-0.13.1
rootdir: /dc-app-performance-toolkit/app
plugins: apiritif-0.9.6
collected 8 items

selenium_ui/confluence_ui.py get driver from global
clear browser cookies
node_id:36057380
1624543896728,120,selenium_login:open_login_page,Success,True
1624543897049,251,selenium_login:login_and_view_dashboard,Success,True
1624543897049,442,selenium_login,Success,True
.test_0_selenium_a_login,Total:3001 Passed:3001 Failed:0
1624543897378,312,selenium_view_page,Success,True
.test_1_selenium_view_page,Total:3002 Passed:3002 Failed:0
1624543897983,603,selenium_create_page:open_create_page_editor,Success,True
1624543898685,600,selenium_create_page:save_created_page,Success,True
1624543898685,1306,selenium_create_page,Success,True
.test_1_selenium_create_page,Total:3003 Passed:3003 Failed:0
1624543899630,943,selenium_edit_page:open_create_page_editor,Success,True
1624543900378,728,selenium_edit_page:save_edited_page,Success,True
1624543900378,1691,selenium_edit_page,Success,True
.test_1_selenium_edit_page,Total:3004 Passed:3004 Failed:0
1624543901257,611,selenium_create_comment:write_comment,Success,True
1624543901389,131,selenium_create_comment:save_comment,Success,True
1624543901389,1009,selenium_create_comment,Success,True
.test_1_selenium_create_comment,Total:3005 Passed:3005 Failed:0
1624543901866,476,selenium_view_blog,Success,True
.test_1_selenium_view_blog,Total:3006 Passed:3006 Failed:0
1624543902098,230,selenium_view_dashboard,Success,True
.test_1_selenium_view_dashboard,Total:3007 Passed:3007 Failed:0
1624543902212,112,selenium_log_out,Success,True
.test_2_selenium_z_log_out,Total:3008 Passed:3008 Failed:0


=============================== warnings summary ===============================
../../usr/local/lib/python3.8/dist-packages/_pytest/config/__init__.py:1114
  /usr/local/lib/python3.8/dist-packages/_pytest/config/__init__.py:1114: PytestAssertRewriteWarning: Module already imported so cannot be rewritten: apiritif
    self._mark_plugins_for_rewrite(hook)

-- Docs: https://docs.pytest.org/en/stable/warnings.html
========================= 8 passed, 1 warning in 5.63s =========================
============================= test session starts ==============================
platform linux -- Python 3.8.5, pytest-6.2.3, py-1.10.0, pluggy-0.13.1
rootdir: /dc-app-performance-toolkit/app
plugins: apiritif-0.9.6
collected 8 items

selenium_ui/confluence_ui.py get driver from global
clear browser cookies
node_id:36057380
1624543902388,114,selenium_login:open_login_page,Success,True
1624543902759,298,selenium_login:login_and_view_dashboard,Success,True
1624543902759,486,selenium_login,Success,True
.test_0_selenium_a_login,Total:3009 Passed:3009 Failed:0
1624543903239,452,selenium_view_page,Success,True
.test_1_selenium_view_page,Total:3010 Passed:3010 Failed:0
1624543903834,593,selenium_create_page:open_create_page_editor,Success,True
1624543904537,597,selenium_create_page:save_created_page,Success,True
1624543904537,1296,selenium_create_page,Success,True
.test_1_selenium_create_page,Total:3011 Passed:3011 Failed:0
1624543905570,1031,selenium_edit_page:open_create_page_editor,Success,True
1624543906253,663,selenium_edit_page:save_edited_page,Success,True
1624543906253,1715,selenium_edit_page,Success,True
.test_1_selenium_edit_page,Total:3012 Passed:3012 Failed:0
1624543906900,240,selenium_create_comment:write_comment,Success,True
1624543907030,130,selenium_create_comment:save_comment,Success,True
1624543907030,775,selenium_create_comment,Success,True
.test_1_selenium_create_comment,Total:3013 Passed:3013 Failed:0
1624543907611,579,selenium_view_blog,Success,True
.test_1_selenium_view_blog,Total:3014 Passed:3014 Failed:0
1624543907883,270,selenium_view_dashboard,Success,True
.test_1_selenium_view_dashboard,Total:3015 Passed:3015 Failed:0
1624543907996,111,selenium_log_out,Success,True
.test_2_selenium_z_log_out,Total:3016 Passed:3016 Failed:0


=============================== warnings summary ===============================
../../usr/local/lib/python3.8/dist-packages/_pytest/config/__init__.py:1114
  /usr/local/lib/python3.8/dist-packages/_pytest/config/__init__.py:1114: PytestAssertRewriteWarning: Module already imported so cannot be rewritten: apiritif
    self._mark_plugins_for_rewrite(hook)

-- Docs: https://docs.pytest.org/en/stable/warnings.html
========================= 8 passed, 1 warning in 5.75s =========================
============================= test session starts ==============================
platform linux -- Python 3.8.5, pytest-6.2.3, py-1.10.0, pluggy-0.13.1
rootdir: /dc-app-performance-toolkit/app
plugins: apiritif-0.9.6
collected 8 items

selenium_ui/confluence_ui.py get driver from global
clear browser cookies
node_id:36057380
1624543908181,120,selenium_login:open_login_page,Success,True
1624543908520,268,selenium_login:login_and_view_dashboard,Success,True
1624543908520,459,selenium_login,Success,True
.test_0_selenium_a_login,Total:3017 Passed:3017 Failed:0
1624543909005,456,selenium_view_page,Success,True
.test_1_selenium_view_page,Total:3018 Passed:3018 Failed:0
1624543909671,664,selenium_create_page:open_create_page_editor,Success,True
1624543910378,606,selenium_create_page:save_created_page,Success,True
1624543910378,1371,selenium_create_page,Success,True
.test_1_selenium_create_page,Total:3019 Passed:3019 Failed:0
1624543912616,2236,selenium_edit_page:open_create_page_editor,Success,True
1624543913505,869,selenium_edit_page:save_edited_page,Success,True
1624543913505,3125,selenium_edit_page,Success,True
.test_1_selenium_edit_page,Total:3020 Passed:3020 Failed:0
1624543914725,794,selenium_create_comment:write_comment,Success,True
1624543915390,664,selenium_create_comment:save_comment,Success,True
1624543915390,1883,selenium_create_comment,Success,True
.test_1_selenium_create_comment,Total:3021 Passed:3021 Failed:0
1624543916624,1233,selenium_view_blog,Success,True
.test_1_selenium_view_blog,Total:3022 Passed:3022 Failed:0
1624543916900,274,selenium_view_dashboard,Success,True
.test_1_selenium_view_dashboard,Total:3023 Passed:3023 Failed:0
1624543917010,108,selenium_log_out,Success,True
.test_2_selenium_z_log_out,Total:3024 Passed:3024 Failed:0


=============================== warnings summary ===============================
../../usr/local/lib/python3.8/dist-packages/_pytest/config/__init__.py:1114
  /usr/local/lib/python3.8/dist-packages/_pytest/config/__init__.py:1114: PytestAssertRewriteWarning: Module already imported so cannot be rewritten: apiritif
    self._mark_plugins_for_rewrite(hook)

-- Docs: https://docs.pytest.org/en/stable/warnings.html
========================= 8 passed, 1 warning in 8.98s =========================
